@ GetLLMVersion %s "V3.0.0 Dev"
@ Command %s "/afs/cern.ch/work/o/omc/anaconda/bin/python '/home/jdilly/link_betabeat/GetLLM/GetLLM.py' '--accel=LHCB1' '--model=/home/jdilly/link_gui_out/2018-10-19/models/LHCB1/b1_flat_60_15cm/twiss.dat' '--files=/home/jdilly/link_gui_out/2018-10-19/LHCB1/Measurements/Beam1@Turn@2018_06_12@12_45_48_655/Beam1@Turn@2018_06_12@12_45_48_655.sdds.clean,/home/jdilly/link_gui_out/2018-10-19/LHCB1/Measurements/Beam1@Turn@2018_06_12@12_49_06_114/Beam1@Turn@2018_06_12@12_49_06_114.sdds.clean,/home/jdilly/link_gui_out/2018-10-19/LHCB1/Measurements/Beam1@Turn@2018_06_12@12_50_35_322/Beam1@Turn@2018_06_12@12_50_35_322.sdds.clean,/home/jdilly/link_gui_out/2018-10-19/LHCB1/Measurements/Beam1@Turn@2018_06_12@12_51_46_303/Beam1@Turn@2018_06_12@12_51_46_303.sdds.clean' '--output=/home/jdilly/link_gui_out/2018-10-19/LHCB1/Results/b1_18md2148_after_global_correction' '--tbtana=SUSSIX' '--bpmu=mm' '--lhcphase=0' '--errordefs=/home/jdilly/link_gui_out/2018-10-19/models/LHCB1/b1_flat_60_15cm/error_deff.txt' '--calibration=/afs/cern.ch/eng/sl/lintrack/LHC_commissioning2017/Calibration_factors_2017/Calibration_factors_2017_beam1' '--range=11'"
@ CWD %s "/media/jdilly/Storage/Repositories/BetaBeatGui/lhc-app-beta-beating"
@ Date %s "19. October 2018, 15:15:25"
@ TABLE %s "ORBIT"
@ TYPE %s "ORBIT"
@ SEQUENCE %s "LHCB1"
@ Q1 %le 0.26855226695906437
@ Q2 %le 0.3242188203187251
@ FILES %s "/home/jdilly/link_gui_out/2018-10-19/LHCB1/Measurements/Beam1@Turn@2018_06_12@12_45_48_655/Beam1@Turn@2018_06_12@12_45_48_655.sdds.clean_liny,/home/jdilly/link_gui_out/2018-10-19/LHCB1/Measurements/Beam1@Turn@2018_06_12@12_49_06_114/Beam1@Turn@2018_06_12@12_49_06_114.sdds.clean_liny,/home/jdilly/link_gui_out/2018-10-19/LHCB1/Measurements/Beam1@Turn@2018_06_12@12_50_35_322/Beam1@Turn@2018_06_12@12_50_35_322.sdds.clean_liny,/home/jdilly/link_gui_out/2018-10-19/LHCB1/Measurements/Beam1@Turn@2018_06_12@12_51_46_303/Beam1@Turn@2018_06_12@12_51_46_303.sdds.clean_liny"
*                 NAME                    S                COUNT                    Y                 STDY                 YMDL               MUYMDL
$                   %s                  %le                  %le                  %le                  %le                  %le                  %le
        "BPMYB.5L2.B1"               28.288                    4         -0.328550125     0.01071358643602                    0        0.08855800618
        "BPMYB.4L2.B1"               48.858                    4          -0.41047085    0.007888650071637                    0         0.1361231422
        "BPMWI.4L2.B1"              73.3255                    4         -0.250540675     0.01427971915593                    0         0.1710485553
        "BPMSX.4L2.B1"             123.4825                    4          -0.14398015    0.005001077076263                    0         0.2525978349
         "BPMS.2L2.B1"              161.394                    4         -0.153159075    0.002407740107879                    0         0.2961748358
        "BPMSW.1L2.B1"              171.328                    4            0.2325795     0.00247305973143                    0          0.314123393
        "BPMSW.1R2.B1"              214.518                    4            1.6247415    0.004079623175079                    0         0.6758516551
         "BPMS.2R2.B1"              224.452                    4             1.119363    0.006530394857893                    0         0.6993376173
        "BPMSX.4R2.B1"             262.3635                    4         -0.109730575    0.007896784981377                    0         0.7498546524
        "BPMWB.4R2.B1"             312.5965                    4         -0.233754175    0.008162126230775                    0         0.8191182217
        "BPMYB.4R2.B1"              336.988                    4         -0.235581925    0.003239668827535                    0         0.8703234684
         "BPMR.5R2.B1"              366.522                    4           0.13420155    0.002723838009632                    0          0.907307987
          "BPM.6R2.B1"              439.818                    4          -0.38229565     0.00933626219655                    0          1.164391255
        "BPM_A.7R2.B1"              452.693                    4           -0.1212953     0.01009307044438                    0          1.194005784
          "BPM.8R2.B1"               494.13                    4           0.36683715    0.005230887659158                    0          1.284055314
          "BPM.9R2.B1"              533.195                    4           0.08657413    0.006581774320179                    0          1.387420369
         "BPM.10R2.B1"              573.658                    4         -0.068398905    0.004648385535231                    0          1.483461849
         "BPM.11R2.B1"             625.4967                    4          -0.12813655    0.008883428048491                    0          1.618551665
         "BPM.12R2.B1"             680.2203                    4          0.169461875    0.002681861278497                    0          1.736909777
         "BPM.13R2.B1"             733.6688                    4           -0.1213075    0.005402908811022                    0          1.879878825
         "BPM.14R2.B1"             787.1173                    4         -0.096563035    0.003777808783401                    0          1.991433253
         "BPM.15R2.B1"             840.5658                    4          -0.15161615    0.003638348807181                    0          2.123277451
         "BPM.16R2.B1"             894.0143                    4          0.299397225    0.005461275870353                    0          2.230569495
         "BPM.17R2.B1"             947.4628                    4          -0.04112634    0.002998959869558                    0          2.358301067
         "BPM.18R2.B1"             1000.911                    4          0.134113675    0.004823080299155                    0          2.469356186
         "BPM.19R2.B1"              1054.36                    4       -0.01726567475    0.006659340059984                    0          2.601800592
         "BPM.20R2.B1"             1107.808                    4           0.26592715    0.004107956072395                    0          2.709630542
         "BPM.21R2.B1"             1161.257                    4          -0.34106465    0.006690494530507                    0          2.836877299
         "BPM.22R2.B1"             1214.705                    4          0.351441775    0.003112498711981                    0          2.947307648
         "BPM.23R2.B1"             1268.154                    4        -0.0684266925    0.006529084002633                    0          3.079251396
         "BPM.24R2.B1"             1321.602                    4          -0.28555985    0.004463213911828                    0          3.190573576
         "BPM.25R2.B1"             1375.051                    4        0.00659436625    0.002085971580366                    0          3.322840696
         "BPM.26R2.B1"             1428.499                    4            0.3518583    0.001658956456709                    0          3.433295904
         "BPM.27R2.B1"             1481.948                    4         -0.031597275     0.00213294400666                    0          3.565151739
         "BPM.28R2.B1"             1535.397                    4       -0.01449009275    0.004921512704808                    0          3.676442098
         "BPM.29R2.B1"             1588.845                    4          -0.20370565    0.001724582264703                    0          3.808794324
         "BPM.30R2.B1"             1642.294                    4        -0.0684028325    0.002090221934817                    0          3.919287442
         "BPM.31R2.B1"             1695.742                    4            0.1360891    0.002712089916508                    0          4.051062518
         "BPM.32R2.B1"             1749.191                    4         -0.478603275    0.006208102620536                    0          4.162308249
         "BPM.33R2.B1"             1802.639                    4          0.294432375    0.004492408151773                    0          4.294737246
         "BPM.34R2.B1"             1856.088                    4          -0.14841475     0.00716429360319                    0          4.405280339
         "BPM.33L3.B1"             1909.536                    4          0.050212915    0.004504039404273                    0          4.536984303
         "BPM.32L3.B1"             1962.985                    4            0.3754698    0.002827414646845                    0          4.648174017
         "BPM.31L3.B1"             2016.433                    4          -0.28559385    0.004142620910451                    0          4.780669029
         "BPM.30L3.B1"             2069.882                    4        -0.0624492475    0.004306610064853                    0          4.891272628
         "BPM.29L3.B1"              2123.33                    4        -0.0717705825    0.004014015349652                    0          5.022917322
         "BPM.27L3.B1"             2230.227                    4         0.0530274025    0.005021293213027                    0          5.266589587
         "BPM.26L3.B1"             2283.676                    4        -0.0625583525    0.003306865985989                    0          5.377262364
         "BPM.25L3.B1"             2337.124                    4          0.113486325    0.006204980272096                    0          5.508861448
         "BPM.24L3.B1"             2390.573                    4           -0.2114735    0.005011636126577                    0          5.619912345
         "BPM.23L3.B1"             2444.021                    4           -0.1797369     0.01211190983847                    0          5.752499183
         "BPM.22L3.B1"              2497.47                    4           0.29503135    0.006886706787915                    0          5.863247676
         "BPM.21L3.B1"             2550.918                    4        -0.0644622775     0.01606997099487                    0          5.994816213
         "BPM.20L3.B1"             2604.367                    4         -0.301883325    0.006803379665439                    0          6.102126593
         "BPM.19L3.B1"             2657.815                    4          0.017729825    0.005114273206795                    0          6.230129711
         "BPM.18L3.B1"             2711.264                    4           0.40888045    0.005896158901157                    0          6.341205367
         "BPM.17L3.B1"             2764.712                    4         -0.013735678    0.002299059097566                    0          6.473373222
         "BPM.16L3.B1"             2818.161                    4          0.131117425    0.005419991128415                    0          6.581158841
         "BPM.14L3.B1"             2925.058                    4        -0.0210791475     0.00606791839629                    0          6.819180627
         "BPM.13L3.B1"             2978.506                    4          -0.17764535     0.01023642051709                    0           6.95178512
         "BPM.12L3.B1"             3031.955                    4            0.3327862    0.007774722893148                    0          7.066205317
         "BPM.11L3.B1"             3085.403                    4        -0.0371581475     0.01236370331361                    0          7.198605269
         "BPM.10L3.B1"             3138.184                    4        -0.0328683125    0.006666910066867                    0          7.306443682
          "BPM.8L3.B1"             3217.712                    4           0.09794214     0.01059779776761                    0          7.590274043
          "BPM.7L3.B1"             3256.776                    4         0.0969174875    0.007075253073805                    0          7.763797655
          "BPM.6L3.B1"             3329.415                    4         -0.976276025    0.006082271743119                    0          7.882916921
       "BPMWG.A5L3.B1"              3371.12                    4          0.438959575    0.008922299106012                    0          7.929563205
         "BPMW.5L3.B1"              3400.09                    4            -0.187817    0.003203698291073                    0          7.945128375
        "BPMWE.4L3.B1"             3475.218                    4        -0.0911895725    0.005258974966135                    0          8.018492614
         "BPMW.4L3.B1"             3502.763                    4            -0.397214    0.005901310035085                    0          8.064176702
         "BPMW.4R3.B1"             3547.728                    4          -0.15005025    0.005626184794576                    0          8.099402922
        "BPMWE.4R3.B1"             3575.273                    4        -0.0082598645    0.005023639746969                    0          8.110723051
         "BPMW.5R3.B1"             3650.401                    4          0.608821775    0.002379184420571                    0          8.184310593
       "BPMWJ.A5R3.B1"             3679.119                    4           0.40633165    0.007883995662906                    0          8.247758023
        "BPMWC.6R3.B1"             3718.937                    4            0.7434221    0.004893785019823                    0          8.292692564
         "BPMR.6R3.B1"             3731.015                    4          -0.59203185    0.006463064760832                    0          8.300356585
        "BPM_A.7R3.B1"             3786.839                    4         -0.159270375    0.006197963942062                    0          8.371699857
          "BPM.8R3.B1"             3825.903                    4             0.235931    0.007424194963443                    0          8.433546996
         "BPM.10R3.B1"             3905.431                    4            0.4784176    0.009833331756592                    0          8.549471824
         "BPM.11R3.B1"             3958.212                    4         -0.285894275    0.008389519715819                    0          8.651427459
         "BPM.12R3.B1"             4012.935                    4        -0.1084733325    0.009423068838409                    0          8.773665395
         "BPM.13R3.B1"             4066.384                    4          -0.13046995    0.002652907787263                    0          8.888388819
         "BPM.14R3.B1"             4119.833                    4             0.181534    0.003213219212912                    0           9.01887304
         "BPM.15R3.B1"             4173.281                    4         -0.383001475    0.002154362319123                    0          9.125666276
         "BPM.17R3.B1"             4280.178                    4          0.106266925    0.005588188929527                    0          9.366385875
         "BPM.19R3.B1"             4387.075                    4         -0.377745525    0.003701756875068                    0          9.604695569
         "BPM.20R3.B1"             4440.524                    4          -0.12344805     0.01244690175155                    0          9.732954037
         "BPM.21R3.B1"             4493.972                    4          0.218314575     0.00578841561717                    0          9.844333873
         "BPM.22R3.B1"             4547.421                    4         -0.204023475     0.01003941911204                    0          9.976278101
         "BPM.23R3.B1"             4600.869                    4          0.492520425    0.003873174381187                    0          10.08740719
         "BPM.24R3.B1"             4654.318                    4        -0.0329186125    0.007869406091618                    0          10.21965609
         "BPM.25R3.B1"             4707.766                    4        -0.0594645625     0.00369561237286                    0          10.33030201
         "BPM.26R3.B1"             4761.215                    4          0.434182775    0.004689528982437                    0           10.4621964
         "BPM.27R3.B1"             4814.663                    4         0.0510037775    0.003487929570847                    0          10.57329814
         "BPM.28R3.B1"             4868.112                    4        -0.0396210625     0.00882861393002                    0          10.70559346
         "BPM.29R3.B1"              4921.56                    4          0.056231005    0.004631603309983                    0           10.8162701
         "BPM.30R3.B1"             4975.009                    4           0.06473673    0.003231726301649                    0          10.94812139
         "BPM.31R3.B1"             5028.457                    4          -0.45609745    0.002472172564314                    0          11.05918889
         "BPM.32R3.B1"             5081.906                    4          0.320453025    0.007187349742576                    0          11.19152405
         "BPM.33R3.B1"             5135.354                    4           -0.5446403    0.005737970854337                    0          11.30223777
         "BPM.34R3.B1"             5188.803                    4          0.277218175    0.007113529467297                    0          11.43405322
         "BPM.33L4.B1"             5242.251                    4        -0.0613490475    0.005663788530029                    0          11.54508067
         "BPM.32L4.B1"               5295.7                    4           0.11955495    0.003047778655467                    0          11.67744782
         "BPM.31L4.B1"             5349.148                    4         -0.717405625    0.004761835771218                    0          11.78820384
         "BPM.30L4.B1"             5402.597                    4          -0.02588675    0.002934211091864                    0           11.9199918
         "BPM.29L4.B1"             5456.045                    4          0.167366075    0.004331354411392                    0          12.03097465
         "BPM.27L4.B1"             5562.942                    4        -0.0901517025    0.006609300686225                    0          12.27416718
         "BPM.26L4.B1"             5616.391                    4           0.02893728     0.00221593699146                    0          12.40593684
         "BPM.25L4.B1"             5669.839                    4           0.35176545    0.003217482839536                    0          12.51687194
         "BPM.24L4.B1"             5723.288                    4        -0.0616794275    0.002759325173587                    0          12.64927577
         "BPM.23L4.B1"             5776.736                    4          0.057325635    0.003229979393502                    0          12.76012672
         "BPM.22L4.B1"             5830.185                    4         -0.175218425    0.005924255236913                    0          12.89188787
         "BPM.21L4.B1"             5883.634                    4         -0.108541975    0.004543311566698                    0          13.00277354
         "BPM.20L4.B1"             5937.082                    4          0.170430275    0.003746778988958                    0          13.13609849
         "BPM.19L4.B1"             5990.531                    4          -0.03673872    0.001601700668062                    0          13.24416568
         "BPM.18L4.B1"             6043.979                    4          0.113499975    0.001711075073482                    0          13.37060658
         "BPM.17L4.B1"             6097.428                    4         -0.188187025    0.002322280351744                    0          13.48066812
         "BPM.15L4.B1"             6204.325                    4          0.325904575    0.003957056861117                    0          13.72321903
         "BPM.14L4.B1"             6257.773                    4         -0.209546175    0.004009880240994                    0          13.84948823
         "BPM.13L4.B1"             6311.222                    4         -0.149112975   0.0008779776404279                    0          13.95867855
         "BPM.12L4.B1"              6364.67                    4           -0.0863406    0.005408504650707                    0          14.08865561
         "BPM.11L4.B1"             6418.119                    4          0.703410825     0.01561965709009                    0          14.20999933
         "BPM.10L4.B1"             6469.957                    4           0.14871065    0.005112131266187                    0          14.35390428
          "BPM.9L4.B1"             6509.022                    4          -0.19267525    0.002520002835857                    0          14.42383791
          "BPM.8L4.B1"             6549.485                    4         -0.230335325    0.001215489496907                    0          14.53271217
          "BPM.7L4.B1"             6588.549                    4            0.5428851    0.001378980063382                    0          14.59636101
        "BPMYB.6L4.B1"             6685.153                    4           0.21323045     0.00790902403794                    0          14.68626315
        "BPMYA.5L4.B1"             6722.153                    4          0.292744425    0.006096214371404                    0          14.70177213
       "BPMWI.A5L4.B1"             6798.756                    4          -2.17325975    0.006606505785082                    0          14.75796622
       "BPMWA.B5L4.B1"              6824.62                    4         -0.234428125     0.00274913812987                    0          14.77675839
       "BPMWA.A5L4.B1"             6833.505                    4         -0.511337275    0.007930980557097                    0          14.78301774
       "BPMWA.A5R4.B1"             6881.554                    4         -0.561581875    0.003003845364202                    0          14.81435022
       "BPMWA.B5R4.B1"             6890.439                    4         -0.293508525    0.006945288918547                    0          14.81960816
        "BPMYB.5R4.B1"             6992.829                    4         0.0721151175    0.007604533119376                    0          14.86779657
        "BPMYA.6R4.B1"             7024.393                    4           0.77829005   0.0007312685708721                    0          14.88736674
          "BPM.7R4.B1"             7120.909                    4          -0.18949905    0.002612769808596                    0          14.99360982
          "BPM.8R4.B1"             7158.698                    4        -0.0896291625   0.0008535307245716                    0          15.06213948
          "BPM.9R4.B1"             7197.763                    4         -0.559730625    0.002534772046373                    0          15.14311059
         "BPM.10R4.B1"             7238.226                    4          0.239135175    0.001836942272392                    0          15.25217301
         "BPM.11R4.B1"             7290.065                    4         0.0678993075     0.00224582308378                    0          15.48350174
         "BPM.12R4.B1"             7344.789                    4          -0.02992599    0.004740692322327                    0          15.58191562
         "BPM.13R4.B1"             7398.237                    4         -0.131848875      0.0120022741169                    0          15.69994934
         "BPM.14R4.B1"             7451.686                    4         -0.194888925    0.003423849286562                    0          15.81363578
         "BPM.15R4.B1"             7505.134                    4         -0.038206725    0.003847262351217                    0          15.94928263
         "BPM.16R4.B1"             7558.583                    4         -0.084480535    0.002965568057067                    0           16.0632623
         "BPM.17R4.B1"             7612.031                    4          0.126145675    0.004525189333839                    0          16.19991253
         "BPM.18R4.B1"              7665.48                    4           -0.2168507    0.001627959792261                    0          16.31359986
         "BPM.19R4.B1"             7718.928                    4          0.280521675    0.003087841322358                    0          16.44924664
         "BPM.20R4.B1"             7772.377                    4         -0.271610125    0.004926229638079                    0          16.56322611
         "BPM.21R4.B1"             7825.825                    4        -0.0425546475    0.003487354765354                    0          16.69987641
         "BPM.22R4.B1"             7879.274                    4           0.35714915      0.0017589026729                    0          16.81356394
         "BPM.23R4.B1"             7932.722                    4          -0.09435693    0.005522908566523                    0          16.94921064
         "BPM.24R4.B1"             7986.171                    4          -0.20455505    0.004412751043593                    0          17.06318991
         "BPM.25R4.B1"             8039.619                    4          0.204396775    0.007231404506187                    0          17.19984029
         "BPM.26R4.B1"             8093.068                    4        -0.0026058546    0.002207757757725                    0          17.31352802
         "BPM.27R4.B1"             8146.516                    4         0.0597157125    0.004953833195818                    0          17.44917464
         "BPM.28R4.B1"             8199.965                    4          0.530493275    0.004315917143221                    0          17.56315372
         "BPM.29R4.B1"             8253.413                    4            0.1904942    0.002977143862871                    0          17.69980417
         "BPM.30R4.B1"             8306.862                    4          -1.00262345    0.005573633762894                    0           17.8134921
         "BPM.32R4.B1"             8413.759                    4           0.21182345    0.002526204011501                    0          18.06311752
         "BPM.33R4.B1"             8467.208                    4         -0.112708625    0.002299515986484                    0          18.19976806
         "BPM.34R4.B1"             8520.656                    4          0.148686475    0.003068610491264                    0          18.31345618
         "BPM.33L5.B1"             8574.105                    4         -0.019245895    0.006137455823608                    0          18.44910265
         "BPM.32L5.B1"             8627.553                    4          0.220810225     0.00586216492152                    0          18.56308133
         "BPM.31L5.B1"             8681.002                    4        -0.0373059375    0.003323324688101                    0          18.69973194
         "BPM.30L5.B1"              8734.45                    4         0.0933015775    0.001070339728328                    0          18.81342026
         "BPM.29L5.B1"             8787.899                    4         -0.262931925    0.005168993183116                    0          18.94906665
         "BPM.28L5.B1"             8841.347                    4          0.257724825    0.003739185962492                    0          19.06304514
         "BPM.27L5.B1"             8894.796                    4        -0.0731784575    0.003045128732614                    0          19.19969582
         "BPM.26L5.B1"             8948.244                    4            0.1501555    0.002010603500251                    0          19.31338434
         "BPM.25L5.B1"             9001.693                    4          0.111445325    0.007506257763499                    0          19.44903066
         "BPM.24L5.B1"             9055.141                    4         -0.117029775    0.006055882470548                    0          19.56300894
         "BPM.22L5.B1"             9162.038                    4         -0.263657275    0.001092333857893                    0          19.81334842
         "BPM.21L5.B1"             9215.487                    4           0.07142454    0.009906959718477                    0          19.94899466
         "BPM.20L5.B1"             9268.935                    4          0.069009785    0.004809192022497                    0          20.06297275
         "BPM.19L5.B1"             9322.384                    4       0.009137664435     0.00850204453503                    0          20.19962358
         "BPM.18L5.B1"             9375.832                    4          0.123973425    0.007151433466942                    0           20.3133125
         "BPM.17L5.B1"             9429.281                    4          0.100031025     0.00466252438407                    0          20.44895867
         "BPM.16L5.B1"             9482.729                    4           0.14406985    0.002760877536712                    0          20.56293655
         "BPM.15L5.B1"             9536.178                    4         -0.021593225    0.004689863655208                    0          20.69958747
         "BPM.14L5.B1"             9589.626                    4        -0.0648915725    0.004093028735862                    0          20.81327657
         "BPM.13L5.B1"             9643.075                    4         -0.079353255    0.006107211926816                    0          20.94892267
         "BPM.12L5.B1"             9696.523                    4          0.261889125    0.004934772418977                    0          21.05716565
         "BPM.11L5.B1"             9749.972                    4         -0.114873025    0.006570498674918                    0          21.18643106
         "BPM.10L5.B1"             9802.753                    4          0.219868225    0.003464099500894                    0          21.28979788
          "BPM.9L5.B1"             9841.818                    4         -0.096656005     0.01031932949482                    0          21.38324632
          "BPM.8L5.B1"             9882.281                    4            0.4856684    0.004356684063054                    0          21.52511536
         "BPMR.7L5.B1"             9921.347                    4          0.138031075     0.01349814468703                    0          21.73458971
         "BPMR.5L5.B1"             9990.141                    4         -0.357144125     0.00811625889694                    0            22.141753
        "BPMWB.4L5.B1"             10038.68                    4          -0.16062095    0.007410216267608                    0           22.1793548
        "BPMSY.4L5.B1"             10131.46                    4         -0.652363825    0.009731135929172                    0           22.1901396
         "BPMS.2L5.B1"             10158.25                    4          -1.52879075     0.00592767919918                    0          22.19263064
        "BPMSW.1L5.B1"             10168.21                    4          0.278150775    0.002367935152641                    0          22.19424558
         "BPMS.2R5.B1"              10221.3                    4           2.41942375     0.01374259475817                    0          22.68662948
        "BPMSY.4R5.B1"             10248.09                    4         -0.358490025    0.005579146011903                    0          22.68833853
        "BPMWB.4R5.B1"             10340.87                    4          0.409390775    0.006625312392042                    0          22.69995471
        "BPMYA.4R5.B1"                10362                    4          0.635536675     0.00477687919118                    0          22.70370478
          "BPM.5R5.B1"             10383.12                    4         0.0207814575    0.008333524094385                    0          22.70947199
         "BPMR.6R5.B1"             10415.02                    4         0.0594809425    0.004153443925538                    0          22.72654267
          "BPM.8R5.B1"             10490.47                    4          0.195388175    0.002320818324878                    0          22.94671101
          "BPM.9R5.B1"             10529.54                    4         -0.202963325     0.00458717386929                    0          23.05594365
         "BPM.10R5.B1"             10570.01                    4         0.0867596575    0.004353165756353                    0          23.16111853
         "BPM.11R5.B1"             10622.79                    4         -0.115138075    0.004639310431745                    0          23.28430865
         "BPM.12R5.B1"             10677.51                    4       -0.00709665125    0.003069487075677                    0          23.45000046
         "BPM.14R5.B1"             10784.42                    4          0.141721775    0.001874022391035                    0          23.70078915
         "BPM.17R5.B1"             10944.77                    4            -0.490925    0.004982272896496                    0          24.06413046
         "BPM.18R5.B1"             10998.22                    4         0.0771670725    0.004125065340081                    0          24.20078915
         "BPM.19R5.B1"             11051.68                    4         -0.220467675    0.003929297548177                    0          24.31447939
         "BPM.20R5.B1"             11105.13                    4         0.0791900375    0.004437018184979                    0          24.45013835
         "BPM.23R5.B1"             11265.48                    4           -0.3569268    0.003637598164341                    0          24.81447939
         "BPM.24R5.B1"             11318.93                    4          -0.18939585    0.002976522970301                    0          24.95013835
         "BPM.25R5.B1"             11372.38                    4          -0.37046235    0.002304896553577                    0          25.06413046
         "BPM.26R5.B1"             11425.84                    4        -0.0420172675    0.002155945810587                    0          25.20078915
         "BPM.27R5.B1"             11479.29                    4           0.17870235    0.002921200452334                    0          25.31447939
         "BPM.28R5.B1"             11532.74                    4         -0.308958125    0.004952408817142                    0          25.45013835
         "BPM.29R5.B1"             11586.19                    4          -0.41296235    0.004136939862112                    0          25.56413046
         "BPM.30R5.B1"             11639.64                    4             0.178897    0.002368867373921                    0          25.70078915
         "BPM.31R5.B1"             11693.09                    4          -0.03965549    0.003246086109759                    0          25.81447939
         "BPM.32R5.B1"             11746.54                    4         0.0047538585    0.005946997351576                    0          25.95013835
         "BPM.33R5.B1"                11800                    4            0.1289432    0.004581193570481                    0          26.06413046
         "BPM.34R5.B1"             11853.45                    4           -0.1780304    0.001934342411576                    0          26.20078915
         "BPM.33L6.B1"              11906.9                    4          0.291700175    0.001515206539416                    0          26.31447939
         "BPM.32L6.B1"             11960.35                    4          -0.07783832    0.001667106310938                    0          26.45013835
         "BPM.30L6.B1"             12067.25                    4         -0.155962525    0.001662891957432                    0          26.70078915
         "BPM.29L6.B1"              12120.7                    4          0.352277325    0.004486458078161                    0          26.81447939
         "BPM.28L6.B1"             12174.16                    4         0.0708383175    0.002245508234418                    0          26.95013835
         "BPM.27L6.B1"             12227.61                    4           0.05720242    0.006954239820503                    0          27.06413046
         "BPM.26L6.B1"             12281.06                    4          0.104022325    0.003497205018596                    0          27.20078915
         "BPM.25L6.B1"             12334.51                    4         -0.419514525    0.003516566147126                    0          27.31447939
         "BPM.24L6.B1"             12387.96                    4          0.243828275    0.001164277104941                    0          27.45013835
         "BPM.22L6.B1"             12494.87                    4         -0.112839575    0.003985269499305                    0          27.70078915
         "BPM.21L6.B1"             12548.32                    4          0.481080725    0.002241224084528                    0          27.81447939
         "BPM.20L6.B1"             12601.77                    4         -0.069111435    0.004745349089113                    0          27.95013835
         "BPM.19L6.B1"             12655.22                    4         -0.070575975    0.002428726314201                    0          28.06413046
         "BPM.18L6.B1"             12708.67                    4          0.216290725   0.0005832777358112                    0          28.20078915
         "BPM.17L6.B1"             12762.12                    4          -0.66727195    0.001648339331772                    0          28.31447939
         "BPM.16L6.B1"             12815.57                    4          0.126065125    0.001178066942961                    0          28.45013835
         "BPM.15L6.B1"             12869.03                    4          0.509083575    0.002625754688094                    0          28.56413046
         "BPM.14L6.B1"             12922.48                    4         -0.149540925    0.002681953287643                    0          28.70078915
         "BPM.13L6.B1"             12975.93                    4          0.176879275    0.003415868448447                    0          28.81447939
         "BPM.12L6.B1"             13029.38                    4           -0.0476817    0.001183156025709                    0          28.95167893
         "BPM.11L6.B1"             13082.83                    4          0.382645925    0.006302226296482                    0          29.07912271
         "BPM.10L6.B1"             13134.67                    4         -0.249457525    0.003896993804472                    0          29.22925734
          "BPM.9L6.B1"             13173.74                    4          0.543538425     0.00540262906251                    0          29.36506183
          "BPM.8L6.B1"              13214.2                    4        -0.0441245475    0.003201989483608                    0          29.58693198
        "BPMYA.5L6.B1"             13311.29                    4           0.18393315    0.003499498115833                    0          29.68526783
        "BPMYB.4L6.B1"             13347.69                    4          0.223801275    0.006094626458374                    0          29.70784068
       "BPMSX.B4L6.B1"             13383.23                    4            0.2751416    0.002959448988447                    0          29.71911222
       "BPMSX.A4L6.B1"             13383.82                    4          -0.30063475      0.0066294351183                    0           29.7193185
        "BPMSA.4R6.B1"             13568.51                    4           0.31177965     0.00692057523243                    0          29.84284459
       "BPMSI.A4R6.B1"             13661.77                    4          0.621769125    0.004572014272408                    0           29.9378628
       "BPMSI.B4R6.B1"             13662.41                    4           0.15032745    0.009373182708276                    0          29.93842853
        "BPMYA.4R6.B1"             13691.29                    4         -0.078658635     0.01061049740882                    0          29.96221802
        "BPMYB.5R6.B1"             13727.69                    4          -0.27194045    0.009417286486442                    0          29.97847672
          "BPM.9R6.B1"             13862.49                    4           1.26111175    0.002561015069829                    0           30.2846529
         "BPM.10R6.B1"             13902.95                    4         -0.108943825    0.001748043884488                    0          30.40245102
         "BPM.11R6.B1"             13954.79                    4         0.0775455625    0.003703202190583                    0          30.54564322
         "BPM.12R6.B1"             14009.52                    4       -0.00857360925    0.002847887588909                    0          30.64012116
         "BPM.13R6.B1"             14062.97                    4         0.0602375475    0.006931637615415                    0          30.75883737
         "BPM.14R6.B1"             14116.42                    4        -0.0851655425    0.002371456333699                    0          30.87621109
         "BPM.15R6.B1"             14169.87                    4           0.11789605    0.001690166016319                    0          31.01489758
         "BPM.16R6.B1"             14223.33                    4         0.0038080535    0.003225146148855                    0          31.13336484
         "BPM.17R6.B1"             14276.78                    4        -0.0170106025   0.0009805472222636                    0          31.27831722
         "BPM.18R6.B1"             14330.23                    4           0.12048485     0.00286835259212                    0          31.39504146
         "BPM.20R6.B1"             14437.13                    4           0.21884375    0.003069420657505                    0          31.65307157
         "BPM.21R6.B1"             14490.58                    4         -0.100216045    0.003123755211831                    0          31.79768238
         "BPM.22R6.B1"             14544.04                    4           0.31047095    0.001008216091788                    0          31.91382096
         "BPM.23R6.B1"             14597.49                    4         0.0164190175     0.00396568987335                    0          32.05362913
         "BPM.24R6.B1"             14650.94                    4           -0.1672519    0.003401705115118                    0          32.17033506
         "BPM.25R6.B1"             14704.39                    4          0.064641465    0.002526652277133                    0          32.31038725
         "BPM.26R6.B1"             14757.84                    4          0.157077275    0.002076167627407                    0          32.42650885
         "BPM.27R6.B1"             14811.29                    4        -0.0785434375    0.005181094040711                    0          32.56637081
         "BPM.28R6.B1"             14864.74                    4            0.1484405   0.0008089059124642                    0          32.68308998
         "BPM.29R6.B1"              14918.2                    4         0.0441843875    0.001365541367531                    0          32.82308706
         "BPM.30R6.B1"             14971.65                    4          -0.11010035    0.005567032114845                    0          32.93919933
         "BPM.31R6.B1"              15025.1                    4         -0.003939809    0.004290158256714                    0          33.07911719
         "BPM.32R6.B1"             15078.55                    4          0.386339175    0.006554925661831                    0          33.19584187
         "BPM.33R6.B1"                15132                    4         -0.182010275    0.003336833966067                    0          33.33578249
         "BPM.34R6.B1"             15185.45                    4           0.43032365    0.002423432925154                    0           33.4518932
         "BPM.32L7.B1"             15292.36                    4         -0.681960825    0.001364158472133                    0          33.70858997
         "BPM.31L7.B1"             15345.81                    4          0.170175825    0.002782068342455                    0          33.84847424
         "BPM.30L7.B1"             15399.26                    4         0.0163032525    0.003962372820576                    0          33.96459117
         "BPM.29L7.B1"             15452.71                    4         -0.049107945   0.0002817229987856                    0          34.10462143
         "BPM.28L7.B1"             15506.16                    4         0.0613048575    0.002167349801725                    0           34.2213336
         "BPM.27L7.B1"             15559.61                    4         -0.114155675    0.003527524565768                    0          34.36116307
         "BPM.26L7.B1"             15613.06                    4           0.27284765    0.004032090587118                    0          34.47729386
         "BPM.25L7.B1"             15666.52                    4        -0.0836029925    0.001320837755892                    0          34.61737776
         "BPM.24L7.B1"             15719.97                    4          -0.11875355    0.001153416664835                    0          34.73407223
         "BPM.23L7.B1"             15773.42                    4         0.0045638505    0.003445417960813                    0          34.87384983
         "BPM.22L7.B1"             15826.87                    4           0.08272024     0.00287291688929                    0          34.99000176
         "BPM.21L7.B1"             15880.32                    4        0.00235662625    0.004205358100058                    0          35.13013574
         "BPM.20L7.B1"             15933.77                    4        -0.0694235675      0.0031862686581                    0          35.25013183
         "BPM.19L7.B1"             15987.23                    4       -0.00577640825    0.002600624407185                    0          35.39336207
         "BPM.18L7.B1"             16040.68                    4         -0.133298175    0.003854041499788                    0          35.50880347
         "BPM.17L7.B1"             16094.13                    4         0.0512626475    0.005117648575258                    0          35.64956375
         "BPM.16L7.B1"             16147.58                    4         -0.237370525    0.002183597316835                    0          35.76982665
         "BPM.15L7.B1"             16201.03                    4         -0.028446295    0.003945203873521                    0           35.9123779
         "BPM.14L7.B1"             16254.48                    4          0.334996675    0.002172839645972                    0          36.02763753
         "BPM.13L7.B1"             16307.93                    4         -0.104935875     0.00161803071729                    0          36.16909067
         "BPM.12L7.B1"             16361.39                    4        -0.0922525075     0.00328824923745                    0          36.27822692
         "BPM.10L7.B1"             16467.62                    4           0.10799655    0.004546713759158                    0          36.49678802
          "BPM.9L7.B1"             16506.69                    4           1.48307975    0.001056831201207                    0           36.5764323
          "BPM.8L7.B1"             16547.15                    4         0.0738461425    0.005163876903726                    0          36.63820345
          "BPM.7L7.B1"             16586.22                    4         -0.208304425    0.005667403840127                    0          36.71408636
          "BPM.6L7.B1"             16621.04                    4          -1.93973275    0.003677363619122                    0            36.779896
        "BPMWC.6L7.B1"             16633.14                    4          0.280834675    0.002725712923639                    0          36.82151368
        "BPMWE.5L7.B1"             16710.19                    4         -0.088076625    0.003189913187823                    0          36.92720749
         "BPMW.5L7.B1"              16733.4                    4         -0.179749275    0.005320111303073                    0          36.93862381
        "BPMWE.4L7.B1"             16768.48                    4           0.24304195     0.00472334980948                    0             36.97308
         "BPMW.4L7.B1"             16796.59                    4         0.0398701875    0.006463627017089                    0           37.0438729
         "BPMW.4R7.B1"             16912.63                    4         -0.192643025     0.00787860255103                    0          37.19464341
        "BPMWE.4R7.B1"             16940.74                    4           0.14104095    0.003061361022931                    0          37.20665788
         "BPMW.5R7.B1"             16975.82                    4           0.02392341    0.002953221164334                    0          37.23939072
        "BPMWE.5R7.B1"             16999.03                    4         -0.031225045    0.003933130824025                    0          37.30066452
         "BPMR.6R7.B1"             17078.24                    4        -0.0744705725   0.0005393302653649                    0          37.47295969
        "BPM_A.7R7.B1"             17116.28                    4           0.02845969    0.001922875790078                    0          37.52949572
          "BPM.8R7.B1"             17155.35                    4             1.541542    0.003580768283589                    0          37.61076356
          "BPM.9R7.B1"             17194.41                    4           -0.1953452     0.00273236200296                    0          37.68988913
         "BPM.10R7.B1"             17234.88                    4          0.223869125    0.002886811854295                    0          37.77532476
         "BPM.11R7.B1"             17287.66                    4         -0.429995075    0.003649633070199                    0          37.88431636
         "BPM.12R7.B1"             17342.39                    4            0.1263791    0.003890205017118                    0          38.02102289
         "BPM.13R7.B1"             17395.84                    4          -0.09342866    0.002568074170866                    0          38.13780088
         "BPM.14R7.B1"             17449.29                    4         0.0227284375    0.005131360230713                    0          38.27694264
         "BPM.15R7.B1"             17502.74                    4            0.1586198    0.001943873266244                    0          38.39553304
         "BPM.16R7.B1"             17556.19                    4           0.12173865    0.003041903896036                    0          38.53999851
         "BPM.17R7.B1"             17609.65                    4         -0.619947425    0.003728011759922                    0          38.65666496
         "BPM.18R7.B1"              17663.1                    4           0.24742245    0.001031493224757                    0          38.79606906
         "BPM.19R7.B1"             17716.55                    4         -0.326020175    0.001592959505787                    0          38.91519736
         "BPM.20R7.B1"                17770                    4            0.1485084    0.002939888222403                    0          39.05931161
         "BPM.21R7.B1"             17823.45                    4            -0.213739    0.004664228665088                    0          39.17549315
         "BPM.22R7.B1"              17876.9                    4          0.269784925    0.003368632398633                    0          39.31529952
         "BPM.24R7.B1"             17983.81                    4          0.118223625    0.004663811197625                    0          39.57165953
         "BPM.25R7.B1"             18037.26                    4         -0.158686725    0.003036425124566                    0          39.68821815
         "BPM.26R7.B1"             18090.71                    4          0.086839975    0.003159597394937                    0          39.82799803
         "BPM.28R7.B1"             18197.61                    4          0.110140875    0.001887194696393                    0          40.08440485
         "BPM.29R7.B1"             18251.06                    4         -0.006374999    0.003916289705975                    0          40.20093989
         "BPM.30R7.B1"             18304.51                    4          0.125135925    0.005690647547695                    0          40.34069697
         "BPM.31R7.B1"             18357.97                    4           -0.3712924    0.001368681900681                    0           40.4570093
         "BPM.32R7.B1"             18411.42                    4          0.119573125    0.001205887145257                    0          40.59714943
         "BPM.33R7.B1"             18464.87                    4         -0.208537375   0.0007483392961079                    0           40.7136579
         "BPM.34R7.B1"             18518.32                    4          0.234826225    0.005343301247552                    0          40.85339694
         "BPM.33L8.B1"             18571.77                    4         -0.679920175    0.004758608447027                    0          40.96973703
         "BPM.32L8.B1"             18625.22                    4          0.255817725    0.003353615475437                    0          41.10989271
         "BPM.31L8.B1"             18678.68                    4         0.0411612575    0.003158455522924                    0          41.22637227
         "BPM.30L8.B1"             18732.13                    4          0.203086725    0.003445773253146                    0          41.36609848
         "BPM.29L8.B1"             18785.58                    4           -0.5465587    0.004393044052269                    0          41.48246831
         "BPM.28L8.B1"             18839.03                    4        -0.0716507725    0.002314432454575                    0          41.62263412
         "BPM.27L8.B1"             18892.48                    4          0.379570325    0.002186139029684                    0           41.7390832
         "BPM.26L8.B1"             18945.93                    4          0.193135275    0.001471273765175                    0          41.87880212
         "BPM.25L8.B1"             18999.38                    4           -0.9677174     0.00424491978017                    0          41.99520291
         "BPM.24L8.B1"             19052.84                    4            0.2689759    0.003509683467948                    0          42.13537318
         "BPM.23L8.B1"             19106.29                    4           0.22275555    0.002909167388226                    0          42.25179097
         "BPM.22L8.B1"             19159.74                    4          0.194619575    0.002892071762955                    0          42.39150834
         "BPM.21L8.B1"             19213.19                    4         -0.915049925      0.0044208943877                    0           42.5079405
         "BPM.20L8.B1"             19266.64                    4         0.0999360275    0.005184384097151                    0          42.64762748
         "BPM.19L8.B1"             19320.09                    4            0.1079178    0.001716532619912                    0          42.76697069
         "BPM.18L8.B1"             19373.54                    4         0.0341972825     0.00482824898592                    0          42.91076202
         "BPM.17L8.B1"                19427                    4          -0.30497195    0.002283275196454                    0          43.02677292
         "BPM.16L8.B1"             19480.45                    4            0.1823762    0.001744717634812                    0          43.16691614
         "BPM.15L8.B1"              19533.9                    4         -0.126331475    0.003087576073896                    0          43.28665046
         "BPM.14L8.B1"             19587.35                    4        -0.0554388025    0.003790704547553                    0          43.42991432
         "BPM.13L8.B1"              19640.8                    4          0.036801115    0.003440805664891                    0          43.54560639
         "BPM.12L8.B1"             19694.25                    4           0.07805781    0.002114755153078                    0          43.68602853
         "BPM.11L8.B1"              19747.7                    4         -0.403955325    0.002759658268178                    0           43.7935807
         "BPM.10L8.B1"             19799.55                    4           0.14595245     0.00105575713245                    0          43.91838711
          "BPM.9L8.B1"             19838.61                    4         -0.210279425    0.001788055737973                    0          43.98258708
          "BPM.8L8.B1"             19879.08                    4          0.315547775    0.001258894903115                    0          44.06870055
          "BPM.7L8.B1"             19918.15                    4         -0.215707125    0.008275835964547                    0          44.14968523
         "BPMR.6L8.B1"             19950.61                    4       -0.00208911235     0.00171237525394                    0          44.25244873
        "BPMYB.4L8.B1"              20031.8                    4          -0.04106955    0.002155817865479                    0          44.58550915
        "BPMWB.4L8.B1"             20056.19                    4             -0.33974    0.002532336714427                    0           44.5998484
        "BPMSX.4L8.B1"             20106.42                    4          -0.26759865    0.005579296333116                    0           44.6258656
         "BPMS.2L8.B1"             20144.34                    4            0.2498144    0.002392432571721                    0          44.63941327
        "BPMSW.1L8.B1"             20154.27                    4            0.7329191    0.003426227723806                    0          44.64555935
        "BPMSW.1R8.B1"             20197.46                    4             2.906826    0.002272048084956                    0          45.10162618
         "BPMS.2R8.B1"             20207.39                    4           -0.1938975    0.003483502750138                    0          45.10956999
        "BPMSX.4R8.B1"             20245.31                    4          0.884454225    0.006333401594872                    0           45.1250431
        "BPMWB.4R8.B1"             20295.46                    4           0.98827685    0.003977822895468                    0          45.14731433
        "BPMYB.5R8.B1"             20340.51                    4         -0.306017975     0.00461920697816                    0          45.18903278
          "BPM.6R8.B1"             20424.62                    4         -0.804466425     0.02160452216996                    0          45.38299455
        "BPM_A.7R8.B1"             20446.86                    4         -0.112478775   0.0005634939858544                    0           45.4249928
          "BPM.8R8.B1"             20488.29                    4            0.3297374   0.0008753938172249                    0          45.70256778
          "BPM.9R8.B1"             20527.36                    4          -0.28081435    0.001811790192797                    0          45.84786589
         "BPM.10R8.B1"             20567.82                    4           -0.6275537    0.006051067585574                    0          45.88999945
         "BPM.11R8.B1"             20619.66                    4          0.127538975    0.005547591602857                    0          46.20291874
         "BPM.12R8.B1"             20674.38                    4          -0.53975305    0.001845593745319                    0          46.29549101
         "BPM.13R8.B1"             20727.83                    4           0.24707125    0.002786236255723                    0           46.3299946
         "BPM.14R8.B1"             20781.28                    4         -0.494147425    0.002647339699038                    0          46.36593651
         "BPM.16R8.B1"             20888.18                    4         -0.875516175    0.009236721756776                    0          46.78804274
         "BPM.17R8.B1"             20941.63                    4          0.222552925    0.002180803285967                    0           46.8299854
         "BPM.18R8.B1"             20995.07                    4          0.038806195    0.001310383289174                    0          46.86591975
         "BPM.19R8.B1"             21048.52                    4         0.0482882425     0.00057296605566                    0           47.1173385
         "BPM.20R8.B1"             21101.97                    4         -0.418524525    0.005242840714924                    0           47.2880256
         "BPM.21R8.B1"             21155.42                    4        -0.0489144675    0.002646427955346                    0          47.32997637
         "BPM.23R8.B1"             21262.32                    4        -0.0275842825    0.002348325923821                    0          47.61720238
         "BPM.24R8.B1"             21315.76                    4         -0.183411025    0.001673950205977                    0          47.78800846
         "BPM.25R8.B1"             21369.21                    4          0.547774525     0.01981465075549                    0          47.82996733
         "BPM.26R8.B1"             21422.66                    4          -0.33644875    0.002345525604793                    0          47.86588623
         "BPM.27R8.B1"             21476.11                    4          0.015586875    0.002264274970679                    0          48.11706621
         "BPM.28R8.B1"             21529.56                    4           -0.3213243    0.001725240039888                    0          48.28799131
         "BPM.29R8.B1"             21583.01                    4          0.183235875    0.005630900149363                    0          48.32995829
         "BPM.30R8.B1"             21636.46                    4           -0.3719165    0.001697423937969                    0          48.36586948
         "BPM.31R8.B1"              21689.9                    4         -0.150913925     0.00376130246618                    0          48.61692999
         "BPM.32R8.B1"             21743.35                    4           0.43927805    0.002419696777025                    0          48.78797415
         "BPM.33R8.B1"              21796.8                    4          0.013340782    0.003816719412139                    0          48.82994926
         "BPM.34R8.B1"             21850.25                    4         -0.065712665    0.002551794421137                    0          48.86585274
         "BPM.33L1.B1"              21903.7                    4            0.0301812     0.00835862830778                    0          49.11679371
         "BPM.32L1.B1"             21957.15                    4         -0.145030525    0.003113700637039                    0          49.28795699
         "BPM.31L1.B1"              22010.6                    4        -0.0675969525    0.006630575863949                    0          49.32994022
         "BPM.30L1.B1"             22064.04                    4          0.509407475    0.003845941359035                    0            49.365836
         "BPM.29L1.B1"             22117.49                    4          -0.08376275    0.008398108418083                    0          49.61665737
         "BPM.28L1.B1"             22170.94                    4         -0.316958375    0.007175132605541                    0          49.78793982
         "BPM.27L1.B1"             22224.39                    4            0.1656218    0.005360266964921                    0          49.82993119
         "BPM.26L1.B1"             22277.84                    4           0.05935332    0.005371632382272                    0          49.86581927
         "BPM.25L1.B1"             22331.29                    4         -0.166089325    0.003780590277601                    0          50.11652098
         "BPM.24L1.B1"             22384.74                    4         0.1011516575    0.007486974148683                    0          50.28792264
         "BPM.23L1.B1"             22438.18                    4        0.00180959775    0.006308880635284                    0          50.32992215
         "BPM.22L1.B1"             22491.63                    4        -0.1017871925    0.002939659866139                    0          50.36580255
         "BPM.21L1.B1"             22545.08                    4        -0.0488855125     0.01478725492681                    0          50.61638454
         "BPM.20L1.B1"             22598.53                    4          0.263061575    0.005091571531666                    0          50.78790546
         "BPM.19L1.B1"             22651.98                    4        -0.0670143525     0.01378254435975                    0          50.82991311
         "BPM.18L1.B1"             22705.43                    4            0.3027919    0.005812259262989                    0          50.86578584
         "BPM.17L1.B1"             22758.87                    4        0.00263992525      0.0148338784587                    0          51.11624804
         "BPM.16L1.B1"             22812.32                    4          -0.40649555    0.004976731578326                    0          51.28788827
         "BPM.15L1.B1"             22865.77                    4           0.02468061    0.002037140640327                    0          51.32990408
         "BPM.14L1.B1"             22919.22                    4           0.01330935     0.00190261625213                    0          51.36576913
         "BPM.13L1.B1"             22972.67                    4          0.154957725    0.005253164666856                    0          51.61611149
         "BPM.12L1.B1"             23026.12                    4            -0.314265    0.002913233077733                    0          51.78505378
         "BPM.11L1.B1"             23079.57                    4            0.1215918    0.006258828501423                    0          51.82662287
         "BPM.10L1.B1"             23132.35                    4          0.171640875    0.003480716350422                    0          51.85604837
          "BPM.9L1.B1"             23171.41                    4           -0.2884859     0.01007634441676                    0          51.92242716
          "BPM.8L1.B1"             23211.87                    4           0.19213825    0.007291870581183                    0          52.26467669
         "BPMR.7L1.B1"             23250.94                    4         -0.363429875     0.01494582879091                    0          52.33891935
          "BPM.6L1.B1"             23294.12                    4          0.463044925     0.01015651748421                    0          52.66262898
         "BPMR.5L1.B1"             23326.02                    4         -0.567069175      0.0101501717356                    0          52.81765202
        "BPMYA.4L1.B1"             23347.14                    4          0.508054525    0.004963543569573                    0          52.82253852
        "BPMWB.4L1.B1"             23368.28                    4         -0.268291375     0.01359615344066                    0          52.82485725
        "BPMSY.4L1.B1"             23461.06                    4           0.65078585     0.01435955538458                    0          52.82754681
         "BPMS.2L1.B1"             23487.84                    4            0.4996348    0.005959557272586                    0          52.82816752
        "BPMSW.1L1.B1"             23497.79                    4           0.03199494    0.004860836688161                    0          52.82856936
        "BPMSW.1R1.B1"             23540.93                    4           0.20067535    0.003070824073064                    0          53.32635891
         "BPMS.2R1.B1"              23550.9                    4            0.5563301    0.005674668803139                    0          53.32667231
        "BPMSY.4R1.B1"             23577.68                    4          -0.43584555    0.004891523822663                    0          53.32709812
        "BPMWB.4R1.B1"             23670.46                    4           -0.5510967     0.00418878512999                    0          53.32999596
        "BPMYA.4R1.B1"              23691.6                    4          0.444583725    0.002582669670533                    0          53.33093589
          "BPM.5R1.B1"                23719                    4          -1.02325225     0.00776563800905                    0          53.33304454
         "BPMR.6R1.B1"              23750.9                    4         -0.070806665    0.004956500712443                    0           53.3380951
        "BPMSX.7R1.B1"             23757.12                    4             1.087491    0.002624409457446                    0          53.33979424
        "BPM_A.7R1.B1"             23778.63                    4         -0.900625525    0.006433363570652                    0          53.35540819
          "BPM.8R1.B1"             23820.07                    4           0.37688145    0.001882135454143                    0          53.60762298
          "BPM.9R1.B1"             23859.13                    4         -0.461688275    0.001463659556428                    0          53.78442845
         "BPM.10R1.B1"              23899.6                    4          0.137045625     0.00469580237149                    0          53.82024912
         "BPM.11R1.B1"             23952.38                    4          -3.72398125    0.004971021091141                    0          53.85405794
         "BPM.12R1.B1"             24007.11                    4           0.08264516    0.005104361355916                    0           54.1201759
         "BPM.13R1.B1"             24060.56                    4          -0.23692785    0.002855561326207                    0          54.28845162
         "BPM.14R1.B1"             24114.01                    4         -0.177604125    0.003454787288257                    0          54.33020482
         "BPM.15R1.B1"             24167.46                    4           0.48449085    0.004847076051881                    0          54.36633225
         "BPM.16R1.B1"             24220.91                    4        -0.0347827675    0.006413588430936                    0          54.62069213
         "BPM.17R1.B1"             24274.37                    4           -0.1484144    0.003574388722596                    0          54.78845169
         "BPM.18R1.B1"             24327.82                    4          0.129636975    0.002884552193511                    0          54.83020482
         "BPM.19R1.B1"             24381.27                    4          -0.18865495    0.002109734140295                    0          54.86633225
         "BPM.20R1.B1"             24434.72                    4          0.068803685    0.003692792866171                    0          55.12069213
         "BPM.21R1.B1"             24488.17                    4         -0.427474425    0.001676506575317                    0          55.28845169
         "BPM.22R1.B1"             24541.62                    4          0.060440745    0.004232454545065                    0          55.33020482
         "BPM.23R1.B1"             24595.08                    4         -0.318973325    0.003317171412073                    0          55.36633225
         "BPM.24R1.B1"             24648.53                    4         0.0865010825    0.003181336644571                    0          55.62069213
         "BPM.25R1.B1"             24701.98                    4         -0.169326075     0.00194231464549                    0          55.78845169
         "BPM.26R1.B1"             24755.43                    4          0.172372625    0.004662395882708                    0          55.83020482
         "BPM.27R1.B1"             24808.88                    4           -0.1212032    0.002534556784769                    0          55.86633225
         "BPM.28R1.B1"             24862.33                    4         -0.019778115    0.003447538530596                    0          56.12069213
         "BPM.29R1.B1"             24915.78                    4         -0.157532725   0.0009479321268425                    0          56.28845169
         "BPM.30R1.B1"             24969.24                    4           0.33351945    0.006436804161439                    0          56.33020482
         "BPM.31R1.B1"             25022.69                    4           -0.9883107    0.003953855836418                    0          56.36633225
         "BPM.32R1.B1"             25076.14                    4          0.423600825    0.008873121797718                    0          56.62069213
         "BPM.33R1.B1"             25129.59                    4         -0.377021225    0.007202174240262                    0          56.78845169
         "BPM.34R1.B1"             25183.04                    4          0.098048155    0.004254405063313                    0          56.83020482
         "BPM.33L2.B1"             25236.49                    4            0.2391293    0.005566142480679                    0          56.86633225
         "BPM.32L2.B1"             25289.94                    4        0.00284145585    0.002756673065899                    0          57.12069213
         "BPM.31L2.B1"              25343.4                    4         -0.515095525    0.005966999108604                    0          57.28845169
         "BPM.30L2.B1"             25396.85                    4           0.03703036    0.004224526427645                    0          57.33020482
         "BPM.29L2.B1"              25450.3                    4           0.26143575    0.006753261681048                    0          57.36633225
         "BPM.28L2.B1"             25503.75                    4            0.0631317    0.004427533213791                    0          57.62069213
         "BPM.27L2.B1"              25557.2                    4         -0.438325375    0.003364279681008                    0          57.78845169
         "BPM.26L2.B1"             25610.65                    4            0.2431675    0.003768649536666                    0          57.83020482
         "BPM.25L2.B1"              25664.1                    4         0.0809958275    0.004257522627449                    0          57.86633225
         "BPM.24L2.B1"             25717.56                    4         0.0523145375    0.005717137067973                    0          58.12069213
         "BPM.23L2.B1"             25771.01                    4          -0.53449985    0.003283256999184                    0          58.28845169
         "BPM.22L2.B1"             25824.46                    4          0.054053715    0.004671305972964                    0          58.33020482
         "BPM.21L2.B1"             25877.91                    4          0.019378505    0.005411358019716                    0          58.36633225
         "BPM.20L2.B1"             25931.36                    4            0.1066624    0.004611322159665                    0          58.62069213
         "BPM.19L2.B1"             25984.81                    4         -0.780293225   0.0002895680696925                    0          58.78845169
         "BPM.18L2.B1"             26038.27                    4          -1.02562625    0.006071401748173                    0          58.83020482
         "BPM.16L2.B1"             26145.17                    4           -0.2222694    0.004504553480669                    0          59.12069213
         "BPM.15L2.B1"             26198.62                    4          0.414615125    0.008347633219788                    0          59.28845169
         "BPM.14L2.B1"             26252.07                    4         -0.251928725    0.002505954535125                    0          59.33020482
         "BPM.13L2.B1"             26305.52                    4          0.181870225    0.003813545565101                    0          59.36633225
         "BPM.12L2.B1"             26358.97                    4           -0.1483937    0.006419966440739                    0          59.61010783
         "BPM.11L2.B1"             26412.43                    4          -0.06091697     0.00472874671915                    0          59.78797913
         "BPM.10L2.B1"             26464.27                    4           0.96291735    0.004131678284022                    0          59.83087175
          "BPM.9L2.B1"             26503.33                    4           -0.8551266     0.01162198701709                    0           59.8521571
          "BPM.8L2.B1"              26543.8                    4         -1.006409975     0.00686258086673                    0           59.9559309
          "BPM.7L2.B1"             26582.87                    4           0.54148885     0.01408900013886                    0           60.1859603
         "BPMR.6L2.B1"             26614.97                    4          0.300929725     0.00236167031719                    0          60.25545844