@ GetLLMVersion %s "V3.0.0 Dev"
@ Command %s "/afs/cern.ch/work/o/omc/anaconda/bin/python '/home/jdilly/link_betabeat/GetLLM/GetLLM.py' '--accel=LHCB1' '--model=/home/jdilly/link_gui_out/2018-10-31/models/LHCB1/flatopticsb1_60_15/twiss.dat' '--files=/home/jdilly/link_gui_out/2018-10-31/LHCB1/Measurements/Beam1@Turn@2018_10_30@13_01_48_047/Beam1@Turn@2018_10_30@13_01_48_047.sdds,/home/jdilly/link_gui_out/2018-10-31/LHCB1/Measurements/Beam1@Turn@2018_10_30@13_03_13_684/Beam1@Turn@2018_10_30@13_03_13_684.sdds,/home/jdilly/link_gui_out/2018-10-31/LHCB1/Measurements/Beam1@Turn@2018_10_30@13_04_27_548/Beam1@Turn@2018_10_30@13_04_27_548.sdds' '--output=/home/jdilly/link_gui_out/2018-10-31/LHCB1/Results/b1_md3312_forcoupling' '--tbtana=SUSSIX' '--bpmu=mm' '--lhcphase=0' '--errordefs=/home/jdilly/link_gui_out/2018-10-31/models/LHCB1/flatopticsb1_60_15/error_deff.txt' '--calibration=/afs/cern.ch/eng/sl/lintrack/LHC_commissioning2017/Calibration_factors_2017/Calibration_factors_2017_beam1' '--range=11'"
@ CWD %s "/media/jdilly/Storage/Repositories/BetaBeatGui/beta-beating-cwd"
@ Date %s "01. November 2018, 09:59:47"
@ TABLE %s "ORBIT"
@ TYPE %s "ORBIT"
@ SEQUENCE %s "LHCB1"
@ Q1 %le 0.2684633077706444
@ Q2 %le 0.3239519167132584
@ FILES %s "/home/jdilly/link_gui_out/2018-10-31/LHCB1/Measurements/Beam1@Turn@2018_10_30@13_01_48_047/Beam1@Turn@2018_10_30@13_01_48_047.sdds.linx,/home/jdilly/link_gui_out/2018-10-31/LHCB1/Measurements/Beam1@Turn@2018_10_30@13_03_13_684/Beam1@Turn@2018_10_30@13_03_13_684.sdds.linx,/home/jdilly/link_gui_out/2018-10-31/LHCB1/Measurements/Beam1@Turn@2018_10_30@13_04_27_548/Beam1@Turn@2018_10_30@13_04_27_548.sdds.linx"
*                 NAME                    S                COUNT                    X                 STDX                 XMDL               MUXMDL
$                   %s                  %le                  %le                  %le                  %le                  %le                  %le
        "BPMYB.5L2.B1"               28.288                    3     -0.3213417207744    0.005202973454309                    0        0.03521933011
        "BPMYB.4L2.B1"               48.858                    3      0.5556351954143    0.003176381581918                    0        0.06384073934
        "BPMWI.4L2.B1"              73.3255                    3     -0.6024495247839    0.007786141315773                    0         0.1152446884
        "BPMSX.4L2.B1"             123.4825                    3       1.563898031955    0.007008012879671                    0         0.1843071882
         "BPMS.2L2.B1"              161.394                    3       1.599807610718     0.01041097804832                    0         0.2347105485
        "BPMSW.1L2.B1"              171.328                    3       3.879552874717     0.00223394193066                    0         0.2581354768
        "BPMSW.1R2.B1"              214.518                    3        2.98606827132    0.006106402567275                    0         0.6200941071
         "BPMS.2R2.B1"              224.452                    3       1.588379773996    0.001477737883193                    0         0.6380400023
        "BPMSX.4R2.B1"             262.3635                    3      0.9939397695769      0.0066391625136                    0         0.6815687561
        "BPMWB.4R2.B1"             312.5965                    3       1.692474143762    0.005597186461236                    0         0.7630402405
        "BPMYB.4R2.B1"              336.988                    3     -0.2065688535394    0.005142786349091                    0         0.7977656937
         "BPMR.5R2.B1"              366.522                    3     -0.3429489217039    0.003548920961699                    0         0.8787409927
          "BPM.6R2.B1"              439.818                    3    -0.05448033850213    0.002655597982908                    0         0.9988774201
        "BPM_A.7R2.B1"              452.693                    3        0.61058376673    0.004157545370711                    0          1.014518474
          "BPM.8R2.B1"          494.1300106                    3     -0.2731911651353    0.003098236901697                    0          1.096245149
          "BPM.9R2.B1"          533.1950212                    3      0.2391485469511    0.003589681923498                    0          1.252927623
         "BPM.10R2.B1"          573.6580318                    3     -0.1748363571725     0.00245010085772                    0          1.415355648
         "BPM.11R2.B1"          625.4967424                    3     0.05589948577357    0.001458572887596                    0          1.525570819
         "BPM.12R2.B1"          680.2202583                    3    -0.07249026608159    0.002492712770901                    0           1.66678574
         "BPM.13R2.B1"          733.6687742                    3     -0.3895887564006    0.001362379909257                    0           1.78048292
         "BPM.14R2.B1"          787.1172901                    3      0.1839497573354   0.0005763096706292                    0          1.918174971
         "BPM.15R2.B1"           840.565806                    3     -0.1375545135058   0.0005541719284547                    0          2.030387124
         "BPM.16R2.B1"          894.0143219                    3    -0.08169017491487    0.002750007567701                    0          2.164961946
         "BPM.17R2.B1"          947.4628378                    3      0.2342180790526    0.002893388968436                    0          2.280761686
         "BPM.18R2.B1"          1000.911354                    3      0.1150833672035     0.00153197087121                    0          2.418448947
         "BPM.19R2.B1"           1054.35987                    3     -0.6501018330701    0.005862010019589                    0          2.530656537
         "BPM.20R2.B1"          1107.808386                    3   -0.007908650424096    0.004011939538124                    0          2.665238381
         "BPM.21R2.B1"          1161.256901                    3     -0.2222149539178      0.0049316470994                    0          2.781042915
         "BPM.22R2.B1"          1214.705417                    3       0.254625564316    0.001714673706217                    0          2.918722903
         "BPM.23R2.B1"          1268.153933                    3     -0.5393101400186    0.001100777629351                    0          3.033829462
         "BPM.24R2.B1"          1321.602449                    3      0.2393787940219    0.002375532120171                    0          3.171508637
         "BPM.25R2.B1"          1375.050965                    3     -0.6066712883337   0.0002642360415906                    0          3.286615195
         "BPM.26R2.B1"          1428.499481                    3     0.09028104638194    0.001286183898816                    0           3.42429437
         "BPM.27R2.B1"          1481.947997                    3      0.1778382266043    0.002646138062278                    0          3.539400929
         "BPM.28R2.B1"          1535.396513                    3    -0.09426873035793    0.002590582751675                    0          3.677080104
         "BPM.29R2.B1"          1588.845029                    3      -0.491438796071     0.00157680089691                    0          3.792186663
         "BPM.30R2.B1"          1642.293545                    3      0.3012066296974    0.001484632306159                    0          3.929865838
         "BPM.31R2.B1"           1695.74206                    3     -0.4785108135698    0.002874894309701                    0          4.044972396
         "BPM.32R2.B1"          1749.190576                    3     0.06290992990769    0.002703504821511                    0          4.182651571
         "BPM.33R2.B1"          1802.639092                    3    -0.03707119817441    0.009206715109217                    0           4.29775813
         "BPM.34R2.B1"          1856.087608                    3     0.01472404080889    0.002901732598441                    0          4.435437305
         "BPM.33L3.B1"          1909.536124                    3     -0.2210375296784     0.00184889571863                    0          4.550543863
         "BPM.32L3.B1"           1962.98464                    3      0.1008203048795    0.003858342417202                    0          4.688223039
         "BPM.31L3.B1"          2016.433156                    3     -0.5429788679409   0.0003082663757138                    0          4.803329597
         "BPM.30L3.B1"          2069.881672                    3     0.08135083935754    0.001503514263945                    0          4.941008772
         "BPM.29L3.B1"          2123.330188                    3    -0.01390103257379     0.00180078032627                    0          5.056115331
         "BPM.28L3.B1"          2176.778704                    3     0.07174502499133    0.002844537762951                    0          5.193794506
         "BPM.27L3.B1"           2230.22722                    3    -0.08226950118021    0.001094357197548                    0          5.308901064
         "BPM.26L3.B1"          2283.675735                    3     -0.2027349125437   0.0009199847059372                    0           5.44658024
         "BPM.25L3.B1"          2337.124251                    3       0.316970913067    0.003962008924801                    0          5.561686798
         "BPM.24L3.B1"          2390.572767                    3     0.07256783668386    0.001692370695343                    0          5.699365973
         "BPM.23L3.B1"          2444.021283                    3     -0.2792660841368    0.004337902601846                    0          5.814472532
         "BPM.22L3.B1"          2497.469799                    3    -0.03746216120617     0.00134540524218                    0          5.952151707
         "BPM.21L3.B1"          2550.918315                    3    0.003769219645986    0.002292515220629                    0          6.067258265
         "BPM.20L3.B1"          2604.366831                    3      0.0772502751293    0.003489233491516                    0          6.205781321
         "BPM.19L3.B1"          2657.815347                    3      -0.232077362002    0.001833438445593                    0          6.318649163
         "BPM.18L3.B1"          2711.263863                    3     0.04992678930249    0.003295915807603                    0          6.452425694
         "BPM.17L3.B1"          2764.712379                    3     -0.4605634742286    0.001661887603838                    0          6.567539375
         "BPM.16L3.B1"          2818.160894                    3   -0.009824648053828    0.002210597751189                    0          6.706057849
         "BPM.15L3.B1"           2871.60941                    3      0.4322508062703    0.001378018163511                    0          6.818918672
         "BPM.14L3.B1"          2925.057926                    3     -0.3431608834728    0.001156365089657                    0          6.952699568
         "BPM.13L3.B1"          2978.506442                    3      0.3640499396307   0.0003837246074525                    0          7.067820492
         "BPM.12L3.B1"          3031.954958                    3      0.1436329542093    0.001099460449876                    0           7.20490983
         "BPM.11L3.B1"          3085.403474                    3      -0.534898715569     0.00219757064465                    0          7.331367164
         "BPM.10L3.B1"          3138.184185                    3      0.2236708975598    0.002684438566589                    0          7.480447019
          "BPM.9L3.B1"          3177.249195                    3     -0.4716773853162   0.0009374852093586                    0          7.541383832
          "BPM.8L3.B1"          3217.712206                    3     0.03188584639997    0.003710004517221                    0          7.618075468
          "BPM.7L3.B1"          3256.776216                    3     -0.2535207731024    0.001293334480813                    0          7.677022654
          "BPM.6L3.B1"          3329.415216                    3     -0.1868273267886    0.004196121411006                    0          7.789169172
       "BPMWG.A5L3.B1"          3371.119716                    3    0.007380353256278    0.002205560805934                    0          7.846253331
         "BPMW.5L3.B1"          3400.089716                    3       0.108998062787    0.002244979333066                    0           7.92961134
        "BPMWE.4L3.B1"          3475.217716                    3    -0.08146707908852    0.002253013769271                    0          8.032983901
         "BPMW.4L3.B1"          3502.762716                    3     0.09516045390659   0.0005598302876936                    0           8.04818708
         "BPMW.4R3.B1"          3547.727716                    3      0.7392692774863    0.002184298312936                    0          8.118337961
        "BPMWE.4R3.B1"          3575.272716                    3     -0.9015042204526    0.001775846892972                    0          8.265980977
         "BPMW.5R3.B1"          3650.400716                    3      0.6781460871278    0.001291882437037                    0          8.395509351
       "BPMWJ.A5R3.B1"          3679.118716                    3     -0.6005391743022    0.008688320370347                    0          8.408136257
        "BPMWC.6R3.B1"          3718.936716                    3       0.196405427557   0.0007756811982507                    0          8.454029737
         "BPMR.6R3.B1"          3731.015216                    3      0.2772375324029    0.005341235733902                    0          8.494140707
          "BPM.8R3.B1"          3825.903227                    3    -0.08113920478455    0.003215342546733                    0          8.793615472
          "BPM.9R3.B1"          3864.968238                    3     -0.3494642350431    0.002441612532208                    0          8.897747357
         "BPM.10R3.B1"          3905.431248                    3      0.6763796249763    0.003410333061515                    0          8.972480832
         "BPM.11R3.B1"          3958.211959                    3     -0.3905904487235    0.003512420349271                    0          9.065535739
         "BPM.12R3.B1"          4012.935475                    3      0.3326453051692    0.004577414022212                    0          9.166318645
         "BPM.13R3.B1"          4066.383991                    3    -0.07946470583694    0.002679511190425                    0           9.28313122
         "BPM.14R3.B1"          4119.832506                    3    -0.09974382426991      0.0015696344215                    0          9.398222441
         "BPM.15R3.B1"          4173.281022                    3     0.01476742320067    0.003408573875226                    0          9.536754575
         "BPM.17R3.B1"          4280.178054                    3     -0.2508020682291    0.002606080226052                    0          9.783404379
         "BPM.18R3.B1"           4333.62657                    3      0.5233239822387    0.001199343069427                    0          9.898503535
         "BPM.19R3.B1"          4387.075086                    3   -0.009172461975275    0.003589750004235                    0          10.03703114
         "BPM.20R3.B1"          4440.523602                    3     -0.4169194117148    0.004074638922546                    0          10.14990602
         "BPM.21R3.B1"          4493.972118                    3     0.06274382374643    0.002535805365705                    0          10.28367821
         "BPM.22R3.B1"          4547.420634                    3    -0.01891249226988    0.004416598336276                    0          10.39878464
         "BPM.23R3.B1"           4600.86915                    3     -0.1032996259798    0.002635907563627                    0          10.53646381
         "BPM.24R3.B1"          4654.317666                    3      0.2250269266519     0.00734733199195                    0          10.65157037
         "BPM.25R3.B1"          4707.766181                    3     -0.2526456231351    0.002883935928394                    0          10.78924955
         "BPM.26R3.B1"          4761.214697                    3     0.04587524871582    0.002557400604158                    0           10.9043561
         "BPM.27R3.B1"          4814.663213                    3      0.1137110689268    0.003599214350038                    0          11.04203528
         "BPM.28R3.B1"          4868.111729                    3     -0.2078802201957    0.003271080023965                    0          11.15714184
         "BPM.30R3.B1"          4975.008761                    3     -0.1438868213527    0.004353137985373                    0          11.40992757
         "BPM.31R3.B1"          5028.457277                    3    -0.04972508357139    0.003411270329579                    0          11.54760675
         "BPM.32R3.B1"          5081.905793                    3       0.110241888407    0.004244106770579                    0          11.66271331
         "BPM.33R3.B1"          5135.354309                    3    -0.03124807029066    0.003143656457368                    0          11.80039248
         "BPM.34R3.B1"          5188.802825                    3     -0.4305993963669     0.00721231022403                    0          11.91549904
         "BPM.33L4.B1"           5242.25134                    3      0.2874933133607    0.002066161475153                    0          12.05317821
         "BPM.32L4.B1"          5295.699856                    3     -0.1758356256407    0.002703901813499                    0          12.16828477
         "BPM.31L4.B1"          5349.148372                    3    -0.09062081434959    0.002060530444475                    0          12.30596395
         "BPM.30L4.B1"          5402.596888                    3     0.08211740143421   0.0009240406655984                    0          12.42107051
         "BPM.29L4.B1"          5456.045404                    3   -0.004836199811651    0.004046897049838                    0          12.55874968
         "BPM.28L4.B1"           5509.49392                    3    -0.08136526192917    0.002275627948942                    0          12.67385624
         "BPM.27L4.B1"          5562.942436                    3    -0.06452466145883    0.004008741639659                    0          12.81153541
         "BPM.26L4.B1"          5616.390952                    3    -0.01030213825743    0.002950913449306                    0          12.92664197
         "BPM.25L4.B1"          5669.839468                    3      0.1372967606862    0.002038428464247                    0          13.06432115
         "BPM.24L4.B1"          5723.287984                    3     -0.2294308924084    0.002691794860087                    0          13.17942771
         "BPM.23L4.B1"            5776.7365                    3    -0.01577653013521    0.001402170100977                    0          13.31710688
         "BPM.22L4.B1"          5830.185015                    3     -0.1063388946196    0.003714636932243                    0          13.43221344
         "BPM.21L4.B1"          5883.633531                    3      0.1476983840496    0.007198855572659                    0          13.56989262
         "BPM.20L4.B1"          5937.082047                    3      -0.475991000938    0.002852398377943                    0          13.68209566
         "BPM.19L4.B1"          5990.530563                    3      0.1632362185664    0.002140934383863                    0          13.81668455
         "BPM.18L4.B1"          6043.979079                    3     -0.3032462154165    0.002210162851721                    0          13.93249386
         "BPM.17L4.B1"          6097.427595                    3    -0.02393631455025    0.001172358074291                    0          14.07016655
         "BPM.16L4.B1"          6150.876111                    3      0.3316843464944    0.001118500897279                    0          14.18236508
         "BPM.15L4.B1"          6204.324627                    3     -0.1812046024857    0.004312278672144                    0          14.31696102
         "BPM.14L4.B1"          6257.773143                    3      0.0590474821305    0.001510173655098                    0          14.43277508
         "BPM.13L4.B1"          6311.221659                    3     -0.1179506920434    0.005890513951491                    0          14.57044047
         "BPM.12L4.B1"          6364.670174                    3     0.05627911578338    0.002223868794313                    0          14.69838961
         "BPM.11L4.B1"           6418.11869                    3     -0.1897192357045    0.002139303866229                    0          14.84761551
         "BPM.10L4.B1"          6469.957401                    3      0.2087834276545     0.00417683705988                    0          14.95208556
          "BPM.9L4.B1"          6509.022412                    3    -0.05739846719442   0.0008182942737539                    0          15.06938695
          "BPM.8L4.B1"          6549.485422                    3     -0.1315941827276    0.000939316005623                    0          15.24367784
          "BPM.7L4.B1"          6588.549433                    3    -0.04804213911119    0.001157356275365                    0          15.42936819
        "BPMYB.6L4.B1"          6685.153433                    3      0.1342051313465    0.005309083679323                    0           15.5293283
        "BPMYA.5L4.B1"          6722.153433                    3      0.1209985389319    0.006309447577016                    0          15.55318247
       "BPMWA.B5L4.B1"          6824.619933                    3     -0.3254050129073    0.007443091255463                    0          15.59905313
       "BPMWA.A5L4.B1"          6833.504933                    3     0.02022930166097    0.008556102880048                    0           15.6042558
       "BPMWA.A5R4.B1"          6881.553933                    3      0.4655396218314    0.003860073767367                    0          15.63617337
       "BPMWA.B5R4.B1"          6890.438933                    3      0.4194081305828    0.006234312646261                    0           15.6427384
        "BPMYB.5R4.B1"          6992.829433                    3     -0.1069344886497    0.006968849685859                    0          15.72527436
        "BPMYA.6R4.B1"          7024.393433                    3     -0.1422699136747    0.009252876043554                    0          15.74130793
          "BPM.7R4.B1"          7120.909433                    3     -0.1801647300574    0.006125029474903                    0          15.80968036
          "BPM.8R4.B1"          7158.698443                    3      0.3223391063214    0.002807845185215                    0          15.85595674
          "BPM.9R4.B1"          7197.763454                    3     -0.2412792896657    0.002174458679904                    0          16.21943037
         "BPM.10R4.B1"          7238.226465                    3      0.1071438260723     0.00327067112419                    0          16.30028845
         "BPM.11R4.B1"          7290.065175                    3      0.3531107141952    0.002623005453868                    0           16.3270943
         "BPM.12R4.B1"          7344.788691                    3     -0.1090706791061    0.001398775447281                    0           16.4726678
         "BPM.13R4.B1"          7398.237207                    3     0.09272218222208    0.004873544498079                    0          16.74791916
         "BPM.14R4.B1"          7451.685723                    3     0.02977863984322    0.008148365394545                    0          16.79941921
         "BPM.15R4.B1"          7505.134239                    3      -0.360153008048    0.002903915020961                    0          16.83090179
         "BPM.16R4.B1"          7558.582755                    3    -0.08628684390426    0.003720772214514                    0          16.98249801
         "BPM.17R4.B1"          7612.031271                    3       1.107118927077    0.002686919279416                    0           17.2478964
         "BPM.18R4.B1"          7665.479786                    3       1.387478578483    0.004111783111597                    0          17.29941008
         "BPM.19R4.B1"          7718.928302                    3    -0.06689163817356    0.001490118659547                    0          17.33088902
         "BPM.20R4.B1"          7772.376818                    3      0.1345333000245    0.002582915003962                    0          17.48237949
         "BPM.21R4.B1"          7825.825334                    3      0.3460091213981    0.003336277907259                    0          17.74787114
         "BPM.22R4.B1"           7879.27385                    3       1.192884137453    0.005637796380109                    0          17.79940094
         "BPM.23R4.B1"          7932.722366                    3      0.6930468252742    0.004037288741542                    0          17.83087625
         "BPM.24R4.B1"          7986.170882                    3     0.08667498186215    0.003223022937232                    0          17.98226104
         "BPM.25R4.B1"          8039.619398                    3      0.3116735454404    0.001262852331315                    0          18.24784587
         "BPM.26R4.B1"          8093.067914                    3       1.356024101888    0.003300295919301                    0           18.2993918
         "BPM.27R4.B1"           8146.51643                    3      0.9114411049589   0.0009856823665762                    0          18.33086348
         "BPM.28R4.B1"          8199.964946                    3     0.06664610773253    0.004550358599444                    0          18.48214268
         "BPM.29R4.B1"          8253.413461                    3      -0.621376487069    0.002633919595409                    0          18.74782058
         "BPM.30R4.B1"          8306.861977                    3     0.09768863750597    0.009585920008885                    0          18.79938266
         "BPM.32R4.B1"          8413.759009                    3      0.1049051709119    0.004050315113143                    0          18.98202439
         "BPM.33R4.B1"          8467.207525                    3     -0.2925180325837    0.002946433593578                    0          19.24779527
         "BPM.34R4.B1"          8520.656041                    3      0.2586489013436    0.005152382860485                    0          19.29937352
         "BPM.33L5.B1"          8574.104557                    3     -0.2493450548508    0.003925400779437                    0          19.33083796
         "BPM.32L5.B1"          8627.553073                    3    -0.04721151315094     0.00621772919967                    0          19.48190619
         "BPM.31L5.B1"          8681.001589                    3     0.04821598408819    0.003514681326128                    0          19.74776996
         "BPM.30L5.B1"          8734.450105                    3    -0.07354341200131    0.003284120825691                    0          19.79936438
         "BPM.29L5.B1"           8787.89862                    3     -0.1545022506055    0.004308441876704                    0           19.8308252
         "BPM.28L5.B1"          8841.347136                    3      0.0902008793385    0.006635465959137                    0          19.98178806
         "BPM.27L5.B1"          8894.795652                    3      -0.139499801561    0.003012729333338                    0          20.24774462
         "BPM.26L5.B1"          8948.244168                    3       0.167778761788    0.002644532702296                    0          20.29935524
         "BPM.24L5.B1"            9055.1412                    3    -0.04677569312265     0.00215204069523                    0          20.48167001
         "BPM.23L5.B1"          9108.589716                    3      0.3912343048993     0.00824231727233                    0          20.74771928
         "BPM.22L5.B1"          9162.038232                    3     -0.2021216856049    0.008905365654801                    0           20.7993461
         "BPM.21L5.B1"          9215.486748                    3     -0.1701575436127     0.01063464292082                    0           20.8307997
         "BPM.20L5.B1"          9268.935264                    3     0.04752842287632    0.004447463499527                    0          20.98155204
         "BPM.19L5.B1"          9322.383779                    3    -0.03646379212317    0.006992980423036                    0          21.24769392
         "BPM.18L5.B1"          9375.832295                    3     -0.1823260644128    0.006097754805058                    0          21.29933696
         "BPM.17L5.B1"          9429.280811                    3      0.4611677651249    0.003663279187969                    0          21.33078695
         "BPM.16L5.B1"          9482.729327                    3     0.03860528404669    0.001350950149269                    0          21.48143415
         "BPM.15L5.B1"          9536.177843                    3     -0.3960187304906    0.006798683637501                    0          21.74766855
         "BPM.14L5.B1"          9589.626359                    3      0.1474151550936    0.007425787052788                    0          21.79932782
         "BPM.13L5.B1"          9643.074875                    3     -0.4262184230483    0.007458285086073                    0          21.83077421
         "BPM.12L5.B1"          9696.523391                    3      0.1944778255592    0.003333539416257                    0          21.98609218
         "BPM.11L5.B1"          9749.971907                    3    0.008642373851152    0.003792019297011                    0          22.24697199
         "BPM.10L5.B1"          9802.752617                    3    -0.03732341303269    0.003697020360308                    0            22.297845
          "BPM.9L5.B1"          9841.817628                    3     -0.2191248086492    0.007678019206627                    0          22.32506136
          "BPM.8L5.B1"          9882.280639                    3    -0.02420251960332    0.004103462417579                    0           22.6423837
         "BPMR.7L5.B1"          9921.346649                    3      0.2655741311509    0.008379041069505                    0          22.76209057
          "BPM.6L5.B1"          9958.240649                    3     -0.1807662418509    0.009238118250906                    0          22.79371975
         "BPMR.5L5.B1"          9990.140649                    3      0.1352939128893    0.009288551186172                    0          22.79864042
        "BPMYA.4L5.B1"          10017.54665                    3     -0.1898995026938     0.01281004925027                    0          22.80075075
        "BPMWB.4L5.B1"          10038.68115                    3     -0.6438167579319     0.01430362352692                    0          22.80169192
        "BPMSY.4L5.B1"          10131.46115                    3    -0.08534026590837     0.01900685313628                    0          22.80459348
         "BPMS.2L5.B1"          10158.24665                    3       0.857708016057     0.02381619787232                    0          22.80501985
        "BPMSW.1L5.B1"          10168.21165                    3      0.6453690574364     0.01355011652885                    0          22.80533368
        "BPMSW.1R5.B1"          10211.33965                    3     0.02323130940717    0.008469106677263                    0          23.30311954
         "BPMS.2R5.B1"          10221.30465                    3     -0.6093135363981    0.009990909931652                    0          23.30352267
        "BPMSY.4R5.B1"          10248.09015                    3       1.433301175595     0.02290725546526                    0          23.30414419
        "BPMWB.4R5.B1"          10340.87015                    3      0.1902858455674    0.007040985570629                    0          23.30683737
        "BPMYA.4R5.B1"          10362.00265                    3      0.1346931725084    0.003604015348334                    0          23.30915932
          "BPM.5R5.B1"          10383.12065                    3     -0.5856468319448    0.003345478153049                    0          23.31405287
         "BPMR.6R5.B1"          10415.02065                    3    -0.03644246493514    0.001309532354129                    0          23.44965944
        "BPM_A.7R5.B1"          10449.03465                    3      0.1784536478456     0.00347597011663                    0          23.78926191
          "BPM.8R5.B1"          10490.47364                    3     -0.2831150225382    0.002282644817233                    0          23.82108275
          "BPM.9R5.B1"          10529.54063                    3     -0.1561029886062    0.003169939651803                    0          24.10020547
         "BPM.10R5.B1"          10570.00562                    3      0.3723265607894    0.002131795642194                    0          24.25588204
         "BPM.11R5.B1"          10622.78831                    3    -0.01622786872565    0.007174220542982                    0          24.30045374
         "BPM.12R5.B1"          10677.51479                    3       0.162484972377    0.002537523424499                    0          24.33146825
         "BPM.13R5.B1"          10730.96627                    3     0.00258924727509    0.001087652634836                    0          24.48470598
         "BPM.14R5.B1"          10784.41776                    3     -0.1809388798464    0.002353631278943                    0          24.74836679
         "BPM.15R5.B1"          10837.86924                    3    -0.01093738929364    0.007004575511513                    0          24.79958367
         "BPM.16R5.B1"          10891.32073                    3     -0.2534893360005    0.004374792979021                    0           24.8311352
         "BPM.17R5.B1"          10944.77221                    3     0.02491303366692    0.002093967676788                    0          24.98470588
         "BPM.18R5.B1"           10998.2237                    3     0.09723160286995    0.001460745795885                    0          25.24836679
         "BPM.19R5.B1"          11051.67518                    3     0.02599678410452    0.005967093339112                    0          25.29958367
         "BPM.20R5.B1"          11105.12666                    3     0.07322246079438    0.002676407917737                    0           25.3311352
         "BPM.21R5.B1"          11158.57815                    3     0.02098845745993    0.001741944484236                    0          25.48470588
         "BPM.22R5.B1"          11212.02963                    3      -0.320746226827    0.001559656585615                    0          25.74836679
         "BPM.23R5.B1"          11265.48112                    3    -0.06475360959434    0.005882683111858                    0          25.79958367
         "BPM.24R5.B1"           11318.9326                    3    -0.04766774973446    0.002756832199289                    0           25.8311352
         "BPM.25R5.B1"          11372.38408                    3      0.0299652747569   0.0009310956338862                    0          25.98470588
         "BPM.26R5.B1"          11425.83557                    3     -0.1427881428487    0.002112326152801                    0          26.24836679
         "BPM.27R5.B1"          11479.28705                    3      0.1567492778581    0.006285946270312                    0          26.29958367
         "BPM.28R5.B1"          11532.73854                    3     -0.2289969419642    0.004089840206908                    0           26.3311352
         "BPM.29R5.B1"          11586.19002                    3    -0.01715645371742    0.002251921643322                    0          26.48470588
         "BPM.30R5.B1"           11639.6415                    3      0.1410902139834    0.001732730555873                    0          26.74836679
         "BPM.31R5.B1"          11693.09299                    3     -0.1696343894088    0.005924601171198                    0          26.79958367
         "BPM.32R5.B1"          11746.54447                    3      -0.190281695637    0.001154820229223                    0           26.8311352
         "BPM.33R5.B1"          11799.99596                    3    -0.02725622832496     0.00183689790427                    0          26.98470588
         "BPM.34R5.B1"          11853.44744                    3      0.1683082677418   0.0007131017237759                    0          27.24836679
         "BPM.33L6.B1"          11906.89893                    3     -0.1635519987765     0.00599728354121                    0          27.29958367
         "BPM.32L6.B1"          11960.35041                    3       0.335153299288    0.001093962527187                    0           27.3311352
         "BPM.31L6.B1"          12013.80189                    3     -0.0478206601593   0.0002829532993357                    0          27.48470588
         "BPM.30L6.B1"          12067.25338                    3    -0.07950984259214    0.002604485722989                    0          27.74836679
         "BPM.29L6.B1"          12120.70486                    3     -0.1299689772807    0.005499486691294                    0          27.79958367
         "BPM.28L6.B1"          12174.15635                    3     0.04694585931867    0.004821199528979                    0           27.8311352
         "BPM.27L6.B1"          12227.60783                    3    -0.08410535743862    0.002657540457521                    0          27.98470588
         "BPM.26L6.B1"          12281.05931                    3      0.1222328545043    0.001451419529132                    0          28.24836679
         "BPM.25L6.B1"           12334.5108                    3    -0.07337250292542    0.004128483255426                    0          28.29958367
         "BPM.24L6.B1"          12387.96228                    3      0.1155740920071     0.00242303541754                    0           28.3311352
         "BPM.22L6.B1"          12494.86525                    3     -0.3575758954479    0.003499138080304                    0          28.74836679
         "BPM.21L6.B1"          12548.31673                    3     0.03197550799819    0.007233838309837                    0          28.79958367
         "BPM.20L6.B1"          12601.76822                    3     -0.1193808112794    0.006273442115072                    0           28.8311352
         "BPM.19L6.B1"           12655.2197                    3    0.008435491963405    0.003813289643639                    0          28.98470588
         "BPM.18L6.B1"          12708.67119                    3      0.1247665756577    0.004229536490095                    0          29.24836679
         "BPM.17L6.B1"          12762.12267                    3       0.053687090523     0.01157930324488                    0          29.29958367
         "BPM.16L6.B1"          12815.57415                    3       -0.14784136619    0.001855463572841                    0           29.3311352
         "BPM.15L6.B1"          12869.02564                    3     0.01586074757247    0.002004598661147                    0          29.48470588
         "BPM.14L6.B1"          12922.47712                    3     -0.1835326302284   0.0009809985843332                    0          29.74836679
         "BPM.13L6.B1"          12975.92861                    3     -0.0493228394857     0.00370533025319                    0          29.79958367
         "BPM.12L6.B1"          13029.38009                    3     0.08066342273804    0.002465017644642                    0          29.82901561
         "BPM.11L6.B1"          13082.83158                    3     0.03340226571197    0.001659486996975                    0          29.93574128
         "BPM.10L6.B1"          13134.67226                    3     -0.1951374144217    0.002543237767544                    0          30.20967261
          "BPM.9L6.B1"          13173.73925                    3     -0.1043219755886    0.002996653912661                    0          30.27070116
          "BPM.8L6.B1"          13214.20424                    3      0.3671537621562    0.003413660576604                    0          30.30773427
        "BPMYA.5L6.B1"          13311.29423                    3     -0.2180980205488    0.001981100214274                    0          30.69186175
        "BPMYB.4L6.B1"          13347.69423                    3     -0.2012817926723     0.00191953060834                    0          30.71074182
       "BPMSX.B4L6.B1"          13383.23473                    3      0.3950267509282     0.01241983278293                    0          30.74818522
       "BPMSX.A4L6.B1"          13383.81973                    3     0.07739783602233    0.008794434041309                    0          30.74885642
        "BPMSA.4R6.B1"          13568.51473                    3     -0.7956259703812     0.00574476907133                    0          30.92446508
       "BPMSI.A4R6.B1"          13661.77473                    3     0.07584129467724    0.003561300569164                    0           30.9594195
        "BPMYA.4R6.B1"          13691.29423                    3     -0.2409639099096    0.009273441887388                    0          30.96665621
        "BPMYB.5R6.B1"          13727.69423                    3     -0.2195441889947    0.002176499347663                    0          30.98337937
          "BPM.8R6.B1"          13823.42122                    3      0.1479438203242    0.004048507794413                    0          31.31802358
          "BPM.9R6.B1"          13862.48821                    3     -0.6507119114421    0.004515734475644                    0          31.44319868
         "BPM.10R6.B1"           13902.9532                    3      0.1762681094339    0.006467612592349                    0          31.55469432
         "BPM.11R6.B1"          13954.79389                    3     -0.3774057798925    0.004109189910107                    0          31.67271392
         "BPM.12R6.B1"          14009.52037                    3     -0.1128173517381     0.01317378124264                    0          31.84837515
         "BPM.13R6.B1"          14062.97186                    3      0.2551434493746    0.004500575528777                    0           31.9668226
         "BPM.14R6.B1"          14116.42334                    3    -0.09113866427885     0.01007170872216                    0          32.10375704
         "BPM.15R6.B1"          14169.87483                    3     -0.1763036686123    0.002389813947218                    0          32.22091431
         "BPM.16R6.B1"          14223.32631                    3    -0.03700597608139    0.007814774254157                    0          32.36174184
         "BPM.17R6.B1"          14276.77779                    3      0.2856775054997    0.002014981010356                    0          32.47571772
         "BPM.18R6.B1"          14330.22928                    3    -0.04383142088342    0.005082258325146                    0          32.61285257
         "BPM.19R6.B1"          14383.68076                    3     -0.1337253052537     0.00337300170457                    0          32.73019667
         "BPM.20R6.B1"          14437.13225                    3     0.01057410047901    0.006831795515545                    0           32.8707984
         "BPM.21R6.B1"          14490.58373                    3     -0.3793121341618    0.003025233821596                    0          32.98460683
         "BPM.22R6.B1"          14544.03522                    3      0.2609233673256    0.007441443085488                    0          33.12197048
         "BPM.23R6.B1"           14597.4867                    3     -0.7041003486987    0.002877337231217                    0          33.23647292
         "BPM.24R6.B1"          14650.93818                    3      0.3664005030438    0.004438612930467                    0           33.3738374
         "BPM.25R6.B1"          14704.38967                    3     -0.6042373350062    0.003566478102841                    0          33.48833984
         "BPM.26R6.B1"          14757.84115                    3      0.1875241330226    0.008741806594961                    0          33.62570432
         "BPM.27R6.B1"          14811.29264                    3     -0.3641623559779    0.004342603409004                    0          33.74020676
         "BPM.28R6.B1"          14864.74412                    3     0.03131502160265    0.008067242019355                    0          33.87757124
         "BPM.29R6.B1"           14918.1956                    3      -0.321364037157    0.002656151169039                    0          33.99207368
         "BPM.30R6.B1"          14971.64709                    3      0.1232669450881    0.008535421796559                    0          34.12943816
         "BPM.31R6.B1"          15025.09857                    3    -0.06314557717705    0.002304052241853                    0          34.24394061
         "BPM.32R6.B1"          15078.55006                    3     0.05289335580174    0.006147345722492                    0          34.38130509
         "BPM.33R6.B1"          15132.00154                    3        -0.1832373514    0.006076831767685                    0          34.49580753
         "BPM.34R6.B1"          15185.45302                    3    -0.04703893946099    0.003283046574107                    0          34.63317201
         "BPM.33L7.B1"          15238.90451                    3    -0.07806088043127    0.001718105643283                    0          34.74767445
         "BPM.32L7.B1"          15292.35599                    3     -0.1139948647421    0.005211849447643                    0          34.88503893
         "BPM.31L7.B1"          15345.80748                    3     -0.2317733034604   0.0006264330088614                    0          34.99954137
         "BPM.30L7.B1"          15399.25896                    3     0.08057096321147    0.001331844826721                    0          35.13690585
         "BPM.29L7.B1"          15452.71045                    3    -0.01365791054676     0.00101261459773                    0          35.25140829
         "BPM.28L7.B1"          15506.16193                    3     0.02414715623881    0.004147668177693                    0          35.38877277
         "BPM.27L7.B1"          15559.61341                    3     -0.0543772538839    0.002866909993731                    0          35.50327522
         "BPM.26L7.B1"           15613.0649                    3    -0.06915233139218    0.002465700062481                    0           35.6406397
         "BPM.25L7.B1"          15666.51638                    3      0.0080079260635    0.001767743207516                    0          35.75514214
         "BPM.24L7.B1"          15719.96787                    3    -0.04899829237283    0.004068853858765                    0          35.89250662
         "BPM.23L7.B1"          15773.41935                    3     -0.4100740014217    0.003528611533902                    0          36.00700906
         "BPM.22L7.B1"          15826.87083                    3    -0.06542717545452     0.00105653342315                    0          36.14437354
         "BPM.21L7.B1"          15880.32232                    3      0.4568925010773    0.001396536191378                    0          36.25887598
         "BPM.20L7.B1"           15933.7738                    3     -0.2430961282361    0.001236381103334                    0           36.3953979
         "BPM.19L7.B1"          15987.22529                    3      0.2394239430135    0.002168400271048                    0          36.51222176
         "BPM.18L7.B1"          16040.67677                    3     0.09660349640826    0.003542503601204                    0          36.65349421
         "BPM.17L7.B1"          16094.12825                    3     -0.6828670353223    0.002946853491253                    0          36.76776572
         "BPM.16L7.B1"          16147.57974                    3      0.2114478738354    0.003876371087194                    0          36.90445171
         "BPM.15L7.B1"          16201.03122                    3     -0.5862700971439    0.001785278368025                    0          37.02150664
         "BPM.14L7.B1"          16254.48271                    3     0.05760516625644    0.004059343785109                    0          37.16259163
         "BPM.13L7.B1"          16307.93419                    3     0.05341433470973    0.003046555875155                    0          37.27664984
         "BPM.12L7.B1"          16361.38567                    3     -0.1019872022001    0.004720446125279                    0           37.4163418
         "BPM.11L7.B1"          16414.83716                    3      0.3265087200153    0.001327394953752                    0          37.53608116
         "BPM.10L7.B1"          16467.61985                    3     -0.0726665832378    0.001252834354367                    0          37.67987024
          "BPM.9L7.B1"          16506.68684                    3     -0.5316323004486    0.003498423374761                    0          37.77353016
          "BPM.8L7.B1"          16547.15183                    3      0.2727675306519   0.0003493564360634                    0          37.96626248
          "BPM.7L7.B1"          16586.21782                    3     -0.1890613818845    0.003083894058065                    0          38.04882062
          "BPM.6L7.B1"          16621.03582                    3      0.3577866419347     0.00345508422127                    0          38.09551311
        "BPMWC.6L7.B1"          16633.13832                    3     -0.2945193608035    0.001514058490233                    0          38.10307277
        "BPMWE.5L7.B1"          16710.19232                    3     -0.3602462432687    0.002199548127429                    0           38.2922015
        "BPMWE.4L7.B1"          16768.48232                    3     -0.2235044984239    0.004840575467648                    0          38.43107929
         "BPMW.4L7.B1"          16796.58732                    3      0.6882312484515    0.004490712097142                    0           38.4443547
         "BPMW.4R7.B1"          16912.63432                    3     -0.1175437300047   0.0007183214433312                    0          38.63240253
        "BPMWE.4R7.B1"          16940.73932                    3      0.5691180184853   0.0001430236863241                    0          38.70857566
         "BPMW.5R7.B1"          16975.82432                    3     -0.1383026254666    0.003927921769442                    0          38.74154092
        "BPMWE.5R7.B1"          16999.02932                    3     -0.2236024819908    0.003057834547625                    0          38.75195663
         "BPMR.6R7.B1"          17078.24482                    3     -0.1279598331075    0.001058028266313                    0          38.84463148
        "BPM_A.7R7.B1"          17116.28082                    3     0.03044037786025    0.001632487359552                    0          38.92472554
          "BPM.9R7.B1"           17194.4138                    3     0.09808566589188    0.001139296507622                    0          39.24252019
         "BPM.10R7.B1"          17234.87878                    3     -0.3577532264187    0.001207671966375                    0          39.34215805
         "BPM.11R7.B1"          17287.66147                    3      0.1809866780791   0.0002202848609369                    0          39.46905121
         "BPM.12R7.B1"          17342.38796                    3     -0.2834029023228    0.002189813120433                    0          39.58941414
         "BPM.13R7.B1"          17395.83944                    3      0.1924119832394    0.001736108946697                    0          39.73300145
         "BPM.14R7.B1"          17449.29093                    3     -0.6097687145822    0.001256394911887                    0          39.84800787
         "BPM.15R7.B1"          17502.74241                    3      0.1164885497075    0.004312508422786                    0          39.98429595
         "BPM.16R7.B1"          17556.19389                    3    -0.06682590863229    0.003249892998973                    0          40.10061495
         "BPM.17R7.B1"          17609.64538                    3    -0.01653267137613    0.002922507664979                    0          40.24216757
         "BPM.18R7.B1"          17663.09686                    3     0.01668222746016   0.0004420815213998                    0          40.35691612
         "BPM.19R7.B1"          17716.54835                    3     0.06958059966923    0.001813434273918                    0          40.49330487
         "BPM.20R7.B1"          17769.99983                    3     -0.2417643873174    0.001172235063464                    0          40.60988229
         "BPM.21R7.B1"          17823.45131                    3      0.1196200740328    0.004993520093172                    0          40.75131136
         "BPM.22R7.B1"           17876.9028                    3     -0.3230040393165     0.00465057209522                    0          40.86581393
         "BPM.23R7.B1"          17930.35428                    3     0.08945746640192    0.004741802018329                    0          41.00317841
         "BPM.24R7.B1"          17983.80577                    3      -0.231404705736    0.001944593202938                    0          41.11768085
         "BPM.25R7.B1"          18037.25725                    3      0.2299569421125   0.0009461805618107                    0          41.25504533
         "BPM.26R7.B1"          18090.70874                    3     -0.5972348818835   0.0008554744336748                    0          41.36954777
         "BPM.27R7.B1"          18144.16022                    3      0.1328440226609    0.001578504167139                    0          41.50691225
         "BPM.28R7.B1"           18197.6117                    3    -0.07982108296505    0.001558201239994                    0          41.62141469
         "BPM.29R7.B1"          18251.06319                    3      0.3163947712556    0.002804793809311                    0          41.75877917
         "BPM.30R7.B1"          18304.51467                    3      0.3336798233085    0.002641581082067                    0          41.87328162
         "BPM.31R7.B1"          18357.96616                    3     -0.1012419282427    0.003406303357792                    0           42.0106461
         "BPM.32R7.B1"          18411.41764                    3     -0.1897289389859    0.001786391571755                    0          42.12514854
         "BPM.33R7.B1"          18464.86912                    3      0.6292687918917    0.001541918093613                    0          42.26251302
         "BPM.34R7.B1"          18518.32061                    3     -0.3206842890306    0.003167336247257                    0          42.37701546
         "BPM.33L8.B1"          18571.77209                    3      0.2078635723359     0.00225308524072                    0          42.51437994
         "BPM.32L8.B1"          18625.22358                    3     -0.4568147996893    0.002954375807255                    0          42.62888238
         "BPM.31L8.B1"          18678.67506                    3      0.0528742931845    0.001176058231291                    0          42.76624686
         "BPM.30L8.B1"          18732.12654                    3     0.04893661312449    0.004811237388429                    0           42.8807493
         "BPM.29L8.B1"          18785.57803                    3     -0.1762145646819    0.002681734445436                    0          43.01811378
         "BPM.28L8.B1"          18839.02951                    3      0.1797151934182   0.0007193806223146                    0          43.13261623
         "BPM.27L8.B1"            18892.481                    3      0.2455218389861    0.001421908576869                    0          43.26998071
         "BPM.26L8.B1"          18945.93248                    3     -0.7882282881723     0.00122512615292                    0          43.38448315
         "BPM.25L8.B1"          18999.38397                    3      0.1500265718244    0.001529764353106                    0          43.52184763
         "BPM.24L8.B1"          19052.83545                    3      0.2268730979537    0.002337731028755                    0          43.63635007
         "BPM.23L8.B1"          19106.28693                    3      -0.243281539554    0.002825491559927                    0          43.77371455
         "BPM.22L8.B1"          19159.73842                    3      0.1145888226879    0.001737026158527                    0          43.88821699
         "BPM.20L8.B1"          19266.64139                    3     -0.2869406445034    0.002617128244867                    0           44.1430898
         "BPM.19L8.B1"          19320.09287                    3      0.2356372181155    0.002579338143012                    0          44.28344409
         "BPM.18L8.B1"          19373.54435                    3     -0.4205018830339   0.0006525342672637                    0          44.39710837
         "BPM.17L8.B1"          19426.99584                    3      0.2103185694201    0.001054169342595                    0          44.53472139
         "BPM.16L8.B1"          19480.44732                    3    -0.06294125222983    0.002588237316453                    0          44.65236902
         "BPM.15L8.B1"          19533.89881                    3     -0.1273169018704    0.003478606375075                    0          44.79245761
         "BPM.14L8.B1"          19587.35029                    3     0.08450151400309    0.001619787459415                    0           44.9060028
         "BPM.13L8.B1"          19640.80177                    3    -0.08695493234551    0.002184575987312                    0          45.04388265
         "BPM.12L8.B1"          19694.25326                    3    -0.07836548101453   0.0005768190340166                    0          45.16193586
         "BPM.11L8.B1"          19747.70474                    3    -0.01623100036262    0.001460439791694                    0          45.30513854
         "BPM.10L8.B1"          19799.54543                    3      0.1639305146444    0.001643150661582                    0          45.40949118
          "BPM.9L8.B1"          19838.61242                    3     -0.2665404396786   0.0009071602962421                    0           45.5205207
          "BPM.8L8.B1"          19879.07741                    3      0.2529663484864    0.002486806420514                    0          45.68204771
          "BPM.7L8.B1"           19918.1454                    3     -0.1481119815071    0.002610947388037                    0          45.85920374
         "BPMR.6L8.B1"           19950.6144                    3     -0.6044599896255    0.004167777187466                    0          45.97514545
          "BPM.5L8.B1"           20011.0334                    3     0.05916103674342   0.0005777117004881                    0          46.22772285
        "BPMYB.4L8.B1"           20031.8004                    3     -0.0735031045501    0.001141170335618                    0          46.24682539
        "BPMWB.4L8.B1"           20056.1919                    3      -2.596884040464    0.003496533476135                    0          46.26959577
        "BPMSX.4L8.B1"           20106.4249                    3      -1.904737432413    0.002748483148747                    0          46.29193161
         "BPMS.2L8.B1"           20144.3364                    3     -0.4093358586325    0.002328756252736                    0           46.3074035
        "BPMSW.1L8.B1"           20154.2704                    3     -0.2010393689722    0.002775920203635                    0          46.31534365
        "BPMSW.1R8.B1"           20197.4604                    3      0.5778882532089    0.003765457139725                    0          46.77140493
         "BPMS.2R8.B1"           20207.3944                    3       1.489502630693     0.00507393286653                    0          46.77755555
        "BPMSX.4R8.B1"           20245.3059                    3     -0.5603113334351    0.003274027058688                    0          46.79110893
        "BPMWB.4R8.B1"           20295.4629                    3      0.0674014384463    0.002486944896318                    0          46.81707759
        "BPMYB.4R8.B1"           20319.9304                    3     -0.1788870030009    0.004853835321945                    0           46.8314461
        "BPMYB.5R8.B1"           20340.5074                    3     0.02012924846836    0.004557941236804                    0          46.85983567
          "BPM.6R8.B1"           20424.6154                    3     -0.1239175391468    0.003727356720057                    0          47.23005274
        "BPM_A.7R8.B1"           20446.8554                    3      0.3010166569943   0.0006630428815971                    0          47.26600021
          "BPM.8R8.B1"          20488.29241                    3     -0.3744957000627    0.002506430526353                    0          47.35960184
          "BPM.9R8.B1"          20527.35742                    3    -0.02534867278079   0.0004629192890121                    0          47.49456134
         "BPM.10R8.B1"          20567.82043                    3      0.1992460595345     0.00343899299825                    0          47.68796553
         "BPM.11R8.B1"          20619.65914                    3     -0.3855810938975    0.003176041384442                    0          47.78833238
         "BPM.12R8.B1"          20674.38266                    3    -0.04225608188268    0.004240348872768                    0          47.91727229
         "BPM.13R8.B1"          20727.83117                    3     -0.2810319258353    0.004659103882648                    0          48.03394197
         "BPM.14R8.B1"          20781.27969                    3    -0.01858748120508   0.0001270370855178                    0          48.17009308
         "BPM.16R8.B1"          20888.17672                    3     0.09503481454792    0.002344287035054                    0          48.42007506
         "BPM.17R8.B1"          20941.62524                    3      -0.467748092556    0.002154694368439                    0          48.53390916
         "BPM.18R8.B1"          20995.07375                    3      0.1261075890382    0.001222288384593                    0          48.67005703
         "BPM.19R8.B1"          21048.52227                    3    -0.04732747403388    0.004444604695191                    0          48.78389114
         "BPM.20R8.B1"          21101.97079                    3     -0.1001675223891    0.004765776929317                    0            48.920039
         "BPM.21R8.B1"           21155.4193                    3     -0.2780725911424    0.003896499651635                    0          49.03387311
         "BPM.23R8.B1"          21262.31633                    3      0.1967748138536    0.003295485096583                    0          49.28385508
         "BPM.24R8.B1"          21315.76485                    3      0.2452288954945    0.002696072631764                    0          49.42000295
         "BPM.25R8.B1"          21369.21337                    3     -0.5627002530299    0.001623171886147                    0          49.53383706
         "BPM.26R8.B1"          21422.66188                    3     0.03308639362665    0.002629414696784                    0          49.66998492
         "BPM.27R8.B1"           21476.1104                    3      0.2045384862188    0.002471741552165                    0          49.78381903
         "BPM.28R8.B1"          21529.55891                    3     -0.1872793829682    0.004748916328021                    0           49.9199669
         "BPM.29R8.B1"          21583.00743                    3      0.1935206137267    0.003831073321848                    0            50.033801
         "BPM.30R8.B1"          21636.45594                    3    -0.02707103592585    0.001075540106699                    0          50.16994887
         "BPM.31R8.B1"          21689.90446                    3    -0.07190572883248    0.001818890396243                    0          50.28378297
         "BPM.32R8.B1"          21743.35298                    3     0.01594449302176   0.0005992394402298                    0          50.41993084
         "BPM.33R8.B1"          21796.80149                    3      0.1880550762599    0.001107092922301                    0          50.53376495
         "BPM.34R8.B1"          21850.25001                    3   -0.004214994381767    0.002174280123623                    0          50.66991282
         "BPM.33L1.B1"          21903.69852                    3     -0.2239576541617    0.002252010889015                    0          50.78374692
         "BPM.32L1.B1"          21957.14704                    3     -0.1992488279318    0.004069504439188                    0          50.91989479
         "BPM.31L1.B1"          22010.59556                    3     0.08170557570199    0.002171253756513                    0          51.03372889
         "BPM.30L1.B1"          22064.04407                    3      0.1395194885298    0.001050315778334                    0          51.16987676
         "BPM.29L1.B1"          22117.49259                    3     -0.3456576997238    0.002380500156274                    0          51.28371087
         "BPM.28L1.B1"           22170.9411                    3    -0.03280055976326    0.001783632702577                    0          51.41985874
         "BPM.27L1.B1"          22224.38962                    3      0.2585668939346   0.0008738639692186                    0          51.53369284
         "BPM.26L1.B1"          22277.83814                    3     -0.1795285138591    0.000347428345474                    0          51.66984071
         "BPM.25L1.B1"          22331.28665                    3       -0.23984162449    0.001695111398781                    0          51.78367481
         "BPM.24L1.B1"          22384.73517                    3     -0.1983752119061     0.00155592934292                    0          51.91982268
         "BPM.23L1.B1"          22438.18368                    3      0.2327232636924    0.002103173019103                    0          52.03365679
         "BPM.22L1.B1"           22491.6322                    3     -0.1904815771022    0.002357656040217                    0          52.16980466
         "BPM.21L1.B1"          22545.08071                    3       0.146541285138    0.003246761745915                    0          52.28363876
         "BPM.20L1.B1"          22598.52923                    3     -0.1588576979213    0.002074998029104                    0          52.41978663
         "BPM.19L1.B1"          22651.97775                    3      0.1649204349297    0.003181692194711                    0          52.53362073
         "BPM.18L1.B1"          22705.42626                    3      0.1622656673619   0.0006828589304476                    0           52.6697686
         "BPM.17L1.B1"          22758.87478                    3     0.08983950519456    0.002079364571871                    0          52.78360271
         "BPM.16L1.B1"          22812.32329                    3     -0.1740830099447    0.003175572908519                    0          52.91975058
         "BPM.15L1.B1"          22865.77181                    3     0.08018338206594   0.0001079670076595                    0          53.03358468
         "BPM.14L1.B1"          22919.22033                    3    -0.03579107930543   0.0009712354775815                    0          53.16973255
         "BPM.13L1.B1"          22972.66884                    3   -0.001477915842351    0.002468706637263                    0          53.28356665
         "BPM.12L1.B1"          23026.11736                    3    -0.04795376834471    0.002883968626499                    0          53.42115725
         "BPM.11L1.B1"          23079.56587                    3       0.163966382321    0.002345551812839                    0          53.53260267
         "BPM.10L1.B1"          23132.34658                    3     -0.1608254014337   0.0005773604272914                    0          53.66391145
          "BPM.9L1.B1"           23171.4116                    3    -0.05525181452611    0.003331403473644                    0          53.76638391
          "BPM.8L1.B1"          23211.87461                    3     -0.0940113334938     0.00301570098773                    0          53.96365143
         "BPMR.7L1.B1"          23250.94062                    3      0.1327154433918     0.00325263533835                    0          54.05779112
          "BPM.6L1.B1"          23294.12462                    3     -0.0448531774997    0.001487007166753                    0          54.15284318
         "BPMR.5L1.B1"          23326.02462                    3     -0.2139710923419    0.003248172248469                    0          54.16960626
        "BPMYA.4L1.B1"          23347.14262                    3     -0.3020173321299    0.002575175033845                    0          54.17536566
        "BPMWB.4L1.B1"          23368.27512                    3     -0.2614884290401    0.004229502808582                    0          54.17910976
        "BPMSY.4L1.B1"          23461.05512                    3      -1.335390553646    0.002918381622483                    0          54.19070311
         "BPMS.2L1.B1"          23487.84062                    3      0.4731190499065     0.00604644911551                    0          54.19240825
        "BPMSW.1L1.B1"          23497.79062                    3      0.9059194114378    0.001861818376037                    0          54.19365981
        "BPMSW.1R1.B1"          23540.93362                    3      -1.073743310651   0.0008503447976288                    0          54.68480847
         "BPMS.2R1.B1"          23550.89862                    3       0.172216070994    0.003435651487681                    0          54.68642018
        "BPMSY.4R1.B1"          23577.68412                    3     -0.2857995837536     0.00162742084579                    0            54.688906
        "BPMWB.4R1.B1"          23670.46412                    3    -0.01181125145191    0.001826859943769                    0           54.6996647
        "BPMYA.4R1.B1"          23691.59662                    3     -0.3323701172407    0.002713495091249                    0          54.70887257
          "BPM.5R1.B1"          23719.00462                    3     -0.1613030534896     0.00252706503688                    0           54.7371269
         "BPMR.6R1.B1"          23750.90462                    3      0.1063113930002    0.002065915072323                    0          55.01093436
        "BPMSX.7R1.B1"          23757.12012                    3     -0.4071210223366    0.002945544379739                    0          55.07011675
        "BPM_A.7R1.B1"          23778.62862                    3        3.37550017769    0.001460834839691                    0          55.13182652
          "BPM.8R1.B1"          23820.06761                    3      0.2784469325145   0.0005355949849835                    0          55.25322666
          "BPM.9R1.B1"           23859.1346                    3      -0.154020860198    0.001441741834559                    0          55.45103954
         "BPM.10R1.B1"          23899.59958                    3      -0.182276993491   0.0008218977075431                    0          55.54638635
         "BPM.11R1.B1"          23952.38227                    3      0.1842590326294    0.001562434526464                    0           55.6741864
         "BPM.12R1.B1"          24007.10876                    3     0.05469078055359    0.002062834264375                    0          55.78551584
         "BPM.13R1.B1"          24060.56024                    3     -0.1307804804447    0.003353270499044                    0          55.92074238
         "BPM.14R1.B1"          24114.01173                    3     -0.1867243972209    0.002545446248018                    0          56.03458417
         "BPM.15R1.B1"          24167.46321                    3      0.1345372755797    0.002882530182944                    0          56.17074235
         "BPM.16R1.B1"          24220.91469                    3     -0.3564067936582   0.0001956083827145                    0          56.28458417
         "BPM.17R1.B1"          24274.36618                    3     0.08767705793401    0.001673022002373                    0          56.42074235
         "BPM.18R1.B1"          24327.81766                    3     -0.1430841822453    0.003728502169935                    0          56.53458417
         "BPM.19R1.B1"          24381.26915                    3        0.11849587823    0.001566246639374                    0          56.67074235
         "BPM.20R1.B1"          24434.72063                    3       -0.12458804465    0.001306618135752                    0          56.78458417
         "BPM.21R1.B1"          24488.17211                    3      0.2663045154933    0.004113371081755                    0          56.92074235
         "BPM.22R1.B1"           24541.6236                    3     -0.1685219195699    0.002432582757344                    0          57.03458417
         "BPM.23R1.B1"          24595.07508                    3      0.1290092808853    0.003068711667017                    0          57.17074235
         "BPM.24R1.B1"          24648.52657                    3     -0.2558170550359     0.00106258001779                    0          57.28458417
         "BPM.25R1.B1"          24701.97805                    3      0.1123942386447    0.002470587628789                    0          57.42074235
         "BPM.26R1.B1"          24755.42954                    3     -0.3644906149573     0.00134098343316                    0          57.53458417
         "BPM.27R1.B1"          24808.88102                    3      0.0472499892942    0.001654810029098                    0          57.67074235
         "BPM.28R1.B1"           24862.3325                    3     -0.2320158568204    0.001593182096155                    0          57.78458417
         "BPM.29R1.B1"          24915.78399                    3       0.043023112773    0.003150774999396                    0          57.92074235
         "BPM.30R1.B1"          24969.23547                    3      -0.116645010407     0.00229666799515                    0          58.03458417
         "BPM.31R1.B1"          25022.68696                    3      0.0846317995901    0.003785289047252                    0          58.17074235
         "BPM.32R1.B1"          25076.13844                    3    -0.03476796869571   0.0008795947188746                    0          58.28458417
         "BPM.33R1.B1"          25129.58992                    3    -0.04944504153224    0.003495522060922                    0          58.42074235
         "BPM.34R1.B1"          25183.04141                    3      0.0534076405104   0.0002333617911044                    0          58.53458417
         "BPM.33L2.B1"          25236.49289                    3     -0.1500617502731    0.004479047899757                    0          58.67074235
         "BPM.32L2.B1"          25289.94438                    3      0.1051543732481    0.005069847056274                    0          58.78458417
         "BPM.31L2.B1"          25343.39586                    3     -0.1484483239451    0.003420548608098                    0          58.92074235
         "BPM.30L2.B1"          25396.84734                    3     -0.1667397416079    0.003600707242968                    0          59.03458417
         "BPM.29L2.B1"          25450.29883                    3     0.05369424973567    0.001616552865215                    0          59.17074235
         "BPM.28L2.B1"          25503.75031                    3      0.1385985737934    0.003523313845654                    0          59.28458417
         "BPM.27L2.B1"           25557.2018                    3     -0.1183443750639    0.001558334898533                    0          59.42074235
         "BPM.26L2.B1"          25610.65328                    3      0.2083957368729    0.001753540676538                    0          59.53458417
         "BPM.25L2.B1"          25664.10477                    3     -0.1528212843927    0.004243441432462                    0          59.67074235
         "BPM.24L2.B1"          25717.55625                    3     -0.1759834767633    0.004976806698307                    0          59.78458417
         "BPM.23L2.B1"          25771.00773                    3     -0.4214332245188    0.005813562546049                    0          59.92074235
         "BPM.22L2.B1"          25824.45922                    3      -0.272878423582    0.008392109610403                    0          60.03458417
         "BPM.21L2.B1"           25877.9107                    3     0.08802552999742    0.004414600970095                    0          60.17074235
         "BPM.20L2.B1"          25931.36219                    3      0.1464757187156    0.002710909750727                    0          60.28458417
         "BPM.19L2.B1"          25984.81367                    3     -0.2558130592344    0.003837744456261                    0          60.42074235
         "BPM.18L2.B1"          26038.26515                    3      -0.365793390699    0.002550988993071                    0          60.53458417
         "BPM.17L2.B1"          26091.71664                    3     -0.1088011681661    0.005738810994965                    0          60.67074235
         "BPM.16L2.B1"          26145.16812                    3      0.3777630915538    0.004117312505621                    0          60.78458417
         "BPM.15L2.B1"          26198.61961                    3     -0.2357050792689    0.006357259502804                    0          60.92074235
         "BPM.14L2.B1"          26252.07109                    3     0.04644219389357    0.003535939849291                    0          61.03458417
         "BPM.13L2.B1"          26305.52257                    3     -0.1182296790025    0.005506588974557                    0          61.17074235
         "BPM.12L2.B1"          26358.97406                    3    -0.09064170617978    0.003762565335821                    0          61.29748751
         "BPM.11L2.B1"          26412.42554                    3     -0.2021023133474    0.006151075336765                    0          61.44729494
         "BPM.10L2.B1"          26464.26623                    3      0.3710278773428    0.003047166524528                    0          61.55168714
          "BPM.9L2.B1"          26503.33322                    3     -0.1337192424178    0.005611202470869                    0          61.66603276
          "BPM.8L2.B1"          26543.79821                    3    -0.07274752130392    0.002765298166131                    0          61.83404811
          "BPM.7L2.B1"           26582.8662                    3    -0.05773092997239    0.007347430906447                    0            62.023318
         "BPMR.6L2.B1"           26614.9722                    3     -0.5867474668688    0.005751299505508                    0          62.10706341