@ GetLLMVersion %s "V3.0.0 Dev"
@ Command %s "/afs/cern.ch/work/o/omc/anaconda/bin/python '/home/jdilly/link_betabeat/GetLLM/GetLLM.py' '--accel=LHCB2' '--model=/home/jdilly/link_gui_out/2018-11-01/models/LHCB2/flattoptics_injecitonTunesB2/twiss.dat' '--files=/home/jdilly/link_gui_out/2018-11-01/LHCB2/Measurements/Beam2@Turn@2018_10_30@13_01_28_539/Beam2@Turn@2018_10_30@13_01_28_539.sdds,/home/jdilly/link_gui_out/2018-11-01/LHCB2/Measurements/Beam2@Turn@2018_10_30@13_03_01_002/Beam2@Turn@2018_10_30@13_03_01_002.sdds,/home/jdilly/link_gui_out/2018-11-01/LHCB2/Measurements/Beam2@Turn@2018_10_30@13_04_06_462/Beam2@Turn@2018_10_30@13_04_06_462.sdds' '--output=/home/jdilly/link_gui_out/2018-11-01/LHCB2/Results/b2_MD3312_forcoupling' '--tbtana=SUSSIX' '--bpmu=mm' '--lhcphase=0' '--errordefs=/home/jdilly/link_gui_out/2018-11-01/models/LHCB2/flattoptics_injecitonTunesB2/error_deff.txt' '--calibration=/afs/cern.ch/eng/sl/lintrack/LHC_commissioning2017/Calibration_factors_2017/Calibration_factors_2017_beam2' '--range=11'"
@ CWD %s "/media/jdilly/Storage/Repositories/BetaBeatGui/beta-beating-cwd"
@ Date %s "01. November 2018, 14:51:59"
@ TABLE %s "ORBIT"
@ TYPE %s "ORBIT"
@ SEQUENCE %s "LHCB2"
@ Q1 %le 0.2688187400485257
@ Q2 %le 0.32395199049127005
@ FILES %s "/home/jdilly/link_gui_out/2018-11-01/LHCB2/Measurements/Beam2@Turn@2018_10_30@13_01_28_539/Beam2@Turn@2018_10_30@13_01_28_539.sdds.liny,/home/jdilly/link_gui_out/2018-11-01/LHCB2/Measurements/Beam2@Turn@2018_10_30@13_03_01_002/Beam2@Turn@2018_10_30@13_03_01_002.sdds.liny,/home/jdilly/link_gui_out/2018-11-01/LHCB2/Measurements/Beam2@Turn@2018_10_30@13_04_06_462/Beam2@Turn@2018_10_30@13_04_06_462.sdds.liny"
*                 NAME                    S                COUNT                    Y                 STDY                 YMDL               MUYMDL
$                   %s                  %le                  %le                  %le                  %le                  %le                  %le
        "BPMYB.5R8.B2"               16.238                    3     -0.6390850868794    0.006633770018817                    0        0.02892363191
         "BPMR.6R8.B2"              100.346                    3      -0.306686687623    0.002768887923889                    0         0.4071359381
        "BPM_A.7R8.B2"              122.586                    3      -0.617124836185    0.003763893287146                    0          0.447678739
          "BPM.8R8.B2"          164.0249894                    3      0.7852269154238    0.001653476814049                    0          0.775334811
          "BPM.9R8.B2"          203.0919788                    3      0.2492119116432    0.003597359553106                    0         0.8364677385
         "BPM.10R8.B2"          243.5569682                    3     -0.1590310683033    0.002686408368826                    0         0.8673824283
         "BPM.11R8.B2"          295.3976576                    3     -0.4265215214689    0.001701672601176                    0         0.8998365902
         "BPM.12R8.B2"          350.1241417                    3      0.4380105940406    0.002385484036818                    0          1.061899375
         "BPM.13R8.B2"          403.5756258                    3     -0.1530498664189    0.002094104482697                    0          1.320670158
         "BPM.14R8.B2"          457.0271099                    3    -0.03825560841494     0.00527971272394                    0          1.372692225
         "BPM.15R8.B2"           510.478594                    3      0.3957294573372    0.003101864679855                    0          1.404057201
         "BPM.16R8.B2"          563.9300781                    3     -0.1274700285385    0.001230711910075                    0          1.552326438
         "BPM.17R8.B2"          617.3815622                    3     -0.4449341107506    0.002863404394096                    0           1.82066771
         "BPM.18R8.B2"          670.8330463                    3      0.1773937200307     0.00183319682784                    0          1.872692225
         "BPM.19R8.B2"          724.2845304                    3      -0.226674539208    0.002842913296113                    0          1.904057201
         "BPM.20R8.B2"          777.7360145                    3      0.4242268683584    0.002173092202998                    0          2.052326438
         "BPM.21R8.B2"          831.1874986                    3     -0.4869452493607    0.004607603739585                    0           2.32066771
         "BPM.22R8.B2"          884.6389827                    3      0.2611897812421     0.00279887442067                    0          2.372692225
         "BPM.23R8.B2"          938.0904667                    3     -0.2049738326989    0.002025199556654                    0          2.404057201
         "BPM.24R8.B2"          991.5419508                    3      0.0260277655438   0.0005163647381213                    0          2.552326438
         "BPM.25R8.B2"          1044.993435                    3     -0.4291372600136    0.001528401310977                    0           2.82066771
         "BPM.26R8.B2"          1098.444919                    3    -0.03289781780582    0.001348637808737                    0          2.872692225
         "BPM.27R8.B2"          1151.896403                    3      0.2794307681559    0.003464138197278                    0          2.904057201
         "BPM.28R8.B2"          1205.347887                    3      0.1942147210368    0.004182962593432                    0          3.052326438
         "BPM.29R8.B2"          1258.799371                    3     -0.3111427260488    0.003331481080622                    0           3.32066771
         "BPM.30R8.B2"          1312.250855                    3       0.234237916984     0.00120494401862                    0          3.372692225
         "BPM.31R8.B2"           1365.70234                    3     -0.3508118619198    0.004380102920029                    0          3.404057201
         "BPM.32R8.B2"          1419.153824                    3       0.179850125075    0.001832467440521                    0          3.552326438
         "BPM.33R8.B2"          1472.605308                    3      -0.696447585514    0.001081789894169                    0           3.82066771
         "BPM.34R8.B2"          1526.056792                    3      0.1188708195712    0.001420968404201                    0          3.872692225
         "BPM.33L1.B2"          1579.508276                    3     0.07164270654678   0.0009829565697101                    0          3.904057201
         "BPM.32L1.B2"           1632.95976                    3      0.3890751125277    0.001909375711162                    0          4.052326438
         "BPM.31L1.B2"          1686.411244                    3     -0.7466129692989    0.003146925620598                    0           4.32066771
         "BPM.30L1.B2"          1739.862728                    3      0.3530398372901    0.000579302843354                    0          4.372692225
         "BPM.29L1.B2"          1793.314212                    3     -0.2768035390344   0.0005034895734248                    0          4.404057201
         "BPM.28L1.B2"          1846.765696                    3    -0.03502249083196    0.002536206559757                    0          4.552326438
         "BPM.27L1.B2"           1900.21718                    3     -0.2413629695273   0.0009926484884706                    0           4.82066771
         "BPM.26L1.B2"          1953.668665                    3     0.01889727584816    0.001948319014949                    0          4.872692225
         "BPM.25L1.B2"          2007.120149                    3    -0.01633543969217   5.240863607412e-05                    0          4.904057201
         "BPM.24L1.B2"          2060.571633                    3      0.1341234049865    0.001186123391955                    0          5.052326438
         "BPM.23L1.B2"          2114.023117                    3     0.08522321474523    0.001419653725594                    0           5.32066771
         "BPM.22L1.B2"          2167.474601                    3      0.1815017767107    0.003271535676814                    0          5.372692225
         "BPM.21L1.B2"          2220.926085                    3     -0.5241266293502    0.001625206771978                    0          5.404057201
         "BPM.20L1.B2"          2274.377569                    3     0.06815826696821    0.001356320929427                    0          5.552326438
         "BPM.19L1.B2"          2327.829053                    3     -0.4534534532668    0.003234220767257                    0           5.82066771
         "BPM.18L1.B2"          2381.280537                    3      0.1710101845182    0.000507238597454                    0          5.872692225
         "BPM.17L1.B2"          2434.732021                    3     -0.1426139121597    0.001665545890138                    0          5.904057201
         "BPM.16L1.B2"          2488.183506                    3      0.3482188338168    0.001166277365297                    0          6.052326438
         "BPM.15L1.B2"           2541.63499                    3     -0.4283775751313    0.001615279011071                    0           6.32066771
         "BPM.14L1.B2"          2595.086474                    3      0.1586760678647    0.002833080602971                    0          6.372692225
         "BPM.13L1.B2"          2648.537958                    3    -0.02578320437167    0.001084134015164                    0          6.404057201
         "BPM.12L1.B2"          2701.989442                    3      -0.161709948682    0.002853115317501                    0          6.554146835
         "BPM.11L1.B2"          2755.440926                    3     -0.1475371054843    0.001666427107086                    0           6.82513072
         "BPM.10L1.B2"          2808.223615                    3      0.4514036930727    0.001358830621805                    0          6.875717015
          "BPM.9L1.B2"          2847.290605                    3      -1.044051853028    0.001208964186012                    0          6.898119912
          "BPM.8L1.B2"          2887.755594                    3      0.2026385748522    0.003213224984306                    0          7.079208335
          "BPM.7L1.B2"          2926.823584                    3      0.1185228449221    0.001552377854719                    0          7.327720604
        "BPMSX.7L1.B2"          2957.502084                    3      0.1962687775329     0.00108520576693                    0          7.365679902
         "BPMR.6L1.B2"          2970.007584                    3      0.3026984137838    0.002821004559663                    0          7.368632709
          "BPM.5L1.B2"          3001.907584                    3     -0.5283596307932    0.005563745424307                    0          7.372892286
        "BPMYA.4L1.B2"          3023.025584                    3     -0.1816003281587    0.003999164710129                    0          7.374320036
        "BPMWB.4L1.B2"          3044.082084                    3     -0.1662099142592    0.002822538332221                    0          7.375257631
        "BPMSY.4L1.B2"          3136.938084                    3      -1.094241659008    0.008090375780425                    0          7.378161867
         "BPMS.2L1.B2"          3163.723584                    3     -0.9789961406848    0.001451749523069                    0          7.378588174
        "BPMSW.1L1.B2"          3173.673584                    3     -0.8713647611179    0.005586001249184                    0          7.378901184
        "BPMSW.1R1.B2"          3216.816584                    3    -0.06708684744385     0.01004699321549                    0          7.876688163
         "BPMS.2R1.B2"          3226.781584                    3      0.4469647662067     0.00581850604293                    0          7.877091226
        "BPMSY.4R1.B2"          3253.567084                    3     -0.3318298161878    0.009538028657282                    0           7.87771265
        "BPMWB.4R1.B2"          3346.423084                    3      0.2008540218067    0.003447495185529                    0          7.880410964
        "BPMYA.4R1.B2"          3367.479584                    3      0.4489491373242    0.005795485948677                    0          7.882727794
         "BPMR.5R1.B2"          3394.887584                    3     -0.1573602276872    0.008272950430087                    0          7.890337517
          "BPM.6R1.B2"          3426.787584                    3     -0.3495667827099    0.004649547334105                    0          8.311767813
        "BPMRA.7R1.B2"          3454.511584                    3       0.208386168419    0.004103773485244                    0          8.363443995
          "BPM.8R1.B2"          3495.948594                    3      0.2878513170439    0.002619909808418                    0          8.394447543
          "BPM.9R1.B2"          3535.013605                    3     -0.3610554951015     0.01104242471758                    0          8.676499481
         "BPM.10R1.B2"          3575.476615                    3    -0.03318325920785    0.001846230479268                    0          8.835731835
         "BPM.11R1.B2"          3628.257326                    3      0.1029115108219    0.004500562739328                    0           8.88242468
         "BPM.12R1.B2"          3682.980842                    3     -0.1680047898947    0.002064103968241                    0          8.912447765
         "BPM.13R1.B2"          3736.429358                    3      0.2420545031123    0.003972492318362                    0          9.056292608
         "BPM.14R1.B2"          3789.877874                    3     -0.2407274926219    0.001921448659854                    0          9.321521893
         "BPM.15R1.B2"           3843.32639                    3      0.1822099817103     0.00186450756333                    0          9.372996352
         "BPM.16R1.B2"          3896.774906                    3     -0.5450870703628    0.004210899240744                    0          9.404477567
         "BPM.17R1.B2"          3950.223421                    3    -0.05041343615242    0.002844742414701                    0          9.556171348
         "BPM.18R1.B2"          4003.671937                    3   -0.008701563518355    0.002328079389693                    0           9.82149666
         "BPM.19R1.B2"          4057.120453                    3      0.0615980547568    0.008683012906306                    0          9.872987216
         "BPM.20R1.B2"          4110.568969                    3     -0.1530913426669    0.003067369676509                    0           9.90446479
         "BPM.21R1.B2"          4164.017485                    3      0.1594919227512    0.005686088929784                    0          10.05605272
         "BPM.23R1.B2"          4270.914517                    3      0.1670128990771    0.002623784002404                    0          10.37297808
         "BPM.24R1.B2"          4324.363033                    3     -0.5746562406287   0.0002006180936827                    0          10.40445202
         "BPM.25R1.B2"          4377.811549                    3    -0.04335625519327    0.003674363097361                    0          10.55593418
         "BPM.26R1.B2"          4431.260065                    3      0.1065026774122    0.002606146488835                    0          10.82144615
         "BPM.27R1.B2"           4484.70858                    3    -0.01480648769007    0.002739150271448                    0          10.87296894
         "BPM.28R1.B2"          4538.157096                    3      0.1089661031665    0.001481190856247                    0          10.90443925
         "BPM.29R1.B2"          4591.605612                    3      0.1250095848595    0.002595309430237                    0          11.05581571
         "BPM.30R1.B2"          4645.054128                    3     -0.1367099511207    0.001729610657961                    0          11.32142088
         "BPM.31R1.B2"          4698.502644                    3     0.01470199744312    0.002029570913559                    0          11.37295981
         "BPM.32R1.B2"           4751.95116                    3  -0.0006399963153437    0.001043938132413                    0          11.40442648
         "BPM.33R1.B2"          4805.399676                    3     -0.1109936490877    0.002037900314262                    0          11.55569733
         "BPM.34R1.B2"          4858.848192                    3     -0.1023233224302     0.00290144334175                    0          11.82139559
         "BPM.33L2.B2"          4912.296708                    3     0.07125990342817    0.007660605790991                    0          11.87295067
         "BPM.32L2.B2"          4965.745224                    3   -0.003999339515566    0.001734423813646                    0          11.90441372
         "BPM.31L2.B2"           5019.19374                    3      0.1391392068537    0.004124881274193                    0          12.05557902
         "BPM.30L2.B2"          5072.642255                    3      0.1183962487907    0.002692632342637                    0          12.32137028
         "BPM.29L2.B2"          5126.090771                    3     -0.1170926200096   0.0007789817521101                    0          12.37294153
         "BPM.28L2.B2"          5179.539287                    3      0.2632950401312    0.003025268845401                    0          12.40440096
         "BPM.27L2.B2"          5232.987803                    3     -0.1961474752718    0.002452735748185                    0          12.55546079
         "BPM.26L2.B2"          5286.436319                    3    0.008624315199785   0.0004879630523912                    0          12.82134497
         "BPM.25L2.B2"          5339.884835                    3   0.0003004646985593    0.005317049387701                    0          12.87293239
         "BPM.24L2.B2"          5393.333351                    3      0.1495291289538    0.004383203038656                    0           12.9043882
         "BPM.23L2.B2"          5446.781867                    3     -0.1038526369542    0.005779678816599                    0          13.05534264
         "BPM.22L2.B2"          5500.230383                    3      0.4947814205223    0.008953923323225                    0          13.32131964
         "BPM.21L2.B2"          5553.678899                    3     -0.1341513624825    0.002563385067785                    0          13.37292325
         "BPM.20L2.B2"          5607.127414                    3    0.001396818001431    0.002905752461868                    0          13.40437545
         "BPM.19L2.B2"           5660.57593                    3     -0.1689483941776    0.008251072096597                    0          13.55522457
         "BPM.18L2.B2"          5714.024446                    3     0.02609571723183    0.005889560605237                    0          13.82129429
         "BPM.17L2.B2"          5767.472962                    3      0.0489043429947    0.007090381501836                    0          13.87291411
         "BPM.16L2.B2"          5820.921478                    3  -0.0001738601170262    0.003533606834192                    0           13.9043627
         "BPM.15L2.B2"          5874.369994                    3      0.1225039561932     0.00460331378706                    0          14.05510658
         "BPM.14L2.B2"           5927.81851                    3      0.3336399263793     0.00220367188923                    0          14.32126893
         "BPM.12L2.B2"          6034.715542                    3     -0.2558170736634    0.002423301089678                    0          14.40189928
         "BPM.11L2.B2"          6088.164058                    3    -0.07662029752868    0.006905490885389                    0          14.51264543
         "BPM.10L2.B2"          6140.002768                    3      0.2845959356033    0.006455510390553                    0          14.79826045
          "BPM.9L2.B2"          6179.067779                    3      0.1784534035701    0.006814387424674                    0          14.85355138
          "BPM.8L2.B2"          6219.530789                    3     -0.5397695617637    0.004245624390129                    0          14.90244347
          "BPM.6L2.B2"            6290.7028                    3      0.4521249830825    0.003213585393154                    0          15.33511404
        "BPMYB.4L2.B2"            6383.4718                    3     -0.2490092739558    0.006122295900064                    0          15.48746862
        "BPMWB.4L2.B2"            6407.8633                    3    -0.06501003846181    0.006499820963373                    0          15.53860299
        "BPMSX.4L2.B2"            6458.0963                    3      -1.208582095816    0.008986888060649                    0          15.60782417
         "BPMS.2L2.B2"            6496.0078                    3     -0.1669516116119    0.005396122919061                    0          15.65823508
        "BPMSW.1L2.B2"            6505.9418                    3      0.5222911381042    0.003185388676495                    0           15.6816621
        "BPMSW.1R2.B2"            6549.1318                    3        2.14914551133    0.007636615804814                    0          16.04359974
         "BPMS.2R2.B2"            6559.0658                    3       1.153592519478     0.01239108323766                    0          16.06154864
        "BPMSX.4R2.B2"            6596.9773                    3      0.6976408688562    0.006518854827389                    0           16.1050853
        "BPMWB.4R2.B2"            6647.1343                    3     0.04386546235579    0.007930335851461                    0          16.18645308
        "BPMYB.4R2.B2"            6671.6018                    3      -6.150332751506     0.01543117361487                    0          16.22139505
          "BPM.5R2.B2"            6701.1358                    3      0.4819466783988     0.01257493929674                    0          16.31714362
         "BPMR.6R2.B2"            6774.4318                    3     -0.1108696313284     0.01181608950944                    0          16.46343544
        "BPM_A.7R2.B2"            6787.3068                    3     -0.1335580453796     0.01595393985836                    0          16.47985228
          "BPM.8R2.B2"          6828.745789                    3     -0.1364445604697    0.009998618093324                    0          16.55251297
          "BPM.9R2.B2"          6867.812779                    3      -0.260450810788     0.01617623396034                    0          16.62360877
         "BPM.10R2.B2"          6908.277768                    3      0.1119126604143    0.004096434230581                    0          16.70855832
         "BPM.11R2.B2"          6960.118458                    3     -0.6362080306175     0.01259965347853                    0          16.82113166
         "BPM.12R2.B2"          7014.844942                    3      0.2332140745065   0.0005377968603165                    0          16.96450841
         "BPM.13R2.B2"          7068.296426                    3      0.2502709643806    0.009212401468108                    0          17.07457277
         "BPM.14R2.B2"           7121.74791                    3      0.2553830733244    0.006507169884079                    0          17.20711751
         "BPM.15R2.B2"          7175.199394                    3     -0.2014976698531    0.007677412608351                    0          17.32128562
         "BPM.16R2.B2"          7228.650878                    3      0.0784005451027    0.005962824918538                    0          17.45662604
         "BPM.17R2.B2"          7282.102362                    3     -0.1800934740135     0.00782804148717                    0          17.56697728
         "BPM.18R2.B2"          7335.553846                    3    -0.08453155869498    0.007556143752534                    0          17.69931164
         "BPM.19R2.B2"           7389.00533                    3      -0.293452498729     0.01607767387409                    0          17.81334863
         "BPM.20R2.B2"          7442.456814                    3      0.3423476294586    0.008090951701873                    0          17.94889957
         "BPM.21R2.B2"          7495.908299                    3     -0.3845072666291     0.01375401096219                    0          18.05938353
         "BPM.22R2.B2"          7549.359783                    3      0.3439927743177     0.00557539759748                    0          18.19152234
         "BPM.23R2.B2"          7602.811267                    3     0.02312678205096      0.0110656025747                    0          18.30241317
         "BPM.24R2.B2"          7656.262751                    3      0.2550947878486    0.005681961275526                    0           18.4344615
         "BPM.25R2.B2"          7709.714235                    3     -0.7382874835046    0.009848033383073                    0          18.54534434
         "BPM.26R2.B2"          7763.165719                    3    -0.01138425205507    0.003063855524004                    0           18.6774828
         "BPM.27R2.B2"          7816.617203                    3    -0.03107155091788    0.005962118752572                    0          18.78838054
         "BPM.28R2.B2"          7870.068687                    3      0.1208193990213    0.004100793969323                    0          18.92043038
         "BPM.29R2.B2"          7923.520171                    3     -0.1275930733352    0.003096093126976                    0          19.03130643
         "BPM.30R2.B2"          7976.971655                    3      0.3665546289548    0.006055671638431                    0          19.16344269
         "BPM.31R2.B2"           8030.42314                    3      -0.255032593114    0.003635360890442                    0          19.27434705
         "BPM.32R2.B2"          8083.874624                    3      0.1097190961793     0.00648113590867                    0          19.40639977
         "BPM.33R2.B2"          8137.326108                    3    0.003143392192166    0.006543525103082                    0          19.51726941
         "BPM.34R2.B2"          8190.777592                    3      -0.131992678365     0.01090540394211                    0          19.64940215
         "BPM.33L3.B2"          8244.229076                    3     -0.2045499296693    0.006899795021714                    0          19.76031265
         "BPM.32L3.B2"           8297.68056                    3     0.08039115410764    0.004224036074903                    0           19.8923695
         "BPM.31L3.B2"          8351.132044                    3     -0.1312140718457    0.006768085374354                    0          20.00323333
         "BPM.30L3.B2"          8404.583528                    3      0.2115734664465    0.003295968327687                    0          20.13536134
         "BPM.29L3.B2"          8458.035012                    3      0.2795138307727    0.005147751808865                    0           20.2462773
         "BPM.28L3.B2"          8511.486496                    3     0.04023719544051    0.001455815928421                    0          20.37833943
         "BPM.27L3.B2"           8564.93798                    3     -0.1102507360076    0.005951464673272                    0          20.48919821
         "BPM.26L3.B2"          8618.389465                    3     -0.2118530733927    0.002549149284662                    0          20.62132042
         "BPM.25L3.B2"          8671.840949                    3      0.1932143733976     0.01531422004754                    0          20.73224098
         "BPM.24L3.B2"          8725.292433                    3     -0.2482743495096    0.002798183911756                    0          20.86430938
         "BPM.23L3.B2"          8778.743917                    3      0.2842010306532     0.01057218353705                    0          20.97516404
         "BPM.22L3.B2"          8832.195401                    3      0.2492210272898    0.003463987820821                    0          21.10727956
         "BPM.21L3.B2"          8885.646885                    3     -0.1267716032229    0.009173283418422                    0          21.21820374
         "BPM.20L3.B2"          8939.098369                    3       0.209225196312     0.00454675866961                    0            21.349789
         "BPM.19L3.B2"          8992.549853                    3     -0.1236763216371    0.006241402724999                    0          21.46319026
         "BPM.18L3.B2"          9046.001337                    3    -0.01916221434525    0.001853179139909                    0          21.59948593
         "BPM.17L3.B2"          9099.452821                    3     -0.2424866798544    0.007230533257378                    0          21.71060641
         "BPM.16L3.B2"          9152.904306                    3   0.0004816262955593    0.002415175898525                    0          21.84206718
         "BPM.15L3.B2"           9206.35579                    3     -0.2780064133147    0.006372545600501                    0          21.95526006
         "BPM.14L3.B2"          9259.807274                    3      0.2002464675769     0.00211054966278                    0          22.09167533
         "BPM.13L3.B2"          9313.258758                    3      0.3038418474476    0.007991679301849                    0          22.20300278
         "BPM.12L3.B2"          9366.710242                    3      0.1974418399763    0.008392505298683                    0          22.33957286
         "BPM.11L3.B2"          9420.161726                    3     -0.4845931418866     0.01346251209635                    0          22.45079618
         "BPM.10L3.B2"          9472.944415                    3    -0.06170459101471    0.004968024182501                    0          22.58255944
          "BPM.9L3.B2"          9512.011405                    3      0.2014183369926     0.01101820999379                    0          22.64204026
          "BPM.8L3.B2"          9552.476394                    3     -0.1699934950406    0.007262489937411                    0          22.70597866
          "BPM.7L3.B2"          9591.542384                    3    -0.09350569384684    0.006908617140918                    0          22.76074577
         "BPMR.6L3.B2"          9664.181384                    3     -0.4084844321285     0.00584186233194                    0          22.85469291
         "BPMW.5L3.B2"          9734.779884                    3      0.1941930291541    0.002891581887969                    0           22.9643778
        "BPMWE.4L3.B2"          9809.907884                    3      0.4728043614855    0.008734380643929                    0          23.03776263
         "BPMW.4R3.B2"          9882.417884                    3       0.218375635304    0.002454672416726                    0           23.0841983
        "BPMWE.4R3.B2"          9909.962884                    3       0.273331413892    0.004611974438603                    0          23.12983092
         "BPMW.5R3.B2"          9985.090884                    3     -0.1192378122403    0.005034525438811                    0           23.2032642
       "BPMWE.A5R3.B2"          10013.80888                    3      0.5421914871454     0.01072553941118                    0          23.21870998
        "BPMWC.6R3.B2"          10053.62688                    3      0.7533216639796    0.004904412907904                    0          23.26154783
          "BPM.6R3.B2"          10065.78138                    3      -1.205550605575    0.005389035173746                    0          23.28777951
        "BPM_A.7R3.B2"          10121.60538                    3      0.4895426618155    0.005032854540206                    0          23.37730877
          "BPM.8R3.B2"          10160.67137                    3      0.2528252625584     0.01034544155207                    0          23.51136182
          "BPM.9R3.B2"          10199.73836                    3     -0.5185355800509    0.003177483848494                    0          23.72882019
         "BPM.10R3.B2"          10240.20335                    3    0.004667790585328     0.01009800470569                    0          23.80898987
         "BPM.11R3.B2"          10292.98604                    3     0.08175472430489    0.002493413667802                    0          23.91301021
         "BPM.12R3.B2"          10347.71253                    3      0.3533650148113    0.006841404831394                    0          24.02559987
         "BPM.13R3.B2"          10401.16401                    3   0.0007287603018703    0.001113502633388                    0           24.1605082
         "BPM.14R3.B2"          10454.61549                    3      0.2316886945447    0.002880407708967                    0          24.27101813
         "BPM.15R3.B2"          10508.06698                    3      -3.187962957548    0.003383911199974                    0          24.40292915
         "BPM.16R3.B2"          10561.51846                    3     -0.1544152603057    0.003733121955676                    0          24.51677619
         "BPM.17R3.B2"          10614.96995                    3     -0.1510954929668    0.001014953385631                    0          24.65275356
         "BPM.18R3.B2"          10668.42143                    3    -0.08269902409204    0.008512936533145                    0          24.76343175
         "BPM.19R3.B2"          10721.87291                    3    0.008235785383263    0.004069114535599                    0           24.8951692
         "BPM.20R3.B2"           10775.3244                    3      -0.403371713831    0.006006775031225                    0          25.00883226
         "BPM.21R3.B2"          10828.77588                    3       0.583737541483    0.001903254553018                    0          25.14498132
         "BPM.22R3.B2"          10882.22737                    3      -0.689720917626    0.006630116274645                    0          25.25584252
         "BPM.23R3.B2"          10935.67885                    3      0.6118354860921    0.005088455309341                    0           25.3879172
         "BPM.24R3.B2"          10989.13033                    3      -1.168639982566    0.003901371282519                    0          25.49883183
         "BPM.25R3.B2"          11042.58182                    3      0.1672726003468    0.004070821705233                    0          25.63094716
         "BPM.26R3.B2"           11096.0333                    3    -0.09425276029951    0.007823476458104                    0          25.74181134
         "BPM.27R3.B2"          11149.48479                    3      -2.057906920823    0.004238962178842                    0           25.8738809
         "BPM.28R3.B2"          11202.93627                    3     -0.2130112977071    0.003530737607925                    0          25.98479203
         "BPM.29R3.B2"          11256.38775                    3      0.2263472552336    0.004209884715662                    0          26.11691212
         "BPM.30R3.B2"          11309.83924                    3      0.1214237439641    0.002811986406918                    0          26.22778017
         "BPM.31R3.B2"          11363.29072                    3      0.1934082441619     0.00533319062636                    0          26.35984537
         "BPM.32R3.B2"          11416.74221                    3     -0.2883688994728    0.005543168809672                    0          26.47075229
         "BPM.33R3.B2"          11470.19369                    3     -0.0470175516426    0.005736055512138                    0          26.60287631
         "BPM.34R3.B2"          11523.64518                    3     -0.2422365205345     0.00332319414959                    0          26.71374888
         "BPM.33L4.B2"          11577.09666                    3    -0.07927936382652     0.00220599483492                    0          26.84581059
         "BPM.32L4.B2"          11630.54814                    3      0.1804979165289    0.004005720364058                    0          26.95671273
         "BPM.31L4.B2"          11683.99963                    3     0.02175738109512    0.003426338360521                    0          27.08883976
         "BPM.30L4.B2"          11737.45111                    3      0.3063115199853    0.004599774447252                    0          27.19971733
         "BPM.29L4.B2"           11790.9026                    3     0.04728556608233    0.007988574277759                    0          27.33177655
         "BPM.28L4.B2"          11844.35408                    3    -0.02676370761724    0.003208993279012                    0           27.4426735
         "BPM.27L4.B2"          11897.80556                    3     -0.3104735079667    0.003681567437381                    0          27.57480248
         "BPM.26L4.B2"          11951.25705                    3      0.2717728528164     0.00931438889106                    0          27.68568541
         "BPM.25L4.B2"          12004.70853                    3     -0.1839400293496    0.005144482150778                    0          27.81774321
         "BPM.24L4.B2"          12058.16002                    3    -0.06623873329353     0.01059422470672                    0          27.92863469
         "BPM.23L4.B2"           12111.6115                    3      0.2424719144256    0.004600079038457                    0          28.06076455
         "BPM.22L4.B2"          12165.06298                    3     -0.1574762732721    0.007698256379167                    0          28.17165299
         "BPM.21L4.B2"          12218.51447                    3      0.1820957432338    0.004022756303843                    0          28.30371049
         "BPM.20L4.B2"          12271.96595                    3     0.09913176761088    0.005847157872889                    0          28.41759533
         "BPM.19L4.B2"          12325.41744                    3     -0.3199495016175    0.004843558280868                    0          28.55342457
         "BPM.18L4.B2"          12378.86892                    3      0.2867490379767      0.0028869085243                    0          28.66406296
         "BPM.17L4.B2"          12432.32041                    3      -0.204232866011    0.001450692744739                    0          28.79594188
         "BPM.16L4.B2"          12485.77189                    3     -0.1152346366895    0.004712938078659                    0          28.90965519
         "BPM.15L4.B2"          12539.22337                    3      0.2754632526979     0.00453831778134                    0          29.04566101
         "BPM.14L4.B2"          12592.67486                    3     -0.1895746968823    0.007429930020748                    0          29.15647048
         "BPM.13L4.B2"          12646.12634                    3      0.2300346749798    0.007306280511466                    0          29.28819039
         "BPM.12L4.B2"          12699.57783                    3    -0.04078049066848    0.008630970388662                    0          29.40958759
         "BPM.11L4.B2"          12753.02931                    3     -0.1386278509817    0.003869820257132                    0           29.5539956
         "BPM.10L4.B2"             12804.87                    3      0.3617406788193     0.01034436664049                    0          29.65090995
          "BPM.9L4.B2"          12843.93699                    3     -0.2615439624306    0.006671510549642                    0          29.74461804
          "BPM.8L4.B2"          12884.40198                    3     -0.8106084198869    0.003753781941848                    0          29.81468808
          "BPM.7L4.B2"          12923.46797                    3      0.3906138009842    0.003310730878229                    0          29.89080998
        "BPMYA.6L4.B2"          13020.07197                    3     0.04815436021972     0.00365370340697                    0          29.98241631
        "BPMYB.5L4.B2"          13057.07197                    3     0.06735616186582    0.005848065996865                    0          30.00486582
       "BPMWA.B5L4.B2"          13159.46247                    3      -0.156296371812    0.004237939098218                    0          30.04420247
       "BPMWA.A5L4.B2"          13168.34747                    3      0.6535821667382    0.001629017581586                    0          30.04841466
       "BPMWA.A5R4.B2"          13216.39647                    3      0.1087557666668    0.007452218333817                    0          30.07355852
       "BPMWA.B5R4.B2"          13225.28147                    3      0.3953097375506    0.005276328651131                    0          30.07862861
        "BPMYA.5R4.B2"          13327.74797                    3      0.4661445628475    0.004437906019032                    0          30.14316433
        "BPMYB.6R4.B2"          13359.31197                    3      0.3680008893914    0.007434022488906                    0          30.15510903
          "BPM.7R4.B2"          13455.82797                    3     -0.4450164560033    0.005925478506198                    0          30.34617002
          "BPM.8R4.B2"          13493.61896                    3      0.2518461919569    0.006849198468951                    0          30.54163863
          "BPM.9R4.B2"          13532.68595                    3     -0.5917494099113    0.002657777866249                    0          30.61751707
         "BPM.10R4.B2"          13573.15094                    3    -0.09890292745442     0.01204660459303                    0          30.69843721
         "BPM.11R4.B2"          13624.99162                    3      0.2965188905833    0.007783485066171                    0          30.79934987
         "BPM.12R4.B2"          13679.71811                    3     0.02592849636048    0.008202060733422                    0          30.93660616
         "BPM.13R4.B2"          13733.16959                    3     -0.4845904796732    0.004595778222183                    0          31.05325049
         "BPM.14R4.B2"          13786.62108                    3      0.4477144362164    0.005564850974482                    0          31.18941437
         "BPM.15R4.B2"          13840.07256                    3     -0.2173641431313    0.001140904388527                    0          31.30325327
         "BPM.16R4.B2"          13893.52405                    3      0.2211672891935    0.004153887984711                    0          31.43940903
         "BPM.17R4.B2"          13946.97553                    3     -0.4250392005791    0.005838443736527                    0          31.55325369
         "BPM.18R4.B2"          14000.42701                    3    -0.08828469479935    0.005282240586609                    0          31.68941437
         "BPM.19R4.B2"           14053.8785                    3     0.05763762226686    0.006082423791677                    0          31.80325327
         "BPM.20R4.B2"          14107.32998                    3    -0.03091066994213    0.005350856371162                    0          31.93940903
         "BPM.21R4.B2"          14160.78147                    3    0.005869530722623    0.004601088415519                    0          32.05325369
         "BPM.22R4.B2"          14214.23295                    3      0.1194002827101    0.008751072802036                    0          32.18941437
         "BPM.23R4.B2"          14267.68443                    3      0.2406067245507    0.005332259545818                    0          32.30325327
         "BPM.24R4.B2"          14321.13592                    3    0.005012485976089    0.008427808856132                    0          32.43940903
         "BPM.25R4.B2"           14374.5874                    3    -0.09060262899417    0.003483616632885                    0          32.55325369
         "BPM.26R4.B2"          14428.03889                    3     -0.1341860580769    0.004928678572733                    0          32.68941437
         "BPM.27R4.B2"          14481.49037                    3     -0.1491797302347   0.0007818284079108                    0          32.80325327
         "BPM.28R4.B2"          14534.94185                    3     -0.1131445914595   0.0008398022252332                    0          32.93940903
         "BPM.29R4.B2"          14588.39334                    3      0.3741942546061    0.001946371323328                    0          33.05325369
         "BPM.30R4.B2"          14641.84482                    3     0.01184060955037    0.001331336166126                    0          33.18941437
         "BPM.31R4.B2"          14695.29631                    3      0.1045268980771    0.003687850516473                    0          33.30325327
         "BPM.33R4.B2"          14802.19927                    3     -0.6087567414509    0.001777645411755                    0          33.55325369
         "BPM.34R4.B2"          14855.65076                    3    -0.01174974358233    0.003070319478387                    0          33.68941437
         "BPM.33L5.B2"          14909.10224                    3    -0.07892761995573    0.005729336094878                    0          33.80325327
         "BPM.32L5.B2"          14962.55373                    3     0.06773832691829    0.001396921950986                    0          33.93940903
         "BPM.31L5.B2"          15016.00521                    3     -0.1600706215132     0.00202178914995                    0          34.05325369
         "BPM.30L5.B2"           15069.4567                    3      0.5618082790959   0.0004915270347475                    0          34.18941437
         "BPM.29L5.B2"          15122.90818                    3     -0.9613192530586    0.002144750447847                    0          34.30325327
         "BPM.28L5.B2"          15176.35966                    3       0.649516982388    0.003002024762604                    0          34.43940903
         "BPM.27L5.B2"          15229.81115                    3      -1.020606173539    0.001487319600844                    0          34.55325369
         "BPM.26L5.B2"          15283.26263                    3      0.1671197686281    0.004194061415936                    0          34.68941437
         "BPM.25L5.B2"          15336.71412                    3     -0.3070852145152    0.002618338294173                    0          34.80325327
         "BPM.24L5.B2"           15390.1656                    3     0.04872187996032   0.0008500155840828                    0          34.93940903
         "BPM.21L5.B2"          15550.52005                    3     0.07261430828504    0.001179512857522                    0          35.30325327
         "BPM.20L5.B2"          15603.97154                    3     0.09264573979312   0.0009610137301018                    0          35.43940903
         "BPM.19L5.B2"          15657.42302                    3     -0.1157636079703    0.003398465185527                    0          35.55325369
         "BPM.18L5.B2"           15710.8745                    3    -0.02454217232991    0.001295935691315                    0          35.68941437
         "BPM.17L5.B2"          15764.32599                    3     -0.5011319916933    0.001632145284605                    0          35.80325327
         "BPM.16L5.B2"          15817.77747                    3     0.01217084806859    0.001062250242876                    0          35.93940903
         "BPM.15L5.B2"          15871.22896                    3      0.3503903997118   0.0003726168868253                    0          36.05325369
         "BPM.14L5.B2"          15924.68044                    3     0.09011694526744    0.001930553447273                    0          36.18941437
         "BPM.13L5.B2"          15978.13193                    3    -0.05907225333516    0.001742829960231                    0          36.30325327
         "BPM.12L5.B2"          16031.58341                    3      0.1774737956459    0.001544107880115                    0          36.43997158
         "BPM.11L5.B2"          16085.03489                    3     -0.2748350466352     0.00224546085951                    0          36.55983277
         "BPM.10L5.B2"          16137.81758                    3     -0.1688178850766   0.0009467931597844                    0          36.70141848
          "BPM.9L5.B2"          16176.88457                    3      0.1316995159442   0.0006063402990608                    0          36.78524801
          "BPM.8L5.B2"          16217.34956                    3     -0.1864765412841    0.001718827332591                    0          36.94720525
          "BPM.7L5.B2"          16256.41755                    3      0.4432091985483    0.002680029443662                    0           37.0639623
         "BPMR.6L5.B2"          16293.31155                    3      -0.137179427871    0.001837720870165                    0          37.16877456
          "BPM.5L5.B2"          16325.21155                    3     -0.2397759852235   0.0007358901168578                    0           37.1877193
        "BPMYA.4L5.B2"          16352.61755                    3      0.3699917989023    0.004572600757516                    0          37.19585525
        "BPMWB.4L5.B2"          16373.67605                    3      0.8593934067223    0.002393308575917                    0          37.19958646
        "BPMSY.4L5.B2"          16466.53205                    3     -0.1068194215152    0.006563664211891                    0          37.21119219
         "BPMS.2L5.B2"          16493.31755                    3      -1.301345850917    0.003661143743576                    0           37.2128973
        "BPMSW.1R5.B2"          16546.41055                    3     -0.9024886204007    0.002855534941523                    0          37.70529764
         "BPMS.2R5.B2"          16556.37555                    3       1.661977192925    0.007781989158596                    0          37.70690932
        "BPMSY.4R5.B2"          16583.16105                    3     -0.4056090543001    0.008255795464702                    0           37.7093951
        "BPMWB.4R5.B2"          16676.01705                    3      0.2258798665918    0.009412118202357                    0          37.72017576
         "BPMR.5R5.B2"          16718.19155                    3      -0.326036130065    0.006211094229837                    0          37.74869538
          "BPM.6R5.B2"          16750.09155                    3     -0.1619353565085    0.007704365405836                    0          37.94241516
        "BPMRA.7R5.B2"          16784.10555                    3       -0.19034504063     0.01419191596137                    0          38.15448557
          "BPM.8R5.B2"          16825.54256                    3      0.5507754041891    0.006449171895175                    0          38.27302372
          "BPM.9R5.B2"          16864.60757                    3     -0.2763343649312     0.01289960951889                    0          38.47225943
         "BPM.10R5.B2"          16905.07058                    3      0.1798881136485     0.00283124719935                    0          38.57840811
         "BPM.11R5.B2"          16957.85129                    3     -0.2712146204813     0.01039647749923                    0          38.72816802
         "BPM.12R5.B2"          17012.57481                    3     -0.2263984769883    0.004030333201966                    0          38.82502975
         "BPM.13R5.B2"          17066.02333                    3     -0.1228284398451     0.00934119805147                    0          38.94062714
         "BPM.14R5.B2"          17119.47184                    3      0.5735334992407    0.003995589293923                    0          39.05446334
         "BPM.15R5.B2"          17172.92036                    3     -0.1388677207912    0.003800647299505                    0          39.19061366
         "BPM.16R5.B2"          17226.36887                    3      0.4089467629879    0.006161941264437                    0          39.30444481
         "BPM.17R5.B2"          17279.81739                    3   -0.009806968016891     0.01074217086479                    0           39.4405903
         "BPM.18R5.B2"           17333.2659                    3    -0.01951125095545    0.009630686062685                    0          39.55442728
         "BPM.19R5.B2"          17386.71442                    3     -0.1561691820874     0.02216654288861                    0          39.69057761
         "BPM.20R5.B2"          17440.16294                    3     -0.2475849800429     0.00750609769862                    0          39.80440875
         "BPM.21R5.B2"          17493.61145                    3     0.09904574720624     0.01514240029152                    0          39.94055425
         "BPM.22R5.B2"          17547.05997                    3     0.04550465255694    0.003914872430312                    0          40.05439122
         "BPM.23R5.B2"          17600.50848                    3      0.1111438527719    0.009585962491325                    0          40.19054155
         "BPM.24R5.B2"            17653.957                    3      0.1574918916856    0.004519625446264                    0           40.3043727
         "BPM.25R5.B2"          17707.40552                    3      0.1021099222855    0.009426497927875                    0          40.44051819
         "BPM.26R5.B2"          17760.85403                    3     -0.2356387949302    0.000664271137515                    0          40.55435517
         "BPM.27R5.B2"          17814.30255                    3     -0.2325985933042   0.0006003939232461                    0          40.69050549
         "BPM.28R5.B2"          17867.75106                    3      0.1985523525166    0.005116983652962                    0          40.80433664
         "BPM.29R5.B2"          17921.19958                    3     0.01867148238412    0.007153394575034                    0          40.94048213
         "BPM.30R5.B2"           17974.6481                    3     -0.2223046503361    0.004697212034928                    0          41.05431911
         "BPM.31R5.B2"          18028.09661                    3      0.2318215696586      0.0107929196832                    0          41.19046943
         "BPM.32R5.B2"          18081.54513                    3      0.1288152372528    0.007048037767217                    0          41.30430058
         "BPM.33R5.B2"          18134.99364                    3    -0.07604393385912     0.01036060782645                    0          41.44044607
         "BPM.34R5.B2"          18188.44216                    3      0.2630043247321     0.01040208894299                    0          41.55428305
         "BPM.33L6.B2"          18241.89067                    3     -0.2212063587562     0.01800231814359                    0          41.69043338
         "BPM.32L6.B2"          18295.33919                    3     -0.3018089252761     0.01436012169794                    0          41.80426453
         "BPM.31L6.B2"          18348.78771                    3      0.1297586547724     0.01440687773104                    0          41.94041002
         "BPM.30L6.B2"          18402.23622                    3     -0.2833842231945     0.03054210637066                    0          42.05424699
         "BPM.29L6.B2"          18455.68474                    3      0.2539035671022     0.02368568410242                    0          42.19039732
         "BPM.28L6.B2"          18509.13325                    3     0.01689364067828     0.03542691908991                    0          42.30422847
         "BPM.27L6.B2"          18562.58177                    3    -0.09284242283736     0.01696133680294                    0          42.44037396
         "BPM.26L6.B2"          18616.03029                    3       0.205417841055     0.02827963271244                    0          42.55421093
         "BPM.24L6.B2"          18722.92732                    3    -0.07632157088487     0.03509283278999                    0          42.80419242
         "BPM.23L6.B2"          18776.37583                    3     -0.0193319554925     0.02726401580646                    0           42.9403379
         "BPM.22L6.B2"          18829.82435                    3     -0.2698150638531     0.02796978842847                    0          43.05417487
         "BPM.21L6.B2"          18883.27287                    3      0.2940992134047     0.01691048914384                    0          43.19032521
         "BPM.20L6.B2"          18936.72138                    3   -0.002094356473621     0.01205893736523                    0          43.30415636
         "BPM.19L6.B2"           18990.1699                    3    -0.02154221336596     0.01331430938735                    0          43.44030184
         "BPM.18L6.B2"          19043.61841                    3     0.05580975607389     0.02551086371612                    0          43.55413882
         "BPM.17L6.B2"          19097.06693                    3     -0.2162917231233     0.01486912855418                    0          43.69028915
         "BPM.16L6.B2"          19150.51545                    3     0.02068293674777     0.03886778882019                    0           43.8041203
         "BPM.15L6.B2"          19203.96396                    3    -0.09286383096121     0.01835574219391                    0          43.94026579
         "BPM.14L6.B2"          19257.41248                    3     -0.2053861008354     0.03792667753442                    0          44.05410276
         "BPM.13L6.B2"          19310.86099                    3       0.311525993487     0.01963987431875                    0          44.19025309
         "BPM.12L6.B2"          19364.30951                    3    -0.02309400791044     0.02216570008762                    0           44.3085282
         "BPM.11L6.B2"          19417.75802                    3    -0.06945228467808     0.01232496742232                    0          44.44608568
         "BPM.10L6.B2"          19469.59674                    3     -0.1135770318534     0.02715694231208                    0          44.51867549
          "BPM.9L6.B2"          19508.66175                    3    -0.04869735328405    0.008557965752238                    0          44.57063279
          "BPM.8L6.B2"          19549.12476                    3     -0.3098185926618     0.02381904962483                    0          44.65358848
        "BPMYB.5L6.B2"          19646.21277                    3      0.2445466568137     0.01314189748448                    0          44.95799821
        "BPMYA.4L6.B2"          19682.61277                    3      0.2990550400387     0.03946003064517                    0          44.97143778
       "BPMSI.B4L6.B2"          19716.93327                    3     -0.1825145026186     0.01220733848856                    0          44.99949748
       "BPMSI.A4L6.B2"          19717.56827                    3     -0.2897121636538     0.08687867372661                    0          45.00008971
        "BPMSA.4L6.B2"          19810.82827                    3     -0.5398273868532     0.01152476350829                    0          45.10922724
       "BPMSX.A4R6.B2"          19995.52327                    3      0.2044370021469     0.04475631202662                    0          45.24864352
       "BPMSX.B4R6.B2"          19996.10827                    3     -0.4847025109381    0.005292543804542                    0          45.24884826
        "BPMYB.4R6.B2"          20026.21277                    3       0.619487736185     0.00513026648677                    0          45.25833002
        "BPMYA.5R6.B2"          20062.61277                    3      0.9096427707141    0.008095594068026                    0          45.27570825
          "BPM.8R6.B2"          20158.33778                    3      0.9686732518548    0.007760830562217                    0          45.37300555
          "BPM.9R6.B2"          20197.40279                    3      0.3990448751195    0.002706705002997                    0           45.5151811
         "BPM.10R6.B2"           20237.8658                    3      -0.375005141343     0.00356029476051                    0          45.73022999
         "BPM.11R6.B2"          20289.70451                    3     -0.2201714168766    0.002346987297983                    0          45.82219934
         "BPM.12R6.B2"          20344.42803                    3     0.03186797081292    0.003868424092502                    0           45.9465855
         "BPM.14R6.B2"          20451.32506                    3      0.3741647364461    0.003275050650218                    0          46.20426988
         "BPM.15R6.B2"          20504.77357                    3     -0.3236341665169    0.001707106578303                    0          46.31691468
         "BPM.16R6.B2"          20558.22209                    3      0.2015018322508   0.0009535601304985                    0          46.45209307
         "BPM.17R6.B2"          20611.67061                    3     -0.6382748375292    0.001433979409136                    0          46.56910887
         "BPM.18R6.B2"          20665.11912                    3    -0.09713130126344    0.001598389067248                    0          46.70920713
         "BPM.19R6.B2"          20718.56764                    3    0.004279711886263    0.004216093489172                    0          46.82172325
         "BPM.20R6.B2"          20772.01615                    3     0.09742936641073    0.002421832417278                    0          46.95705891
         "BPM.21R6.B2"          20825.46467                    3     -0.1014370330871    0.003961653239065                    0          47.07420743
         "BPM.22R6.B2"          20878.91318                    3      0.2646716021888   0.0004511673971654                    0          47.21413547
         "BPM.23R6.B2"           20932.3617                    3     -0.1755146353527    0.001570128003559                    0          47.33055273
         "BPM.24R6.B2"          20985.81022                    3      -0.147254384112    0.003804280779037                    0          47.47049084
         "BPM.25R6.B2"          21039.25873                    3     0.05643852378217   0.0007746362725053                    0          47.58689196
         "BPM.26R6.B2"          21092.70725                    3    -0.04193418171096    0.005491786369108                    0          47.72682057
         "BPM.27R6.B2"          21146.15576                    3     -0.7359745394016    0.004738968809974                    0          47.84323849
         "BPM.28R6.B2"          21199.60428                    3      0.4206999710399     0.01047698088896                    0          47.98317506
         "BPM.29R6.B2"           21253.0528                    3     -0.3775584467938    0.001414197512296                    0          48.09957563
         "BPM.30R6.B2"          21306.50131                    3      0.3174141777784    0.004447972994441                    0          48.23950583
         "BPM.31R6.B2"          21359.94983                    3    -0.04507286170168    0.001629404356039                    0          48.35592419
         "BPM.32R6.B2"          21413.39834                    3    -0.04640854748141    0.001782100698953                    0          48.49585912
         "BPM.33R6.B2"          21466.84686                    3     -0.3678004734231    0.001862355189791                    0          48.61225937
         "BPM.34R6.B2"          21520.29538                    3     -0.1496225191367    0.001308641163019                    0          48.75219124
         "BPM.33L7.B2"          21573.74389                    3      0.1002010238941     0.01215466946124                    0           48.8686098
         "BPM.32L7.B2"          21627.19241                    3     0.06453525821079      0.0145868415247                    0          49.00854306
         "BPM.31L7.B2"          21680.64092                    3      0.3429265500884     0.01325546523764                    0           49.1249432
         "BPM.30L7.B2"          21734.08944                    3     0.04970377139634     0.01148946032539                    0          49.26487677
         "BPM.29L7.B2"          21787.53795                    3      0.3322598548986    0.004633280761795                    0          49.38129531
         "BPM.28L7.B2"          21840.98647                    3     -0.1973866795895    0.007412303033207                    0          49.52122687
         "BPM.27L7.B2"          21894.43499                    3      -0.202384919162    0.009503697160582                    0          49.63762716
         "BPM.26L7.B2"           21947.8835                    3     -0.0897502025706     0.01395953690417                    0           49.7775624
         "BPM.25L7.B2"          22001.33202                    3    -0.05402607638164     0.01541646715905                    0          49.89398069
         "BPM.24L7.B2"          22054.78053                    3      0.3988334329845     0.02223685745017                    0           50.0339106
         "BPM.23L7.B2"          22108.22905                    3     -0.3342522770695     0.01538191266825                    0          50.15031125
         "BPM.22L7.B2"          22161.67757                    3      0.3563884292187     0.02128052677639                    0          50.29024811
         "BPM.21L7.B2"          22215.12608                    3    -0.03040094732413     0.01561014154671                    0          50.40666592
         "BPM.20L7.B2"           22268.5746                    3    -0.06366973069702     0.02046631531805                    0           50.5475011
         "BPM.19L7.B2"          22322.02311                    3     -0.2381905768989     0.01100843484516                    0          50.66055856
         "BPM.18L7.B2"          22375.47163                    3     0.06927076636487     0.02212102834567                    0          50.79517457
         "BPM.17L7.B2"          22428.92015                    3     -0.2829219990785    0.006069286703971                    0          50.91176414
         "BPM.16L7.B2"          22482.36866                    3      0.3100254263962     0.01245299064142                    0          51.05246852
         "BPM.15L7.B2"          22535.81718                    3      0.0933443812219    0.005851757847613                    0          51.16536582
         "BPM.14L7.B2"          22589.26569                    3      0.2295823537771     0.02442643824573                    0          51.30011009
         "BPM.13L7.B2"          22642.71421                    3     -0.1297216505101    0.005721666442269                    0          51.41686482
         "BPM.12L7.B2"          22696.16273                    3     0.04211187795122     0.02004818215378                    0          51.55690504
         "BPM.11L7.B2"          22749.61124                    3     -0.2683398231721     0.01127088857094                    0          51.65824284
         "BPM.10L7.B2"          22802.39195                    3     -0.1769092872372      0.0215045081736                    0          51.77349213
          "BPM.9L7.B2"          22841.45696                    3   -0.008445077708953    0.007241890077718                    0          51.83524193
          "BPM.8L7.B2"          22881.91997                    3      0.3736574090515     0.02493134361359                    0          51.91790965
          "BPM.7L7.B2"          22920.98398                    3     -0.3051464223692     0.01525877465791                    0           51.9794933
         "BPMR.6L7.B2"          22955.80198                    3     -0.7487134621828     0.02336907817482                    0          52.04174379
        "BPMWC.6L7.B2"          22967.98048                    3      0.9568281413838     0.01460824430238                    0          52.05305493
        "BPMWE.5L7.B2"          23045.03448                    3      0.2566547092996     0.01045597711247                    0          52.22337875
         "BPMW.5L7.B2"          23068.23948                    3      0.4558890658205    0.006619566914764                    0          52.28462335
        "BPMWE.4L7.B2"          23103.32448                    3      0.1745880170052     0.01467572049795                    0          52.31732824
         "BPMW.4L7.B2"          23131.42948                    3     0.08848649250661    0.009494299573416                    0          52.32933144
         "BPMW.4R7.B2"          23247.47648                    3     -0.2623507794997    0.008283342766606                    0          52.48002202
        "BPMWE.4R7.B2"          23275.58148                    3    -0.02096728744132     0.01176159753796                    0          52.55085609
         "BPMW.5R7.B2"          23310.66648                    3     -0.2376997584365    0.006145490105091                    0            52.585344
        "BPMWE.5R7.B2"          23333.87148                    3     -0.1373079079037     0.01481018292646                    0          52.59677115
          "BPM.6R7.B2"          23413.01098                    3      -16.53475821583     0.02120266642306                    0          52.70938667
        "BPM_A.7R7.B2"          23451.04698                    3     -0.1798542761315     0.01790815526736                    0          52.80138028
          "BPM.8R7.B2"          23490.11099                    3     -0.1124294709791     0.01354304750935                    0          52.87835858
          "BPM.9R7.B2"            23529.176                    3    -0.01085272927999     0.02060798409641                    0          52.96109245
         "BPM.10R7.B2"          23569.63902                    3      0.1473909845784     0.01540687689537                    0          53.04443082
         "BPM.11R7.B2"          23622.41973                    3      0.1757813737168      0.0311007120233                    0          53.16668951
         "BPM.12R7.B2"          23677.14324                    3     -0.2914904310772    0.005795619122875                    0          53.27880704
         "BPM.13R7.B2"          23730.59176                    3      0.1809459353656     0.01754977748166                    0          53.40917997
         "BPM.14R7.B2"          23784.04027                    3     -0.3551965581039     0.00698863183013                    0          53.52523884
         "BPM.15R7.B2"          23837.48879                    3    -0.06683988943221     0.02461425717198                    0          53.66629092
         "BPM.16R7.B2"          23890.93731                    3     -0.2836064374378    0.005561091054445                    0          53.77968654
         "BPM.17R7.B2"          23944.38582                    3     0.06744379951488     0.01802670578727                    0          53.91408831
         "BPM.18R7.B2"          23997.83434                    3     -0.1926825312798    0.006787237850357                    0          54.03033028
         "BPM.19R7.B2"          24051.28285                    3      0.2111228568214     0.02038582739502                    0           54.1712767
         "BPM.20R7.B2"          24104.73137                    3    -0.08877440790422     0.00931724441678                    0          54.28449935
         "BPM.21R7.B2"          24158.17989                    3    -0.02064882543988      0.0184247798592                    0          54.41900574
         "BPM.22R7.B2"           24211.6284                    3    -0.01676815957122    0.009888510659646                    0          54.53542533
         "BPM.23R7.B2"          24265.07692                    3     -0.1400655730234     0.02177499931604                    0          54.67534641
         "BPM.24R7.B2"          24318.52543                    3     -0.2408431573696    0.006129484964904                    0           54.7917462
         "BPM.25R7.B2"          24371.97395                    3     0.05347039709239     0.01630219428362                    0          54.93169197
         "BPM.26R7.B2"          24425.42246                    3    -0.04059801235692    0.007279395394527                    0          55.04811002
         "BPM.27R7.B2"          24478.87098                    3      0.2198072680812     0.01069079686036                    0          55.18802943
         "BPM.28R7.B2"           24532.3195                    3     -0.2032806957917    0.003749299128953                    0          55.30443104
         "BPM.30R7.B2"          24639.21653                    3      0.1996144768746    0.001262193086483                    0          55.56079445
         "BPM.31R7.B2"          24692.66504                    3     -0.2220684569497    0.009074913504064                    0          55.70071252
         "BPM.32R7.B2"          24746.11356                    3     -0.1958396538424    0.007877778947517                    0          55.81711615
         "BPM.33R7.B2"          24799.56208                    3    0.008930956519964     0.01113051080689                    0          55.95706457
         "BPM.34R7.B2"          24853.01059                    3      0.1282944055955      0.0110630774004                    0          56.07347861
         "BPM.33L8.B2"          24906.45911                    3      0.3183884368465    0.003005668376676                    0          56.21339573
         "BPM.32L8.B2"          24959.90762                    3     -0.4325033867858    0.003150074034917                    0          56.32980151
         "BPM.31L8.B2"          25013.35614                    3      0.2319249192289    0.002871198757302                    0           56.4697507
         "BPM.30L8.B2"          25066.80466                    3     -0.4376098118367    0.001845685021708                    0          56.58616252
         "BPM.29L8.B2"          25120.25317                    3    -0.01273063917424    0.002570492122067                    0          56.72607908
         "BPM.28L8.B2"          25173.70169                    3    -0.04959427366295   0.0009224330602149                    0          56.84248712
         "BPM.27L8.B2"           25227.1502                    3    0.005286385248923    0.001900800912564                    0          56.98243665
         "BPM.26L8.B2"          25280.59872                    3      0.3015812875481    0.001248609346514                    0          57.09884619
         "BPM.25L8.B2"          25334.04723                    3     0.06618352692038    0.001024332337477                    0          57.23876262
         "BPM.24L8.B2"          25387.49575                    3      0.1199568682744    0.003111846822593                    0          57.35517295
         "BPM.23L8.B2"          25440.94427                    3    -0.08488524501445    0.004655182933363                    0          57.49512241
         "BPM.22L8.B2"          25494.39278                    3    -0.05107519119323   0.0009003405692413                    0          57.61152967
         "BPM.21L8.B2"           25547.8413                    3     -0.2065045054903    0.002542377824542                    0          57.75144638
         "BPM.19L8.B2"          25654.73833                    3      0.1220851608407   0.0001027116299501                    0          57.99935008
         "BPM.18L8.B2"          25708.18685                    3      -0.170952127569    0.001626943454031                    0          58.11662705
         "BPM.17L8.B2"          25761.63536                    3      0.2713108690181    0.004311831820423                    0          58.25636549
         "BPM.16L8.B2"          25815.08388                    3     -0.0811632861928    0.003062107902465                    0          58.36864681
         "BPM.15L8.B2"          25868.53239                    3     0.08762244582725    0.004488489278683                    0           58.5043343
         "BPM.14L8.B2"          25921.98091                    3     -0.2751082426723    0.003556714788323                    0          58.62172455
         "BPM.13L8.B2"          25975.42943                    3     -0.1033068587643    0.001739886420177                    0          58.76127598
         "BPM.12L8.B2"          26028.87794                    3     -0.2024152881386   0.0008767363278502                    0          58.87246574
         "BPM.11L8.B2"          26082.32646                    3      0.1622112093246    0.002240677770085                    0          59.00710578
         "BPM.10L8.B2"          26134.16517                    3       0.192020760215   0.0007557509821064                    0           59.1415795
          "BPM.9L8.B2"          26173.23018                    3     -0.2727990052236     0.00363660565203                    0          59.27660248
          "BPM.8L8.B2"          26213.69319                    3      0.1654966503957    0.002883506579696                    0           59.3716071
          "BPM.7L8.B2"           26252.7592                    3      0.5052142619897    0.004072417494052                    0          59.51790443
          "BPM.6L8.B2"           26285.2282                    3     -0.3169592994422    0.003377590493617                    0          59.60525375
         "BPMR.5L8.B2"           26345.6472                    3      -4.588745000963   0.0007372388522155                    0          59.70384211
        "BPMYB.4L8.B2"           26366.4142                    3      0.8651598196931     0.00163143988365                    0          59.72182001
        "BPMWB.4L8.B2"           26390.8817                    3     -0.1238272130983    0.002631471287051                    0          59.74457799
        "BPMSX.4L8.B2"           26441.0387                    3      -1.134798144563    0.004290606699001                    0           59.7668604
         "BPMS.2L8.B2"           26478.9502                    3      0.6045457969931    0.001637412574479                    0          59.78233244
        "BPMSW.1L8.B2"           26488.8842                    3       1.393454714382    0.002442214387009                    0          59.79027287
        "BPMSW.1R8.B2"           26532.0742                    3        3.96998204374    0.001960640460086                    0          60.24633438
         "BPMS.2R8.B2"           26542.0082                    3       1.417884067586    0.005135680278951                    0           60.2524847
        "BPMSX.4R8.B2"           26579.9197                    3       1.527679620883    0.007706676079092                    0          60.26603775
        "BPMWI.4R8.B2"           26630.1527                    3      0.9302557785237    0.006590619040332                    0          60.29204964
        "BPMYB.4R8.B2"           26654.5442                    3       1.278949304368    0.003242900753874                    0          60.30641893