@ GetLLMVersion %s "V3.0.0 Dev"
@ Command %s "/afs/cern.ch/work/o/omc/anaconda/bin/python '/home/jdilly/link_betabeat/GetLLM/GetLLM.py' '--accel=LHCB2' '--model=/home/jdilly/link_gui_out/2018-11-01/models/LHCB2/b2_flat_60_15cm/twiss.dat' '--files=/home/jdilly/link_gui_out/2018-11-01/LHCB2/Measurements/Beam2@Turn@2018_06_12@12_22_34_230/Beam2@Turn@2018_06_12@12_22_34_230.sdds,/home/jdilly/link_gui_out/2018-11-01/LHCB2/Measurements/Beam2@Turn@2018_06_12@12_24_51_972/Beam2@Turn@2018_06_12@12_24_51_972.sdds,/home/jdilly/link_gui_out/2018-11-01/LHCB2/Measurements/Beam2@Turn@2018_06_12@12_28_28_987/Beam2@Turn@2018_06_12@12_28_28_987.sdds,/home/jdilly/link_gui_out/2018-11-01/LHCB2/Measurements/Beam2@Turn@2018_06_12@13_01_09_523/Beam2@Turn@2018_06_12@13_01_09_523.sdds' '--output=/home/jdilly/link_gui_out/2018-11-01/LHCB2/Results/b2_MD2148_afterglobal' '--tbtana=SUSSIX' '--bpmu=mm' '--lhcphase=0' '--errordefs=/home/jdilly/link_gui_out/2018-11-01/models/LHCB2/b2_flat_60_15cm/error_deff.txt' '--calibration=/afs/cern.ch/eng/sl/lintrack/LHC_commissioning2017/Calibration_factors_2017/Calibration_factors_2017_beam2' '--range=11'"
@ CWD %s "/media/jdilly/Storage/Repositories/BetaBeatGui/beta-beating-cwd"
@ Date %s "01. November 2018, 14:49:54"
@ TABLE %s "ORBIT"
@ TYPE %s "ORBIT"
@ SEQUENCE %s "LHCB2"
@ Q1 %le 0.2679297067767941
@ Q2 %le 0.3199503306020988
@ FILES %s "/home/jdilly/link_gui_out/2018-11-01/LHCB2/Measurements/Beam2@Turn@2018_06_12@12_22_34_230/Beam2@Turn@2018_06_12@12_22_34_230.sdds.liny,/home/jdilly/link_gui_out/2018-11-01/LHCB2/Measurements/Beam2@Turn@2018_06_12@12_24_51_972/Beam2@Turn@2018_06_12@12_24_51_972.sdds.liny,/home/jdilly/link_gui_out/2018-11-01/LHCB2/Measurements/Beam2@Turn@2018_06_12@12_28_28_987/Beam2@Turn@2018_06_12@12_28_28_987.sdds.liny,/home/jdilly/link_gui_out/2018-11-01/LHCB2/Measurements/Beam2@Turn@2018_06_12@13_01_09_523/Beam2@Turn@2018_06_12@13_01_09_523.sdds.liny"
*                 NAME                    S                COUNT                    Y                 STDY                 YMDL               MUYMDL
$                   %s                  %le                  %le                  %le                  %le                  %le                  %le
        "BPMYB.5R8.B2"               16.238                    4     -0.7717174638565    0.003844077620716                    0        0.02892363191
         "BPMR.6R8.B2"              100.346                    4     -0.2103429232925     0.00192400695952                    0         0.4071359381
        "BPM_A.7R8.B2"              122.586                    4     -0.4590731669393    0.001896127264291                    0          0.447678739
          "BPM.8R8.B2"          164.0249894                    4      0.6731306130952    0.003163133897305                    0          0.775334811
          "BPM.9R8.B2"          203.0919788                    4      0.1977803881397    0.002489798245877                    0         0.8364677385
         "BPM.10R8.B2"          243.5569682                    4     -0.2745844550877     0.00388059816465                    0         0.8673824283
         "BPM.11R8.B2"          295.3976576                    4     -0.4309153946578    0.003335035878706                    0         0.8998365902
         "BPM.12R8.B2"          350.1241417                    4       0.456693677101    0.001595410689803                    0          1.061899375
         "BPM.13R8.B2"          403.5756258                    4     -0.1492766708452    0.001225772107765                    0          1.320670158
         "BPM.14R8.B2"          457.0271099                    4     0.09949942156498     0.00946039067468                    0          1.372692225
         "BPM.15R8.B2"           510.478594                    4      0.4351877179177    0.003790680616725                    0          1.404057201
         "BPM.16R8.B2"          563.9300781                    4     -0.1315562194875    0.002651096618272                    0          1.552326438
         "BPM.17R8.B2"          617.3815622                    4      -0.514701448275    0.001814171157642                    0           1.82066771
         "BPM.18R8.B2"          670.8330463                    4      0.0737843764941    0.006082407257691                    0          1.872692225
         "BPM.19R8.B2"          724.2845304                    4     -0.2545536191088    0.002434286477346                    0          1.904057201
         "BPM.20R8.B2"          777.7360145                    4      0.4616020089337    0.002739434608907                    0          2.052326438
         "BPM.21R8.B2"          831.1874986                    4      -0.449882078983    0.003352153171554                    0           2.32066771
         "BPM.22R8.B2"          884.6389827                    4      0.3506766633105     0.00668426532751                    0          2.372692225
         "BPM.23R8.B2"          938.0904667                    4     -0.1617799653483    0.005142866068388                    0          2.404057201
         "BPM.24R8.B2"          991.5419508                    4     0.04728394361845    0.002820089664144                    0          2.552326438
         "BPM.25R8.B2"          1044.993435                    4     -0.4809323123495    0.001322963898593                    0           2.82066771
         "BPM.26R8.B2"          1098.444919                    4     -0.1783995812795     0.01097299991327                    0          2.872692225
         "BPM.27R8.B2"          1151.896403                    4      0.2401625894535    0.003110403067371                    0          2.904057201
         "BPM.29R8.B2"          1258.799371                    4     -0.2763611405785    0.005712141388604                    0           3.32066771
         "BPM.30R8.B2"          1312.250855                    4      0.3116094164693    0.005896882070353                    0          3.372692225
         "BPM.31R8.B2"           1365.70234                    4     -0.3310603251142    0.001987003693544                    0          3.404057201
         "BPM.32R8.B2"          1419.153824                    4      0.2052658520615    0.002895673988624                    0          3.552326438
         "BPM.33R8.B2"          1472.605308                    4      -0.719269660333     0.00259411742824                    0           3.82066771
         "BPM.34R8.B2"          1526.056792                    4    -0.03534875631883     0.01103406492358                    0          3.872692225
         "BPM.33L1.B2"          1579.508276                    4     0.04933908984917    0.006040770944082                    0          3.904057201
         "BPM.32L1.B2"           1632.95976                    4      0.4032736076438    0.002439764368088                    0          4.052326438
         "BPM.31L1.B2"          1686.411244                    4     -0.6838484199368    0.005144514392244                    0           4.32066771
         "BPM.30L1.B2"          1739.862728                    4      0.4135529702813    0.009467272246679                    0          4.372692225
         "BPM.29L1.B2"          1793.314212                    4       -0.23760523676     0.00159685553243                    0          4.404057201
         "BPM.28L1.B2"          1846.765696                    4    -0.04528390642367    0.002947594185791                    0          4.552326438
         "BPM.27L1.B2"           1900.21718                    4     -0.2716439687702      0.0055886004886                    0           4.82066771
         "BPM.26L1.B2"          1953.668665                    4     -0.1080332642504    0.008219858111597                    0          4.872692225
         "BPM.25L1.B2"          2007.120149                    4     -0.0350656028252    0.007051223354476                    0          4.904057201
         "BPM.24L1.B2"          2060.571633                    4      0.1456056078595    0.005191073057674                    0          5.052326438
         "BPM.23L1.B2"          2114.023117                    4      0.1464990335583    0.005921152624419                    0           5.32066771
         "BPM.22L1.B2"          2167.474601                    4      0.2738957562928    0.005141450512611                    0          5.372692225
         "BPM.21L1.B2"          2220.926085                    4      -0.502957901411    0.003107495485884                    0          5.404057201
         "BPM.20L1.B2"          2274.377569                    4     0.04044637747148    0.004823562353233                    0          5.552326438
         "BPM.19L1.B2"          2327.829053                    4     -0.4651756641053    0.006564294865004                    0           5.82066771
         "BPM.18L1.B2"          2381.280537                    4     0.01714786164492    0.009385077292584                    0          5.872692225
         "BPM.17L1.B2"          2434.732021                    4      -0.153802992464    0.006118919864083                    0          5.904057201
         "BPM.16L1.B2"          2488.183506                    4       0.346159309985    0.003905084707703                    0          6.052326438
         "BPM.15L1.B2"           2541.63499                    4     -0.4013997333193    0.005358241703476                    0           6.32066771
         "BPM.14L1.B2"          2595.086474                    4       0.256543227829    0.005989967808428                    0          6.372692225
         "BPM.13L1.B2"          2648.537958                    4    -0.02835140003105    0.003171928320803                    0          6.404057201
         "BPM.12L1.B2"          2701.989442                    4      -0.160423331121    0.001162664416475                    0          6.554146835
         "BPM.11L1.B2"          2755.440926                    4      -0.195878252838    0.008840953777535                    0           6.82513072
         "BPM.10L1.B2"          2808.223615                    4        0.34134140299     0.01269472641164                    0          6.875717015
          "BPM.9L1.B2"          2847.290605                    4       -1.07593666246     0.01058217693254                    0          6.898119912
          "BPM.8L1.B2"          2887.755594                    4      0.1985305371182    0.002754193658228                    0          7.079208335
          "BPM.7L1.B2"          2926.823584                    4      0.1656299265632    0.007248807338379                    0          7.327720604
        "BPMSX.7L1.B2"          2957.502084                    4      0.2920479929492      0.0134476968918                    0          7.365679902
         "BPMR.6L1.B2"          2970.007584                    4      0.4362229614945     0.00831532011004                    0          7.368632709
          "BPM.5L1.B2"          3001.907584                    4      -0.238889182634    0.007705306971279                    0          7.372892286
        "BPMYA.4L1.B2"          3023.025584                    4      0.2063712682722     0.01488840007019                    0          7.374320036
        "BPMWB.4L1.B2"          3044.082084                    4      0.2031428124727     0.01795345012092                    0          7.375257631
        "BPMSY.4L1.B2"          3136.938084                    4     -0.4187183224557     0.02287173498742                    0          7.378161867
         "BPMS.2L1.B2"          3163.723584                    4     -0.3018715075792     0.03055022177727                    0          7.378588174
        "BPMSW.1L1.B2"          3173.673584                    4      -0.339048881808     0.01208077067493                    0          7.378901184
        "BPMSW.1R1.B2"          3216.816584                    4    0.009756159019855     0.02217274964855                    0          7.876688163
         "BPMS.2R1.B2"          3226.781584                    4       0.434407674104     0.02857883609573                    0          7.877091226
        "BPMSY.4R1.B2"          3253.567084                    4     -0.5205690362308     0.03159468553029                    0           7.87771265
        "BPMWB.4R1.B2"          3346.423084                    4     -0.1272366169415      0.0120999797962                    0          7.880410964
        "BPMYA.4R1.B2"          3367.479584                    4      0.1725594265975     0.01430833143178                    0          7.882727794
         "BPMR.5R1.B2"          3394.887584                    4     -0.3311447384165     0.01357398290568                    0          7.890337517
          "BPM.6R1.B2"          3426.787584                    4     -0.3875416034312    0.006345952940764                    0          8.311767813
        "BPMRA.7R1.B2"          3454.511584                    4      0.3255682974695    0.006922351091396                    0          8.363443995
          "BPM.8R1.B2"          3495.948594                    4       0.293211243366    0.004852472268981                    0          8.394447543
          "BPM.9R1.B2"          3535.013605                    4      -0.337327016055     0.01408384990431                    0          8.676499481
         "BPM.10R1.B2"          3575.476615                    4      -0.118939762025    0.003883229000258                    0          8.835731835
         "BPM.11R1.B2"          3628.257326                    4     0.04758270430072     0.01682488971918                    0           8.88242468
         "BPM.12R1.B2"          3682.980842                    4     -0.1901892793475    0.006260805757443                    0          8.912447765
         "BPM.13R1.B2"          3736.429358                    4      0.1775748799397     0.01027055391988                    0          9.056292608
         "BPM.14R1.B2"          3789.877874                    4     -0.1969976719228    0.002708992462841                    0          9.321521893
         "BPM.15R1.B2"           3843.32639                    4      0.3137106312268    0.007450926627333                    0          9.372996352
         "BPM.16R1.B2"          3896.774906                    4     -0.4312031020217    0.003554136134576                    0          9.404477567
         "BPM.17R1.B2"          3950.223421                    4    -0.06607301084635    0.005354559692794                    0          9.556171348
         "BPM.18R1.B2"          4003.671937                    4    -0.00765996119848    0.007862027334809                    0           9.82149666
         "BPM.19R1.B2"          4057.120453                    4     0.00969572452781     0.01877963189761                    0          9.872987216
         "BPM.20R1.B2"          4110.568969                    4     -0.1518744510995     0.01414267434726                    0           9.90446479
         "BPM.21R1.B2"          4164.017485                    4      0.1865469622547     0.01661767437117                    0          10.05605272
         "BPM.22R1.B2"          4217.466001                    4    -0.04477017156105    0.006889208625814                    0          10.32147141
         "BPM.23R1.B2"          4270.914517                    4      0.2789873700385    0.007552385394011                    0          10.37297808
         "BPM.24R1.B2"          4324.363033                    4     -0.4719481114718    0.004760258114887                    0          10.40445202
         "BPM.25R1.B2"          4377.811549                    4     -0.0447418158538    0.005969595451542                    0          10.55593418
         "BPM.26R1.B2"          4431.260065                    4      0.1008349683144    0.002580758907164                    0          10.82144615
         "BPM.27R1.B2"           4484.70858                    4     -0.1650206758093     0.01044169886105                    0          10.87296894
         "BPM.28R1.B2"          4538.157096                    4     0.09846888380393    0.003843017622032                    0          10.90443925
         "BPM.29R1.B2"          4591.605612                    4      0.1305977641255    0.006351838927006                    0          11.05581571
         "BPM.30R1.B2"          4645.054128                    4     -0.1222653825398     0.00742355363527                    0          11.32142088
         "BPM.31R1.B2"          4698.502644                    4     0.04003753158363    0.008211334026325                    0          11.37295981
         "BPM.32R1.B2"           4751.95116                    4     0.01984735066913    0.007304273556247                    0          11.40442648
         "BPM.33R1.B2"          4805.399676                    4      -0.060946561548    0.005729311992333                    0          11.55569733
         "BPM.34R1.B2"          4858.848192                    4     -0.1536982674303    0.004941525538454                    0          11.82139559
         "BPM.33L2.B2"          4912.296708                    4     -0.0930378289166     0.01083908626785                    0          11.87295067
         "BPM.32L2.B2"          4965.745224                    4    -0.04744601515152    0.004018985803238                    0          11.90441372
         "BPM.30L2.B2"          5072.642255                    4      0.1387727471532    0.003442506821507                    0          12.32137028
         "BPM.28L2.B2"          5179.539287                    4      0.2794929064103    0.005026812032763                    0          12.40440096
         "BPM.27L2.B2"          5232.987803                    4     -0.1482904775898     0.00554786768807                    0          12.55546079
         "BPM.26L2.B2"          5286.436319                    4    -0.01005471656742    0.005318314819826                    0          12.82134497
         "BPM.25L2.B2"          5339.884835                    4     -0.1543603016373     0.01105565538443                    0          12.87293239
         "BPM.24L2.B2"          5393.333351                    4      0.0701813524161    0.005101564403859                    0           12.9043882
         "BPM.23L2.B2"          5446.781867                    4     -0.1290338906095     0.00470652679772                    0          13.05534264
         "BPM.22L2.B2"          5500.230383                    4      0.5430816893177    0.005105942402655                    0          13.32131964
         "BPM.21L2.B2"          5553.678899                    4     -0.0817133315244    0.007469447602882                    0          13.37292325
         "BPM.19L2.B2"           5660.57593                    4      -0.168774227426    0.005980998567315                    0          13.55522457
         "BPM.18L2.B2"          5714.024446                    4     -0.0155971366258    0.004022019481736                    0          13.82129429
         "BPM.17L2.B2"          5767.472962                    4    -0.06946739746443    0.008267509596831                    0          13.87291411
         "BPM.16L2.B2"          5820.921478                    4    -0.07699978457218    0.007162184706999                    0           13.9043627
         "BPM.15L2.B2"          5874.369994                    4      0.0551793580926    0.006087973229969                    0          14.05510658
         "BPM.14L2.B2"           5927.81851                    4      0.3391660971013     0.00488416973195                    0          14.32126893
         "BPM.12L2.B2"          6034.715542                    4      -0.227884404118    0.004433843045561                    0          14.40189928
         "BPM.11L2.B2"          6088.164058                    4     -0.1207111023028    0.007061724763189                    0          14.51264543
         "BPM.10L2.B2"          6140.002768                    4       0.213076258004    0.003671911948632                    0          14.79826045
          "BPM.9L2.B2"          6179.067779                    4     0.05928892502327    0.005742710113978                    0          14.85355138
          "BPM.8L2.B2"          6219.530789                    4     -0.6115610770555    0.003724158028661                    0          14.90244347
          "BPM.6L2.B2"            6290.7028                    4      0.4364022443187    0.006752332899048                    0          15.33511404
        "BPMYB.5L2.B2"            6362.9018                    4       0.321760174674    0.006682756242298                    0          15.46038402
        "BPMYB.4L2.B2"            6383.4718                    4     -0.2081603557897    0.009811740825466                    0          15.48746862
        "BPMWB.4L2.B2"            6407.8633                    4      0.0846783519604    0.004227737115168                    0          15.53860299
        "BPMSX.4L2.B2"            6458.0963                    4     -0.9843638194873     0.01019866993955                    0          15.60782417
         "BPMS.2L2.B2"            6496.0078                    4      -0.053718327211    0.006147042687735                    0          15.65823508
        "BPMSW.1L2.B2"            6505.9418                    4       0.555787958743    0.003810563424029                    0           15.6816621
        "BPMSW.1R2.B2"            6549.1318                    4       2.180088646935    0.003530189030641                    0          16.04359974
         "BPMS.2R2.B2"            6559.0658                    4       1.390200264157    0.006112544616489                    0          16.06154864
        "BPMSX.4R2.B2"            6596.9773                    4      0.6875982796137     0.00770593918334                    0           16.1050853
        "BPMWB.4R2.B2"            6647.1343                    4      0.2084458570165    0.003378643665988                    0          16.18645308
        "BPMYB.4R2.B2"            6671.6018                    4      -6.220641839675     0.00729214259047                    0          16.22139505
          "BPM.5R2.B2"            6701.1358                    4      0.4804542548553    0.004036752894636                    0          16.31714362
         "BPMR.6R2.B2"            6774.4318                    4    -0.04076140133512     0.01078302780324                    0          16.46343544
        "BPM_A.7R2.B2"            6787.3068                    4      -0.114679094092     0.01148264239314                    0          16.47985228
          "BPM.8R2.B2"          6828.745789                    4     -0.1539586955625      0.0102490720059                    0          16.55251297
          "BPM.9R2.B2"          6867.812779                    4     -0.1620766945835     0.01063074247317                    0          16.62360877
         "BPM.10R2.B2"          6908.277768                    4       0.180635724922    0.006064986822533                    0          16.70855832
         "BPM.11R2.B2"          6960.118458                    4     -0.7039878701233    0.006827548296308                    0          16.82113166
         "BPM.12R2.B2"          7014.844942                    4      0.1162485030662    0.002220314930014                    0          16.96450841
         "BPM.13R2.B2"          7068.296426                    4       0.236122242822    0.004332399722479                    0          17.07457277
         "BPM.14R2.B2"           7121.74791                    4      0.2716601824895    0.005852909003235                    0          17.20711751
         "BPM.15R2.B2"          7175.199394                    4     -0.2540030053737    0.002317053997004                    0          17.32128562
         "BPM.16R2.B2"          7228.650878                    4      0.1106380857626    0.007559359422409                    0          17.45662604
         "BPM.17R2.B2"          7282.102362                    4     -0.2202397959467     0.00189541318643                    0          17.56697728
         "BPM.18R2.B2"          7335.553846                    4     0.01239185970899    0.007205436688679                    0          17.69931164
         "BPM.19R2.B2"           7389.00533                    4      -0.286925710108    0.006019344908811                    0          17.81334863
         "BPM.20R2.B2"          7442.456814                    4      0.1819789955927    0.001927088556611                    0          17.94889957
         "BPM.21R2.B2"          7495.908299                    4     -0.3993348963647    0.002867226221858                    0          18.05938353
         "BPM.22R2.B2"          7549.359783                    4      0.3731702366085    0.005617185727518                    0          18.19152234
         "BPM.23R2.B2"          7602.811267                    4    0.009841938287822    0.007802143272494                    0          18.30241317
         "BPM.24R2.B2"          7656.262751                    4       0.240948404062    0.005625767409097                    0           18.4344615
         "BPM.25R2.B2"          7709.714235                    4     -0.7748202754628    0.004642976562172                    0          18.54534434
         "BPM.26R2.B2"          7763.165719                    4      0.1008648478456    0.007542206920008                    0           18.6774828
         "BPM.27R2.B2"          7816.617203                    4     0.03682787085155    0.003596931978588                    0          18.78838054
         "BPM.28R2.B2"          7870.068687                    4    -0.01188121635791    0.004748611744518                    0          18.92043038
         "BPM.29R2.B2"          7923.520171                    4     -0.2113830775208    0.002584022501494                    0          19.03130643
         "BPM.30R2.B2"          7976.971655                    4      0.3966105150538    0.004449205875281                    0          19.16344269
         "BPM.32R2.B2"          8083.874624                    4       0.112480804368    0.008299980950876                    0          19.40639977
         "BPM.33R2.B2"          8137.326108                    4    -0.01626237247035    0.005076187899444                    0          19.51726941
         "BPM.34R2.B2"          8190.777592                    4    -0.04295067300822    0.008917062989775                    0          19.64940215
         "BPM.33L3.B2"          8244.229076                    4     -0.2451786480202    0.006648409105227                    0          19.76031265
         "BPM.32L3.B2"           8297.68056                    4     0.04117828143618    0.005137526424826                    0           19.8923695
         "BPM.31L3.B2"          8351.132044                    4     -0.1462044893777    0.001841028116118                    0          20.00323333
         "BPM.30L3.B2"          8404.583528                    4      0.1660951530773    0.005893276492256                    0          20.13536134
         "BPM.29L3.B2"          8458.035012                    4      0.2394102727285   0.0008560248276863                    0           20.2462773
         "BPM.28L3.B2"          8511.486496                    4     0.09508337138118    0.003135258280504                    0          20.37833943
         "BPM.27L3.B2"           8564.93798                    4    -0.08239353229653    0.003673628172504                    0          20.48919821
         "BPM.26L3.B2"          8618.389465                    4      -0.190084350326    0.006709247505342                    0          20.62132042
         "BPM.25L3.B2"          8671.840949                    4      0.2267356951895      0.0061955870728                    0          20.73224098
         "BPM.24L3.B2"          8725.292433                    4     -0.2640070991878    0.002507511922748                    0          20.86430938
         "BPM.23L3.B2"          8778.743917                    4      0.2099507822577    0.007190208653739                    0          20.97516404
         "BPM.22L3.B2"          8832.195401                    4      0.1564539084023    0.006872091116778                    0          21.10727956
         "BPM.21L3.B2"          8885.646885                    4     -0.1404343199133    0.007069950805353                    0          21.21820374
         "BPM.20L3.B2"          8939.098369                    4       0.247883252706    0.002750820233927                    0            21.349789
         "BPM.19L3.B2"          8992.549853                    4    -0.09906715448563    0.006116706314853                    0          21.46319026
         "BPM.18L3.B2"          9046.001337                    4    0.007159379738525    0.007157483975264                    0          21.59948593
         "BPM.17L3.B2"          9099.452821                    4     -0.2463240416528    0.005576287898039                    0          21.71060641
         "BPM.16L3.B2"          9152.904306                    4    -0.01089669604334    0.005683134022923                    0          21.84206718
         "BPM.15L3.B2"           9206.35579                    4     -0.2667702554767    0.004174189613959                    0          21.95526006
         "BPM.14L3.B2"          9259.807274                    4      0.1390359488755    0.004119954994752                    0          22.09167533
         "BPM.13L3.B2"          9313.258758                    4      0.2717731952225    0.004823195745902                    0          22.20300278
         "BPM.12L3.B2"          9366.710242                    4      0.1812694977707     0.00194182122798                    0          22.33957286
         "BPM.11L3.B2"          9420.161726                    4     -0.4701379990972    0.006849908452534                    0          22.45079618
         "BPM.10L3.B2"          9472.944415                    4     -0.0271955994566    0.004957308776495                    0          22.58255944
          "BPM.8L3.B2"          9552.476394                    4     -0.2661590684848    0.006590170493146                    0          22.70597866
          "BPM.7L3.B2"          9591.542384                    4     -0.1382682737813    0.008154913806067                    0          22.76074577
         "BPMR.6L3.B2"          9664.181384                    4     -0.4016797447895    0.005088948402357                    0          22.85469291
         "BPMW.5L3.B2"          9734.779884                    4       0.140888283877    0.006206611452296                    0           22.9643778
        "BPMWE.4L3.B2"          9809.907884                    4       0.451774784922     0.01113714457894                    0          23.03776263
         "BPMW.4R3.B2"          9882.417884                    4      0.1456635082395    0.004752308690484                    0           23.0841983
        "BPMWE.4R3.B2"          9909.962884                    4      0.1797864166055    0.007551901566942                    0          23.12983092
         "BPMW.5R3.B2"          9985.090884                    4      -0.184619348069    0.005514891471604                    0           23.2032642
       "BPMWE.A5R3.B2"          10013.80888                    4      0.5319044116247    0.006212540697201                    0          23.21870998
        "BPMWC.6R3.B2"          10053.62688                    4      0.7262749098908    0.007289453609343                    0          23.26154783
          "BPM.6R3.B2"          10065.78138                    4      -1.171974903032    0.009899426476168                    0          23.28777951
        "BPM_A.7R3.B2"          10121.60538                    4      0.5269477664755     0.01013517638805                    0          23.37730877
          "BPM.8R3.B2"          10160.67137                    4      0.3102324557742     0.01576863237628                    0          23.51136182
          "BPM.9R3.B2"          10199.73836                    4     -0.6040088443532     0.01024609158975                    0          23.72882019
         "BPM.10R3.B2"          10240.20335                    4   -0.005066420205203     0.01815730638453                    0          23.80898987
         "BPM.11R3.B2"          10292.98604                    4     0.02375179809255    0.006384205730543                    0          23.91301021
         "BPM.12R3.B2"          10347.71253                    4      0.3894510585338     0.01180277491327                    0          24.02559987
         "BPM.13R3.B2"          10401.16401                    4    -0.06844601577503    0.004915968947638                    0           24.1605082
         "BPM.14R3.B2"          10454.61549                    4       0.190171359344    0.009158671684776                    0          24.27101813
         "BPM.15R3.B2"          10508.06698                    4     -0.4381252567088    0.002634564341827                    0          24.40292915
         "BPM.16R3.B2"          10561.51846                    4     -0.1982771404033    0.007697627399443                    0          24.51677619
         "BPM.17R3.B2"          10614.96995                    4      -0.107016839686    0.004227898350246                    0          24.65275356
         "BPM.18R3.B2"          10668.42143                    4    -0.04326658828868     0.01014255402006                    0          24.76343175
         "BPM.19R3.B2"          10721.87291                    4    -0.09682322505285    0.007216408458336                    0           24.8951692
         "BPM.20R3.B2"           10775.3244                    4     -0.3890808141407      0.0140345654373                    0          25.00883226
         "BPM.21R3.B2"          10828.77588                    4      0.5216733612787    0.005864772238606                    0          25.14498132
         "BPM.22R3.B2"          10882.22737                    4      -0.721604990633     0.01362856913211                    0          25.25584252
         "BPM.23R3.B2"          10935.67885                    4       0.672219150998    0.009537329955487                    0           25.3879172
         "BPM.24R3.B2"          10989.13033                    4      -1.103566981372     0.01113644047499                    0          25.49883183
         "BPM.25R3.B2"          11042.58182                    4      0.1737284954795    0.007702303200676                    0          25.63094716
         "BPM.26R3.B2"           11096.0333                    4    -0.01540645841623    0.005396115466757                    0          25.74181134
         "BPM.28R3.B2"          11202.93627                    4     -0.2146979680718    0.005035569308494                    0          25.98479203
         "BPM.29R3.B2"          11256.38775                    4       0.180581808907    0.006374275508208                    0          26.11691212
         "BPM.30R3.B2"          11309.83924                    4      0.1093979183065    0.004525045857531                    0          26.22778017
         "BPM.31R3.B2"          11363.29072                    4      0.1813810367335    0.006881925303719                    0          26.35984537
         "BPM.32R3.B2"          11416.74221                    4     -0.1793410927243     0.00583481485779                    0          26.47075229
         "BPM.33R3.B2"          11470.19369                    4     0.01832977238482    0.008517536643656                    0          26.60287631
         "BPM.34R3.B2"          11523.64518                    4     -0.2507313755923    0.008872376275721                    0          26.71374888
         "BPM.33L4.B2"          11577.09666                    4     -0.1445381266972    0.003177362029532                    0          26.84581059
         "BPM.32L4.B2"          11630.54814                    4      0.1473719346765    0.003702195906955                    0          26.95671273
         "BPM.30L4.B2"          11737.45111                    4      0.2902486543113   0.0001197091802796                    0          27.19971733
         "BPM.29L4.B2"           11790.9026                    4     0.04014710025243    0.001414206133084                    0          27.33177655
         "BPM.28L4.B2"          11844.35408                    4      0.0456898560995    0.001233136393071                    0           27.4426735
         "BPM.27L4.B2"          11897.80556                    4     -0.2298824918145    0.005904714289124                    0          27.57480248
         "BPM.26L4.B2"          11951.25705                    4      0.2883041160255    0.001771583628723                    0          27.68568541
         "BPM.25L4.B2"          12004.70853                    4     -0.2434604166445    0.005927316406271                    0          27.81774321
         "BPM.24L4.B2"          12058.16002                    4     -0.0439830313703   0.0003787661324421                    0          27.92863469
         "BPM.23L4.B2"           12111.6115                    4      0.1479969800655    0.004554309579699                    0          28.06076455
         "BPM.22L4.B2"          12165.06298                    4     -0.1033235667103    0.001294685560992                    0          28.17165299
         "BPM.20L4.B2"          12271.96595                    4      0.0708743149827    0.001941242656587                    0          28.41759533
         "BPM.18L4.B2"          12378.86892                    4      0.2986444784382    0.002920632904386                    0          28.66406296
         "BPM.17L4.B2"          12432.32041                    4     -0.1477801795888     0.01023979273545                    0          28.79594188
         "BPM.16L4.B2"          12485.77189                    4     -0.1408102099435    0.001836878813292                    0          28.90965519
         "BPM.15L4.B2"          12539.22337                    4      0.1386977790487    0.005386833820976                    0          29.04566101
         "BPM.14L4.B2"          12592.67486                    4      -0.174560007698    0.002663172286021                    0          29.15647048
         "BPM.13L4.B2"          12646.12634                    4      0.3356256944165    0.006150394139023                    0          29.28819039
         "BPM.12L4.B2"          12699.57783                    4    0.008015659249528    0.002055272635442                    0          29.40958759
         "BPM.11L4.B2"          12753.02931                    4     -0.1610750912835    0.005288491501055                    0           29.5539956
         "BPM.10L4.B2"             12804.87                    4      0.3743094951947    0.004174802782757                    0          29.65090995
          "BPM.9L4.B2"          12843.93699                    4     -0.2587226637452    0.006788023203802                    0          29.74461804
          "BPM.8L4.B2"          12884.40198                    4      -0.737142444553    0.002575439174528                    0          29.81468808
          "BPM.7L4.B2"          12923.46797                    4      0.3465627835565    0.002957911753118                    0          29.89080998
        "BPMYA.6L4.B2"          13020.07197                    4      0.0138059543752    0.002301712279097                    0          29.98241631
        "BPMYB.5L4.B2"          13057.07197                    4     -0.0196055578504    0.008742222353239                    0          30.00486582
       "BPMWA.B5L4.B2"          13159.46247                    4     -0.1786277403792    0.003954300964146                    0          30.04420247
       "BPMWA.A5L4.B2"          13168.34747                    4      0.5207966661312    0.004995545816865                    0          30.04841466
       "BPMWA.A5R4.B2"          13216.39647                    4     0.01959422796958    0.006366092018959                    0          30.07355852
       "BPMWI.A5R4.B2"          13251.14547                    4       -0.31148357686    0.003849607604531                    0           30.0940453
        "BPMYA.5R4.B2"          13327.74797                    4       0.476665214172    0.004198213975466                    0          30.14316433
        "BPMYB.6R4.B2"          13359.31197                    4      0.3156247385125    0.008616894785852                    0          30.15510903
          "BPM.7R4.B2"          13455.82797                    4     -0.4384284263295    0.001831644500061                    0          30.34617002
          "BPM.8R4.B2"          13493.61896                    4       0.350867308263    0.007850938914724                    0          30.54163863
          "BPM.9R4.B2"          13532.68595                    4     -0.5702536250868    0.003449673253203                    0          30.61751707
         "BPM.10R4.B2"          13573.15094                    4     -0.1508280362708    0.007337801960232                    0          30.69843721
         "BPM.11R4.B2"          13624.99162                    4      0.2408215148148    0.002998024912844                    0          30.79934987
         "BPM.12R4.B2"          13679.71811                    4      0.0442235477635    0.002505673185159                    0          30.93660616
         "BPM.13R4.B2"          13733.16959                    4     -0.4581764194873    0.001201079823954                    0          31.05325049
         "BPM.14R4.B2"          13786.62108                    4      0.3811447888925    0.005963964199024                    0          31.18941437
         "BPM.15R4.B2"          13840.07256                    4     -0.2200915520273    0.001844906857556                    0          31.30325327
         "BPM.16R4.B2"          13893.52405                    4       0.309663834557    0.002876248000544                    0          31.43940903
         "BPM.17R4.B2"          13946.97553                    4     -0.4106332581358    0.003192163315173                    0          31.55325369
         "BPM.18R4.B2"          14000.42701                    4    -0.08951163126848    0.006929732179203                    0          31.68941437
         "BPM.19R4.B2"           14053.8785                    4     0.02270495459572    0.002869657253382                    0          31.80325327
         "BPM.20R4.B2"          14107.32998                    4    -0.05732659199947    0.002711880410155                    0          31.93940903
         "BPM.22R4.B2"          14214.23295                    4      0.1014400954088    0.004606096894807                    0          32.18941437
         "BPM.23R4.B2"          14267.68443                    4       0.238228681392    0.001317765911219                    0          32.30325327
         "BPM.24R4.B2"          14321.13592                    4     0.08368384243938    0.002208855286693                    0          32.43940903
         "BPM.25R4.B2"           14374.5874                    4    -0.06728344351238    0.003301530026086                    0          32.55325369
         "BPM.26R4.B2"          14428.03889                    4     -0.1319919748325    0.005837861321564                    0          32.68941437
         "BPM.27R4.B2"          14481.49037                    4     -0.1703708567547    0.004895829562439                    0          32.80325327
         "BPM.28R4.B2"          14534.94185                    4      -0.134089048516    0.002771562828606                    0          32.93940903
         "BPM.29R4.B2"          14588.39334                    4      0.3442407671637    0.001984454665594                    0          33.05325369
         "BPM.30R4.B2"          14641.84482                    4    -0.00698299983313    0.005182106404682                    0          33.18941437
         "BPM.31R4.B2"          14695.29631                    4      0.1301075783943    0.001860352509242                    0          33.30325327
         "BPM.34R4.B2"          14855.65076                    4    0.001558826265703    0.005758947527388                    0          33.68941437
         "BPM.32L5.B2"          14962.55373                    4     0.02966316586283    0.003917445314287                    0          33.93940903
         "BPM.31L5.B2"          15016.00521                    4     -0.1930379080003    0.002909152226744                    0          34.05325369
         "BPM.30L5.B2"           15069.4567                    4      0.5477733354495    0.004543414453957                    0          34.18941437
         "BPM.28L5.B2"          15176.35966                    4       0.684012242419     0.00619485391291                    0          34.43940903
         "BPM.27L5.B2"          15229.81115                    4     -0.9811451260372    0.000426760594291                    0          34.55325369
         "BPM.26L5.B2"          15283.26263                    4      0.1889346746623    0.007378714204198                    0          34.68941437
         "BPM.24L5.B2"           15390.1656                    4       0.010312620001    0.003992845052808                    0          34.93940903
         "BPM.21L5.B2"          15550.52005                    4      0.0568154247253    0.004926679756731                    0          35.30325327
         "BPM.20L5.B2"          15603.97154                    4      0.1457211258983    0.002832205190037                    0          35.43940903
         "BPM.19L5.B2"          15657.42302                    4     -0.1039389611388    0.001416878026296                    0          35.55325369
         "BPM.18L5.B2"           15710.8745                    4    0.006790385797248    0.002120348627997                    0          35.68941437
         "BPM.17L5.B2"          15764.32599                    4     -0.4657287339398    0.002254961069765                    0          35.80325327
         "BPM.16L5.B2"          15817.77747                    4    -0.05214677894845     0.00249438518482                    0          35.93940903
         "BPM.15L5.B2"          15871.22896                    4      0.3352199440162     0.00201640279061                    0          36.05325369
         "BPM.14L5.B2"          15924.68044                    4      0.0989586330299    0.006467764352496                    0          36.18941437
         "BPM.12L5.B2"          16031.58341                    4      0.2067257729525    0.004287233456254                    0          36.43997158
         "BPM.11L5.B2"          16085.03489                    4     -0.2602814341412    0.001928453788949                    0          36.55983277
         "BPM.10L5.B2"          16137.81758                    4     -0.1055364365049     0.00514733853366                    0          36.70141848
          "BPM.9L5.B2"          16176.88457                    4      0.1038765814692     0.00237635891273                    0          36.78524801
          "BPM.8L5.B2"          16217.34956                    4     -0.2862375548195    0.001300401883957                    0          36.94720525
          "BPM.7L5.B2"          16256.41755                    4      0.4427710629353     0.00445502081999                    0           37.0639623
          "BPM.5L5.B2"          16325.21155                    4      -0.121988972467     0.01004646403864                    0           37.1877193
        "BPMYA.4L5.B2"          16352.61755                    4      0.5522955320682    0.009614948517171                    0          37.19585525
        "BPMWB.4L5.B2"          16373.67605                    4       0.946010807265     0.01416238017004                    0          37.19958646
         "BPMS.2L5.B2"          16493.31755                    4      -1.415722429927     0.02014080884284                    0           37.2128973
        "BPMSW.1R5.B2"          16546.41055                    4     -0.7335093735847    0.009101704763693                    0          37.70529764
         "BPMS.2R5.B2"          16556.37555                    4       1.831054888898     0.01756282958483                    0          37.70690932
        "BPMSY.4R5.B2"          16583.16105                    4      -0.231994555319     0.01901262729382                    0           37.7093951
        "BPMWB.4R5.B2"          16676.01705                    4       0.154924667203     0.01622250464417                    0          37.72017576
         "BPMR.5R5.B2"          16718.19155                    4      -0.526757832005    0.006110494009265                    0          37.74869538
        "BPMRA.7R5.B2"          16784.10555                    4     -0.2675186835072     0.01351513106349                    0          38.15448557
          "BPM.8R5.B2"          16825.54256                    4       0.519807918635    0.003706975850593                    0          38.27302372
          "BPM.9R5.B2"          16864.60757                    4      -0.255935710095    0.007103626992088                    0          38.47225943
         "BPM.10R5.B2"          16905.07058                    4      0.1852341367878    0.004155921608505                    0          38.57840811
         "BPM.11R5.B2"          16957.85129                    4     -0.2892849528975    0.006131283933039                    0          38.72816802
         "BPM.12R5.B2"          17012.57481                    4     -0.2049896368173    0.003613907102136                    0          38.82502975
         "BPM.13R5.B2"          17066.02333                    4     -0.1780249532755    0.006608320486565                    0          38.94062714
         "BPM.14R5.B2"          17119.47184                    4      0.5166968585725    0.003901749634915                    0          39.05446334
         "BPM.16R5.B2"          17226.36887                    4      0.4005467451225    0.003405258464311                    0          39.30444481
         "BPM.17R5.B2"          17279.81739                    4      0.0616346100718    0.003103920692733                    0           39.4405903
         "BPM.19R5.B2"          17386.71442                    4     -0.1090683839249     0.01126802115323                    0          39.69057761
         "BPM.20R5.B2"          17440.16294                    4     -0.2666643978035    0.005479033620136                    0          39.80440875
         "BPM.21R5.B2"          17493.61145                    4     0.05472722162725    0.005932361077696                    0          39.94055425
         "BPM.22R5.B2"          17547.05997                    4      0.0381475912185    0.003170043854046                    0          40.05439122
         "BPM.23R5.B2"          17600.50848                    4      0.1201733446587    0.008797182496264                    0          40.19054155
         "BPM.25R5.B2"          17707.40552                    4      0.1963023904182    0.004107204143242                    0          40.44051819
         "BPM.27R5.B2"          17814.30255                    4      -0.192230092216    0.006281778680695                    0          40.69050549
         "BPM.28R5.B2"          17867.75106                    4        0.19318858787     0.00513520495883                    0          40.80433664
         "BPM.29R5.B2"          17921.19958                    4    -0.05743891513765    0.001536101189842                    0          40.94048213
         "BPM.31R5.B2"          18028.09661                    4      0.2207722595615    0.003226175249431                    0          41.19046943
         "BPM.32R5.B2"          18081.54513                    4      0.1250593965692    0.004334673050051                    0          41.30430058
         "BPM.33R5.B2"          18134.99364                    4   -0.005287525669763    0.005294104852924                    0          41.44044607
         "BPM.34R5.B2"          18188.44216                    4      0.3207448763768    0.005871049325635                    0          41.55428305
         "BPM.33L6.B2"          18241.89067                    4     -0.0805582451126    0.008169092948884                    0          41.69043338
         "BPM.32L6.B2"          18295.33919                    4     -0.3183333066235    0.001855118161509                    0          41.80426453
         "BPM.31L6.B2"          18348.78771                    4      0.1467578577635    0.001804943986394                    0          41.94041002
         "BPM.30L6.B2"          18402.23622                    4      -0.316962545078    0.002453803490516                    0          42.05424699
         "BPM.29L6.B2"          18455.68474                    4       0.348546404971    0.008615022479619                    0          42.19039732
         "BPM.28L6.B2"          18509.13325                    4      0.0532538385164    0.001687209710892                    0          42.30422847
         "BPM.27L6.B2"          18562.58177                    4     0.05214874836533   0.0005932816464041                    0          42.44037396
         "BPM.26L6.B2"          18616.03029                    4      0.2690864107692   0.0004828944764041                    0          42.55421093
         "BPM.24L6.B2"          18722.92732                    4   -0.009555495693922    0.002416896080219                    0          42.80419242
         "BPM.23L6.B2"          18776.37583                    4     0.00841748546128    0.003147505408062                    0           42.9403379
         "BPM.20L6.B2"          18936.72138                    4     0.04010882435652    0.001711324050716                    0          43.30415636
         "BPM.19L6.B2"           18990.1699                    4      0.1323750950658    0.003328505135789                    0          43.44030184
         "BPM.18L6.B2"          19043.61841                    4       0.144799756709    0.003857765546204                    0          43.55413882
         "BPM.17L6.B2"          19097.06693                    4     -0.1634382964165    0.006395854515904                    0          43.69028915
         "BPM.16L6.B2"          19150.51545                    4      0.1024223270755    0.003156984790713                    0           43.8041203
         "BPM.15L6.B2"          19203.96396                    4    -0.03627398533045    0.003899039024588                    0          43.94026579
         "BPM.14L6.B2"          19257.41248                    4     -0.2080081783235     0.00169461870925                    0          44.05410276
         "BPM.13L6.B2"          19310.86099                    4      0.3336601843865    0.004272541663212                    0          44.19025309
         "BPM.11L6.B2"          19417.75802                    4      0.1988477374282    0.003219789958594                    0          44.44608568
         "BPM.10L6.B2"          19469.59674                    4      -0.030114048627    0.002344577884433                    0          44.51867549
          "BPM.8L6.B2"          19549.12476                    4     -0.3000780921495    0.003075490123464                    0          44.65358848
        "BPMYB.5L6.B2"          19646.21277                    4      0.2534057519867    0.002906137761448                    0          44.95799821
       "BPMSI.B4L6.B2"          19716.93327                    4     0.07703791630218    0.004023575915849                    0          44.99949748
       "BPMSI.A4L6.B2"          19717.56827                    4     -0.2533737672915    0.009596801810582                    0          45.00008971
        "BPMSA.4L6.B2"          19810.82827                    4     -0.4577716279745    0.005154323514812                    0          45.10922724
       "BPMSX.A4R6.B2"          19995.52327                    4      0.2324712034235    0.009492131767615                    0          45.24864352
       "BPMSX.B4R6.B2"          19996.10827                    4      -0.373530398915    0.007718267976609                    0          45.24884826
        "BPMYB.4R6.B2"          20026.21277                    4      0.7527368082955    0.007568865322123                    0          45.25833002
        "BPMYA.5R6.B2"          20062.61277                    4      0.8983852823355    0.007381242032126                    0          45.27570825
          "BPM.8R6.B2"          20158.33778                    4      0.1313639256883    0.003105313413472                    0          45.37300555
          "BPM.9R6.B2"          20197.40279                    4     0.04040875887593    0.002281619164451                    0           45.5151811
         "BPM.10R6.B2"           20237.8658                    4     -0.3696651579767     0.00463929262645                    0          45.73022999
         "BPM.11R6.B2"          20289.70451                    4     -0.2824436875432     0.00131494944205                    0          45.82219934
         "BPM.12R6.B2"          20344.42803                    4      0.1324031433475   0.0009211629310614                    0           45.9465855
         "BPM.14R6.B2"          20451.32506                    4      0.3146501204507    0.004333159667058                    0          46.20426988
         "BPM.15R6.B2"          20504.77357                    4     -0.2437695335977    0.002002397062172                    0          46.31691468
         "BPM.16R6.B2"          20558.22209                    4      0.3993584284283    0.001428767649263                    0          46.45209307
         "BPM.17R6.B2"          20611.67061                    4     -0.5368885369405    0.002905507104207                    0          46.56910887
         "BPM.18R6.B2"          20665.11912                    4     -0.0961520095358    0.004430720231784                    0          46.70920713
         "BPM.19R6.B2"          20718.56764                    4     0.04381032453075    0.003079837428497                    0          46.82172325
         "BPM.20R6.B2"          20772.01615                    4       0.114492172531   0.0007190970960976                    0          46.95705891
         "BPM.22R6.B2"          20878.91318                    4      0.2419943972535    0.005669817927466                    0          47.21413547
         "BPM.23R6.B2"           20932.3617                    4      -0.134873369003    0.002321703878711                    0          47.33055273
         "BPM.24R6.B2"          20985.81022                    4     0.03558133365125    0.002895654256378                    0          47.47049084
         "BPM.25R6.B2"          21039.25873                    4      0.1601174269155    0.001043334617749                    0          47.58689196
         "BPM.26R6.B2"          21092.70725                    4    -0.01771445660205    0.005679913924982                    0          47.72682057
         "BPM.27R6.B2"          21146.15576                    4     -0.6977336819967   0.0005349946314526                    0          47.84323849
         "BPM.28R6.B2"          21199.60428                    4      0.4193696295083    0.002496548196469                    0          47.98317506
         "BPM.29R6.B2"           21253.0528                    4      -0.371956819643    0.002008789020821                    0          48.09957563
         "BPM.30R6.B2"          21306.50131                    4      0.3404134715223    0.004289738568717                    0          48.23950583
         "BPM.31R6.B2"          21359.94983                    4   -0.001725766175419    0.001612708342806                    0          48.35592419
         "BPM.32R6.B2"          21413.39834                    4      0.1380515476305   0.0009027363415907                    0          48.49585912
         "BPM.33R6.B2"          21466.84686                    4      -0.301026857657    0.002153367507193                    0          48.61225937
         "BPM.34R6.B2"          21520.29538                    4     -0.1278455307365    0.004119584392486                    0          48.75219124
         "BPM.33L7.B2"          21573.74389                    4     0.05335589576845     0.01470065105289                    0           48.8686098
         "BPM.32L7.B2"          21627.19241                    4    -0.07791824396833     0.01543244311431                    0          49.00854306
         "BPM.31L7.B2"          21680.64092                    4      0.2649857866235     0.01221934068783                    0           49.1249432
         "BPM.30L7.B2"          21734.08944                    4    -0.01554783571806     0.01481389224531                    0          49.26487677
         "BPM.29L7.B2"          21787.53795                    4      0.3329280589843    0.007382772349217                    0          49.38129531
         "BPM.28L7.B2"          21840.98647                    4     -0.1637641988253      0.0205736384932                    0          49.52122687
         "BPM.27L7.B2"          21894.43499                    4     -0.1412952417808     0.01045649313472                    0          49.63762716
         "BPM.26L7.B2"           21947.8835                    4     -0.1686240343997     0.01446130006945                    0           49.7775624
         "BPM.25L7.B2"          22001.33202                    4     -0.1513088499645     0.01739830066114                    0          49.89398069
         "BPM.24L7.B2"          22054.78053                    4      0.2408254485382     0.02017070269606                    0           50.0339106
         "BPM.23L7.B2"          22108.22905                    4     -0.4232580389595     0.01602232059584                    0          50.15031125
         "BPM.22L7.B2"          22161.67757                    4       0.293846666239     0.02287767714928                    0          50.29024811
         "BPM.21L7.B2"          22215.12608                    4    -0.05832430054587     0.01756501019462                    0          50.40666592
         "BPM.20L7.B2"           22268.5746                    4     -0.0441495508018     0.02492520610507                    0           50.5475011
         "BPM.19L7.B2"          22322.02311                    4      -0.296038222199     0.01335795313213                    0          50.66055856
         "BPM.18L7.B2"          22375.47163                    4    -0.01776929259622     0.02118760835587                    0          50.79517457
         "BPM.17L7.B2"          22428.92015                    4     -0.3387502277413    0.007658821622708                    0          50.91176414
         "BPM.16L7.B2"          22482.36866                    4      0.1676569497535     0.01667474707535                    0          51.05246852
         "BPM.15L7.B2"          22535.81718                    4      0.0401631804552     0.01292983037842                    0          51.16536582
         "BPM.14L7.B2"          22589.26569                    4      0.1238635249203     0.03016432010167                    0          51.30011009
         "BPM.13L7.B2"          22642.71421                    4     -0.1511494481587    0.007000625616277                    0          51.41686482
         "BPM.12L7.B2"          22696.16273                    4    -0.03892401907887     0.02622911398186                    0          51.55690504
         "BPM.11L7.B2"          22749.61124                    4     -0.2260102859475     0.00899154341335                    0          51.65824284
         "BPM.10L7.B2"          22802.39195                    4     -0.1306741631682     0.01027081138157                    0          51.77349213
          "BPM.9L7.B2"          22841.45696                    4      0.1644270693943    0.009778594585353                    0          51.83524193
          "BPM.8L7.B2"          22881.91997                    4     -0.1578585665047     0.02163020886677                    0          51.91790965
          "BPM.7L7.B2"          22920.98398                    4      -0.260591687851     0.01548912953443                    0           51.9794933
         "BPMR.6L7.B2"          22955.80198                    4     -0.8485722760905     0.02263306139569                    0          52.04174379
        "BPMWC.6L7.B2"          22967.98048                    4       0.885771938752     0.01726844371671                    0          52.05305493
        "BPMWE.5L7.B2"          23045.03448                    4      0.1909915428785     0.01330084405391                    0          52.22337875
         "BPMW.5L7.B2"          23068.23948                    4      0.4444511511855     0.01107213320315                    0          52.28462335
        "BPMWE.4L7.B2"          23103.32448                    4      0.1288535159855     0.01949656774477                    0          52.31732824
         "BPMW.4L7.B2"          23131.42948                    4     0.09089543749447    0.005772950512712                    0          52.32933144
         "BPMW.4R7.B2"          23247.47648                    4     -0.1881416730053    0.003620878004428                    0          52.48002202
        "BPMWE.4R7.B2"          23275.58148                    4     0.03374942259617    0.009442628530072                    0          52.55085609
         "BPMW.5R7.B2"          23310.66648                    4      -0.108655365698    0.003873161870849                    0            52.585344
        "BPMWE.5R7.B2"          23333.87148                    4     0.01017916150705     0.01007809944057                    0          52.59677115
        "BPM_A.7R7.B2"          23451.04698                    4     -0.1698023683275    0.007967636839638                    0          52.80138028
          "BPM.8R7.B2"          23490.11099                    4    -0.09435347142253     0.01341467235733                    0          52.87835858
          "BPM.9R7.B2"            23529.176                    4     -0.0396657603842    0.008069516276439                    0          52.96109245
         "BPM.10R7.B2"          23569.63902                    4     0.07847300057178    0.008068313519868                    0          53.04443082
         "BPM.11R7.B2"          23622.41973                    4      0.1380813944797     0.01146711611465                    0          53.16668951
         "BPM.12R7.B2"          23677.14324                    4      -0.239606612875    0.005857408438364                    0          53.27880704
         "BPM.13R7.B2"          23730.59176                    4      0.2336575151903    0.009332194211125                    0          53.40917997
         "BPM.14R7.B2"          23784.04027                    4       -0.27178674646    0.003267778276675                    0          53.52523884
         "BPM.15R7.B2"          23837.48879                    4    -0.00426640497069     0.01152964291034                    0          53.66629092
         "BPM.16R7.B2"          23890.93731                    4     -0.2168219796885    0.003361470069511                    0          53.77968654
         "BPM.17R7.B2"          23944.38582                    4     0.02200856887624     0.01146358848063                    0          53.91408831
         "BPM.19R7.B2"          24051.28285                    4       0.180896729604     0.01302791880831                    0           54.1712767
         "BPM.20R7.B2"          24104.73137                    4    -0.07101403005692    0.006952145906086                    0          54.28449935
         "BPM.21R7.B2"          24158.17989                    4     0.05607501151398    0.008438320631462                    0          54.41900574
         "BPM.22R7.B2"           24211.6284                    4     0.04836219738415    0.007818068562113                    0          54.53542533
         "BPM.23R7.B2"          24265.07692                    4    -0.08578980226108    0.008453395555941                    0          54.67534641
         "BPM.24R7.B2"          24318.52543                    4      -0.220875029524    0.002645598967388                    0           54.7917462
         "BPM.25R7.B2"          24371.97395                    4   -0.003218625938845    0.008263706936056                    0          54.93169197
         "BPM.26R7.B2"          24425.42246                    4    -0.06350870726293    0.005362164791491                    0          55.04811002
         "BPM.27R7.B2"          24478.87098                    4       0.166963711741     0.01165820303582                    0          55.18802943
         "BPM.28R7.B2"           24532.3195                    4     -0.1465654207913     0.00522425442811                    0          55.30443104
         "BPM.30R7.B2"          24639.21653                    4      0.2140573860015    0.004239846167518                    0          55.56079445
         "BPM.31R7.B2"          24692.66504                    4     -0.1186999412577     0.00664149189624                    0          55.70071252
         "BPM.32R7.B2"          24746.11356                    4     -0.2875546732567    0.009199431460087                    0          55.81711615
         "BPM.33R7.B2"          24799.56208                    4     -0.0149364740074    0.005249114754995                    0          55.95706457
         "BPM.34R7.B2"          24853.01059                    4     0.09888628919945     0.01020352618934                    0          56.07347861
         "BPM.33L8.B2"          24906.45911                    4      0.2608618781803    0.002432786622952                    0          56.21339573
         "BPM.32L8.B2"          24959.90762                    4     -0.3645506744655    0.002866421552901                    0          56.32980151
         "BPM.31L8.B2"          25013.35614                    4      0.2828118217048    0.001893645403995                    0           56.4697507
         "BPM.30L8.B2"          25066.80466                    4     -0.3768839203658    0.001434297824841                    0          56.58616252
         "BPM.29L8.B2"          25120.25317                    4     0.03997607418532    0.003124641205021                    0          56.72607908
         "BPM.28L8.B2"          25173.70169                    4    -0.08917434894595    0.001186718595827                    0          56.84248712
         "BPM.27L8.B2"           25227.1502                    4    -0.07259487987668    0.002896615922305                    0          56.98243665
         "BPM.26L8.B2"          25280.59872                    4      0.2600289620065    0.002162476587788                    0          57.09884619
         "BPM.25L8.B2"          25334.04723                    4     0.05151192714847    0.003437208065239                    0          57.23876262
         "BPM.24L8.B2"          25387.49575                    4       0.116583734125    0.001126784469197                    0          57.35517295
         "BPM.23L8.B2"          25440.94427                    4    0.003501640063101    0.003371407781783                    0          57.49512241
         "BPM.22L8.B2"          25494.39278                    4    -0.02828500279285    0.001759462534997                    0          57.61152967
         "BPM.21L8.B2"           25547.8413                    4     -0.1679686528395    0.003464696095736                    0          57.75144638
         "BPM.20L8.B2"          25601.28981                    4      0.1418319947185    0.001995787316212                    0          57.86383784
         "BPM.19L8.B2"          25654.73833                    4     0.02111161301737    0.002204961380111                    0          57.99935008
         "BPM.18L8.B2"          25708.18685                    4     -0.1996037958872    0.002981267987522                    0          58.11662705
         "BPM.17L8.B2"          25761.63536                    4       0.256292611035    0.002275003468262                    0          58.25636549
         "BPM.16L8.B2"          25815.08388                    4     -0.0562314029173    0.003605498663671                    0          58.36864681
         "BPM.15L8.B2"          25868.53239                    4      0.1242957679627    0.003460959284739                    0           58.5043343
         "BPM.14L8.B2"          25921.98091                    4     -0.2222923909665    0.001813746619667                    0          58.62172455
         "BPM.13L8.B2"          25975.42943                    4     -0.0303295764203    0.002271984856231                    0          58.76127598
         "BPM.12L8.B2"          26028.87794                    4     -0.1959392261995    0.003292786870324                    0          58.87246574
         "BPM.11L8.B2"          26082.32646                    4     0.01555147874868    0.001496742786921                    0          59.00710578
         "BPM.10L8.B2"          26134.16517                    4      0.1597211226767    0.002012993252819                    0           59.1415795
          "BPM.9L8.B2"          26173.23018                    4     -0.2058405180258     0.00358908394447                    0          59.27660248
          "BPM.8L8.B2"          26213.69319                    4      0.1963687317938   0.0006404630236995                    0           59.3716071
          "BPM.7L8.B2"           26252.7592                    4      0.4714723605427    0.002281489128263                    0          59.51790443
          "BPM.6L8.B2"           26285.2282                    4     -0.3810242106263    0.003343175126913                    0          59.60525375
         "BPMR.5L8.B2"           26345.6472                    4      -4.569006158935    0.001763882279131                    0          59.70384211
        "BPMYB.4L8.B2"           26366.4142                    4       0.936898152172    0.002217714690034                    0          59.72182001
        "BPMWB.4L8.B2"           26390.8817                    4     -0.2155168546482    0.002933337412821                    0          59.74457799
        "BPMSX.4L8.B2"           26441.0387                    4      -1.718662369423     0.00207201282327                    0           59.7668604
         "BPMS.2L8.B2"           26478.9502                    4     -0.2298414197252    0.004164988258137                    0          59.78233244
        "BPMSW.1L8.B2"           26488.8842                    4      0.2997151200507    0.001644950514069                    0          59.79027287
        "BPMSW.1R8.B2"           26532.0742                    4       2.859229083223    0.003420446294022                    0          60.24633438
         "BPMS.2R8.B2"           26542.0082                    4      0.1002635706962    0.005060903350739                    0           60.2524847
        "BPMWI.4R8.B2"           26630.1527                    4      0.2898009986175    0.006361241901397                    0          60.29204964
        "BPMYB.4R8.B2"           26654.5442                    4      0.6520611616823     0.00340650395501                    0          60.30641893